[2022-08-10T14:41:26.455Z] Validating found git in: git
[2022-08-10T14:41:26.477Z] Using git 2.17.1 from git
[2022-08-10T14:41:26.621Z] > git rev-parse --git-dir [113ms]
[2022-08-10T14:41:26.628Z] Open repository: /home/kadir/IML/Quantus
[2022-08-10T14:41:29.577Z] > git ls-files --stage -- /home/kadir/IML/Quantus/test_perturbation.py [5ms]
[2022-08-10T14:41:35.278Z] > git symbolic-ref --short HEAD [5ms]
[2022-08-10T14:41:35.303Z] > git for-each-ref --format=%(refname)%00%(upstream:short)%00%(objectname)%00%(upstream:track) refs/heads/main refs/remotes/main [12ms]
[2022-08-10T14:41:35.333Z] > git for-each-ref --sort -committerdate --format %(refname) %(objectname) %(*objectname) [15ms]
[2022-08-10T14:41:35.335Z] > git remote --verbose [4ms]
[2022-08-10T14:41:35.398Z] > git config --get commit.template [2ms]
[2022-08-10T14:41:40.438Z] > git symbolic-ref --short HEAD [4ms]
[2022-08-10T14:41:40.462Z] > git for-each-ref --format=%(refname)%00%(upstream:short)%00%(objectname)%00%(upstream:track) refs/heads/main refs/remotes/main [11ms]
[2022-08-10T14:41:40.489Z] > git for-each-ref --sort -committerdate --format %(refname) %(objectname) %(*objectname) [14ms]
[2022-08-10T14:41:40.491Z] > git remote --verbose [3ms]
[2022-08-10T14:41:40.526Z] > git config --get commit.template [2ms]
[2022-08-10T14:41:45.990Z] > git ls-files --stage -- /home/kadir/IML/Quantus/start_code_server.sh [5ms]
[2022-08-10T14:41:46.006Z] > git cat-file -s 5668db81e557a87c109b0f823f272dc83eef20be [4ms]
[2022-08-10T14:41:46.853Z] > git ls-files --stage -- /home/kadir/IML/Quantus/run_server_with0_gpu.sh [6ms]
[2022-08-10T14:41:46.869Z] > git cat-file -s 577a1b852432081d4ba05836c5585855bd205d89 [4ms]
[2022-08-10T14:41:47.545Z] > git ls-files --stage -- /home/kadir/IML/Quantus/start_code_server.sh [5ms]
[2022-08-10T14:41:47.569Z] > git cat-file -s 5668db81e557a87c109b0f823f272dc83eef20be [4ms]
[2022-08-10T14:41:48.634Z] > git ls-files --stage -- /home/kadir/IML/Quantus/run_server_with0_gpu.sh [6ms]
[2022-08-10T14:41:48.651Z] > git cat-file -s 577a1b852432081d4ba05836c5585855bd205d89 [4ms]
[2022-08-10T14:41:49.380Z] > git symbolic-ref --short HEAD [7ms]
[2022-08-10T14:41:49.405Z] > git for-each-ref --format=%(refname)%00%(upstream:short)%00%(objectname)%00%(upstream:track) refs/heads/main refs/remotes/main [14ms]
[2022-08-10T14:41:49.433Z] > git for-each-ref --sort -committerdate --format %(refname) %(objectname) %(*objectname) [13ms]
[2022-08-10T14:41:49.437Z] > git remote --verbose [5ms]
[2022-08-10T14:41:49.480Z] > git config --get commit.template [3ms]
[2022-08-10T14:41:52.710Z] > git ls-files --stage -- /home/kadir/IML/Quantus/run_exp.py [8ms]
[2022-08-10T14:41:52.729Z] > git cat-file -s 09570036f6f5f55554bdb4cb385cf73ff06598d4 [7ms]
[2022-08-10T14:41:58.012Z] > git symbolic-ref --short HEAD [6ms]
[2022-08-10T14:41:58.037Z] > git for-each-ref --format=%(refname)%00%(upstream:short)%00%(objectname)%00%(upstream:track) refs/heads/main refs/remotes/main [13ms]
[2022-08-10T14:41:58.064Z] > git for-each-ref --sort -committerdate --format %(refname) %(objectname) %(*objectname) [13ms]
[2022-08-10T14:41:58.067Z] > git remote --verbose [4ms]
[2022-08-10T14:41:58.107Z] > git config --get commit.template [6ms]
[2022-08-10T14:42:01.817Z] > git ls-files --stage -- /home/kadir/IML/Quantus/test_perturbation.py [8ms]
[2022-08-10T14:42:06.585Z] > git symbolic-ref --short HEAD [5ms]
[2022-08-10T14:42:06.612Z] > git for-each-ref --format=%(refname)%00%(upstream:short)%00%(objectname)%00%(upstream:track) refs/heads/main refs/remotes/main [13ms]
[2022-08-10T14:42:06.640Z] > git for-each-ref --sort -committerdate --format %(refname) %(objectname) %(*objectname) [14ms]
[2022-08-10T14:42:06.644Z] > git remote --verbose [5ms]
[2022-08-10T14:42:06.678Z] > git config --get commit.template [3ms]
[2022-08-10T14:42:13.562Z] > git ls-files --stage -- /home/kadir/IML/Quantus/requirements_test.txt [6ms]
[2022-08-10T14:42:13.580Z] > git cat-file -s 726713ab0433ed362059359107484f839f7132d7 [5ms]
[2022-08-10T14:42:15.324Z] > git symbolic-ref --short HEAD [21ms]
[2022-08-10T14:42:15.382Z] > git for-each-ref --format=%(refname)%00%(upstream:short)%00%(objectname)%00%(upstream:track) refs/heads/main refs/remotes/main [26ms]
[2022-08-10T14:42:15.408Z] > git for-each-ref --sort -committerdate --format %(refname) %(objectname) %(*objectname) [12ms]
[2022-08-10T14:42:15.411Z] > git remote --verbose [5ms]
[2022-08-10T14:42:15.455Z] > git config --get commit.template [4ms]
[2022-08-10T14:42:17.393Z] > git ls-files --stage -- /home/kadir/IML/Quantus/conf/config.yaml [8ms]
[2022-08-10T14:42:17.414Z] > git cat-file -s 59791523756efef5c4e8cd56be99c0dec48ba607 [7ms]
[2022-08-10T14:42:23.920Z] > git symbolic-ref --short HEAD [6ms]
[2022-08-10T14:42:23.944Z] > git for-each-ref --format=%(refname)%00%(upstream:short)%00%(objectname)%00%(upstream:track) refs/heads/main refs/remotes/main [12ms]
[2022-08-10T14:42:23.968Z] > git for-each-ref --sort -committerdate --format %(refname) %(objectname) %(*objectname) [12ms]
[2022-08-10T14:42:23.972Z] > git remote --verbose [5ms]
[2022-08-10T14:42:24.009Z] > git config --get commit.template [3ms]
[2022-08-10T14:42:32.556Z] > git symbolic-ref --short HEAD [5ms]
[2022-08-10T14:42:32.580Z] > git for-each-ref --format=%(refname)%00%(upstream:short)%00%(objectname)%00%(upstream:track) refs/heads/main refs/remotes/main [13ms]
[2022-08-10T14:42:32.604Z] > git for-each-ref --sort -committerdate --format %(refname) %(objectname) %(*objectname) [12ms]
[2022-08-10T14:42:32.607Z] > git remote --verbose [4ms]
[2022-08-10T14:42:32.642Z] > git config --get commit.template [4ms]
[2022-08-10T14:42:34.656Z] > git ls-files --stage -- /home/kadir/IML/Quantus/test_perturbation.py [9ms]
[2022-08-10T14:42:41.207Z] > git symbolic-ref --short HEAD [6ms]
[2022-08-10T14:42:41.229Z] > git for-each-ref --format=%(refname)%00%(upstream:short)%00%(objectname)%00%(upstream:track) refs/heads/main refs/remotes/main [12ms]
[2022-08-10T14:42:41.254Z] > git for-each-ref --sort -committerdate --format %(refname) %(objectname) %(*objectname) [12ms]
[2022-08-10T14:42:41.257Z] > git remote --verbose [5ms]
[2022-08-10T14:42:41.293Z] > git config --get commit.template [5ms]
[2022-08-10T14:42:49.803Z] > git symbolic-ref --short HEAD [6ms]
[2022-08-10T14:42:49.826Z] > git for-each-ref --format=%(refname)%00%(upstream:short)%00%(objectname)%00%(upstream:track) refs/heads/main refs/remotes/main [12ms]
[2022-08-10T14:42:49.851Z] > git for-each-ref --sort -committerdate --format %(refname) %(objectname) %(*objectname) [12ms]
[2022-08-10T14:42:49.855Z] > git remote --verbose [5ms]
[2022-08-10T14:42:49.892Z] > git config --get commit.template [4ms]
[2022-08-10T14:42:58.400Z] > git symbolic-ref --short HEAD [6ms]
[2022-08-10T14:42:58.425Z] > git for-each-ref --format=%(refname)%00%(upstream:short)%00%(objectname)%00%(upstream:track) refs/heads/main refs/remotes/main [12ms]
[2022-08-10T14:42:58.450Z] > git for-each-ref --sort -committerdate --format %(refname) %(objectname) %(*objectname) [12ms]
[2022-08-10T14:42:58.453Z] > git remote --verbose [5ms]
[2022-08-10T14:42:58.491Z] > git config --get commit.template [4ms]
[2022-08-10T14:43:06.982Z] > git symbolic-ref --short HEAD [4ms]
[2022-08-10T14:43:07.002Z] > git for-each-ref --format=%(refname)%00%(upstream:short)%00%(objectname)%00%(upstream:track) refs/heads/main refs/remotes/main [8ms]
[2022-08-10T14:43:07.028Z] > git for-each-ref --sort -committerdate --format %(refname) %(objectname) %(*objectname) [13ms]
[2022-08-10T14:43:07.029Z] > git remote --verbose [3ms]
[2022-08-10T14:43:07.063Z] > git config --get commit.template [2ms]
[2022-08-10T14:43:15.453Z] > git symbolic-ref --short HEAD [4ms]
[2022-08-10T14:43:15.473Z] > git for-each-ref --format=%(refname)%00%(upstream:short)%00%(objectname)%00%(upstream:track) refs/heads/main refs/remotes/main [10ms]
[2022-08-10T14:43:15.497Z] > git for-each-ref --sort -committerdate --format %(refname) %(objectname) %(*objectname) [13ms]
[2022-08-10T14:43:15.500Z] > git remote --verbose [4ms]
[2022-08-10T14:43:15.540Z] > git config --get commit.template [3ms]
[2022-08-10T14:43:23.950Z] > git symbolic-ref --short HEAD [5ms]
[2022-08-10T14:43:23.975Z] > git for-each-ref --format=%(refname)%00%(upstream:short)%00%(objectname)%00%(upstream:track) refs/heads/main refs/remotes/main [11ms]
[2022-08-10T14:43:24.000Z] > git for-each-ref --sort -committerdate --format %(refname) %(objectname) %(*objectname) [12ms]
[2022-08-10T14:43:24.004Z] > git remote --verbose [5ms]
[2022-08-10T14:43:24.040Z] > git config --get commit.template [3ms]
[2022-08-10T14:43:32.506Z] > git symbolic-ref --short HEAD [6ms]
[2022-08-10T14:43:32.530Z] > git for-each-ref --format=%(refname)%00%(upstream:short)%00%(objectname)%00%(upstream:track) refs/heads/main refs/remotes/main [13ms]
[2022-08-10T14:43:32.553Z] > git for-each-ref --sort -committerdate --format %(refname) %(objectname) %(*objectname) [11ms]
[2022-08-10T14:43:32.556Z] > git remote --verbose [4ms]
[2022-08-10T14:43:32.592Z] > git config --get commit.template [4ms]
[2022-08-10T14:43:41.000Z] > git symbolic-ref --short HEAD [6ms]
[2022-08-10T14:43:41.025Z] > git for-each-ref --format=%(refname)%00%(upstream:short)%00%(objectname)%00%(upstream:track) refs/heads/main refs/remotes/main [12ms]
[2022-08-10T14:43:41.049Z] > git for-each-ref --sort -committerdate --format %(refname) %(objectname) %(*objectname) [13ms]
[2022-08-10T14:43:41.053Z] > git remote --verbose [5ms]
[2022-08-10T14:43:41.087Z] > git config --get commit.template [5ms]
[2022-08-10T14:43:49.586Z] > git symbolic-ref --short HEAD [7ms]
[2022-08-10T14:43:49.610Z] > git for-each-ref --format=%(refname)%00%(upstream:short)%00%(objectname)%00%(upstream:track) refs/heads/main refs/remotes/main [12ms]
[2022-08-10T14:43:49.635Z] > git for-each-ref --sort -committerdate --format %(refname) %(objectname) %(*objectname) [14ms]
[2022-08-10T14:43:49.639Z] > git remote --verbose [5ms]
[2022-08-10T14:43:49.677Z] > git config --get commit.template [5ms]
[2022-08-10T14:43:58.068Z] > git symbolic-ref --short HEAD [5ms]
[2022-08-10T14:43:58.090Z] > git for-each-ref --format=%(refname)%00%(upstream:short)%00%(objectname)%00%(upstream:track) refs/heads/main refs/remotes/main [12ms]
[2022-08-10T14:43:58.125Z] > git for-each-ref --sort -committerdate --format %(refname) %(objectname) %(*objectname) [20ms]
[2022-08-10T14:43:58.128Z] > git remote --verbose [4ms]
[2022-08-10T14:43:58.169Z] > git config --get commit.template [3ms]
[2022-08-10T14:44:06.557Z] > git symbolic-ref --short HEAD [6ms]
[2022-08-10T14:44:06.579Z] > git for-each-ref --format=%(refname)%00%(upstream:short)%00%(objectname)%00%(upstream:track) refs/heads/main refs/remotes/main [12ms]
[2022-08-10T14:44:06.602Z] > git for-each-ref --sort -committerdate --format %(refname) %(objectname) %(*objectname) [13ms]
[2022-08-10T14:44:06.607Z] > git remote --verbose [6ms]
[2022-08-10T14:44:06.641Z] > git config --get commit.template [4ms]
[2022-08-10T14:44:15.173Z] > git symbolic-ref --short HEAD [6ms]
[2022-08-10T14:44:15.200Z] > git for-each-ref --format=%(refname)%00%(upstream:short)%00%(objectname)%00%(upstream:track) refs/heads/main refs/remotes/main [15ms]
[2022-08-10T14:44:15.225Z] > git for-each-ref --sort -committerdate --format %(refname) %(objectname) %(*objectname) [13ms]
[2022-08-10T14:44:15.227Z] > git remote --verbose [4ms]
[2022-08-10T14:44:15.260Z] > git config --get commit.template [3ms]
[2022-08-10T14:44:23.677Z] > git symbolic-ref --short HEAD [5ms]
[2022-08-10T14:44:23.697Z] > git for-each-ref --format=%(refname)%00%(upstream:short)%00%(objectname)%00%(upstream:track) refs/heads/main refs/remotes/main [10ms]
[2022-08-10T14:44:23.722Z] > git for-each-ref --sort -committerdate --format %(refname) %(objectname) %(*objectname) [14ms]
[2022-08-10T14:44:23.723Z] > git remote --verbose [3ms]
[2022-08-10T14:44:23.761Z] > git config --get commit.template [2ms]
[2022-08-10T14:44:32.174Z] > git symbolic-ref --short HEAD [6ms]
[2022-08-10T14:44:32.198Z] > git for-each-ref --format=%(refname)%00%(upstream:short)%00%(objectname)%00%(upstream:track) refs/heads/main refs/remotes/main [13ms]
[2022-08-10T14:44:32.222Z] > git for-each-ref --sort -committerdate --format %(refname) %(objectname) %(*objectname) [12ms]
[2022-08-10T14:44:32.224Z] > git remote --verbose [4ms]
[2022-08-10T14:44:32.259Z] > git config --get commit.template [2ms]
[2022-08-10T14:44:40.673Z] > git symbolic-ref --short HEAD [6ms]
[2022-08-10T14:44:40.698Z] > git for-each-ref --format=%(refname)%00%(upstream:short)%00%(objectname)%00%(upstream:track) refs/heads/main refs/remotes/main [14ms]
[2022-08-10T14:44:40.721Z] > git for-each-ref --sort -committerdate --format %(refname) %(objectname) %(*objectname) [11ms]
[2022-08-10T14:44:40.723Z] > git remote --verbose [5ms]
[2022-08-10T14:44:40.760Z] > git config --get commit.template [2ms]
[2022-08-10T14:44:49.178Z] > git symbolic-ref --short HEAD [6ms]
[2022-08-10T14:44:49.203Z] > git for-each-ref --format=%(refname)%00%(upstream:short)%00%(objectname)%00%(upstream:track) refs/heads/main refs/remotes/main [14ms]
[2022-08-10T14:44:49.225Z] > git for-each-ref --sort -committerdate --format %(refname) %(objectname) %(*objectname) [10ms]
[2022-08-10T14:44:49.228Z] > git remote --verbose [3ms]
[2022-08-10T14:44:49.262Z] > git config --get commit.template [3ms]
[2022-08-10T14:44:57.663Z] > git symbolic-ref --short HEAD [6ms]
[2022-08-10T14:44:57.686Z] > git for-each-ref --format=%(refname)%00%(upstream:short)%00%(objectname)%00%(upstream:track) refs/heads/main refs/remotes/main [13ms]
[2022-08-10T14:44:57.710Z] > git for-each-ref --sort -committerdate --format %(refname) %(objectname) %(*objectname) [12ms]
[2022-08-10T14:44:57.713Z] > git remote --verbose [5ms]
[2022-08-10T14:44:57.748Z] > git config --get commit.template [4ms]
[2022-08-10T14:45:06.158Z] > git symbolic-ref --short HEAD [7ms]
[2022-08-10T14:45:06.182Z] > git for-each-ref --format=%(refname)%00%(upstream:short)%00%(objectname)%00%(upstream:track) refs/heads/main refs/remotes/main [14ms]
[2022-08-10T14:45:06.206Z] > git for-each-ref --sort -committerdate --format %(refname) %(objectname) %(*objectname) [13ms]
[2022-08-10T14:45:06.209Z] > git remote --verbose [4ms]
[2022-08-10T14:45:06.243Z] > git config --get commit.template [3ms]
[2022-08-10T14:45:14.702Z] > git symbolic-ref --short HEAD [6ms]
[2022-08-10T14:45:14.727Z] > git for-each-ref --format=%(refname)%00%(upstream:short)%00%(objectname)%00%(upstream:track) refs/heads/main refs/remotes/main [14ms]
[2022-08-10T14:45:14.750Z] > git for-each-ref --sort -committerdate --format %(refname) %(objectname) %(*objectname) [11ms]
[2022-08-10T14:45:14.753Z] > git remote --verbose [4ms]
[2022-08-10T14:45:14.795Z] > git config --get commit.template [4ms]
[2022-08-10T14:45:23.241Z] > git symbolic-ref --short HEAD [6ms]
[2022-08-10T14:45:23.263Z] > git for-each-ref --format=%(refname)%00%(upstream:short)%00%(objectname)%00%(upstream:track) refs/heads/main refs/remotes/main [12ms]
[2022-08-10T14:45:23.287Z] > git for-each-ref --sort -committerdate --format %(refname) %(objectname) %(*objectname) [13ms]
[2022-08-10T14:45:23.291Z] > git remote --verbose [6ms]
[2022-08-10T14:45:23.329Z] > git config --get commit.template [4ms]
[2022-08-10T14:45:31.773Z] > git symbolic-ref --short HEAD [7ms]
[2022-08-10T14:45:31.797Z] > git for-each-ref --format=%(refname)%00%(upstream:short)%00%(objectname)%00%(upstream:track) refs/heads/main refs/remotes/main [13ms]
[2022-08-10T14:45:31.820Z] > git for-each-ref --sort -committerdate --format %(refname) %(objectname) %(*objectname) [12ms]
[2022-08-10T14:45:31.822Z] > git remote --verbose [4ms]
[2022-08-10T14:45:31.856Z] > git config --get commit.template [3ms]
[2022-08-10T14:45:40.288Z] > git symbolic-ref --short HEAD [5ms]
[2022-08-10T14:45:40.311Z] > git for-each-ref --format=%(refname)%00%(upstream:short)%00%(objectname)%00%(upstream:track) refs/heads/main refs/remotes/main [12ms]
[2022-08-10T14:45:40.331Z] > git for-each-ref --sort -committerdate --format %(refname) %(objectname) %(*objectname) [10ms]
[2022-08-10T14:45:40.334Z] > git remote --verbose [4ms]
[2022-08-10T14:45:40.370Z] > git config --get commit.template [4ms]
[2022-08-10T14:45:48.833Z] > git symbolic-ref --short HEAD [5ms]
[2022-08-10T14:45:48.858Z] > git for-each-ref --format=%(refname)%00%(upstream:short)%00%(objectname)%00%(upstream:track) refs/heads/main refs/remotes/main [15ms]
[2022-08-10T14:45:48.881Z] > git for-each-ref --sort -committerdate --format %(refname) %(objectname) %(*objectname) [11ms]
[2022-08-10T14:45:48.885Z] > git remote --verbose [5ms]
[2022-08-10T14:45:48.913Z] > git config --get commit.template [5ms]
[2022-08-10T14:45:57.365Z] > git symbolic-ref --short HEAD [1ms]
[2022-08-10T14:45:57.407Z] > git for-each-ref --format=%(refname)%00%(upstream:short)%00%(objectname)%00%(upstream:track) refs/heads/main refs/remotes/main [24ms]
[2022-08-10T14:45:57.430Z] > git for-each-ref --sort -committerdate --format %(refname) %(objectname) %(*objectname) [12ms]
[2022-08-10T14:45:57.433Z] > git remote --verbose [4ms]
[2022-08-10T14:45:57.467Z] > git config --get commit.template [3ms]
[2022-08-10T14:46:05.874Z] > git symbolic-ref --short HEAD [7ms]
[2022-08-10T14:46:05.898Z] > git for-each-ref --format=%(refname)%00%(upstream:short)%00%(objectname)%00%(upstream:track) refs/heads/main refs/remotes/main [13ms]
[2022-08-10T14:46:05.924Z] > git for-each-ref --sort -committerdate --format %(refname) %(objectname) %(*objectname) [14ms]
[2022-08-10T14:46:05.929Z] > git remote --verbose [6ms]
[2022-08-10T14:46:05.961Z] > git config --get commit.template [3ms]
[2022-08-10T14:46:14.332Z] > git symbolic-ref --short HEAD [5ms]
[2022-08-10T14:46:14.355Z] > git for-each-ref --format=%(refname)%00%(upstream:short)%00%(objectname)%00%(upstream:track) refs/heads/main refs/remotes/main [12ms]
[2022-08-10T14:46:14.380Z] > git for-each-ref --sort -committerdate --format %(refname) %(objectname) %(*objectname) [14ms]
[2022-08-10T14:46:14.384Z] > git remote --verbose [5ms]
[2022-08-10T14:46:14.421Z] > git config --get commit.template [4ms]
[2022-08-10T14:46:22.862Z] > git symbolic-ref --short HEAD [5ms]
[2022-08-10T14:46:22.885Z] > git for-each-ref --format=%(refname)%00%(upstream:short)%00%(objectname)%00%(upstream:track) refs/heads/main refs/remotes/main [13ms]
[2022-08-10T14:46:22.909Z] > git for-each-ref --sort -committerdate --format %(refname) %(objectname) %(*objectname) [11ms]
[2022-08-10T14:46:22.912Z] > git remote --verbose [5ms]
[2022-08-10T14:46:22.948Z] > git config --get commit.template [4ms]
[2022-08-10T14:46:31.524Z] > git symbolic-ref --short HEAD [30ms]
[2022-08-10T14:46:31.555Z] > git for-each-ref --format=%(refname)%00%(upstream:short)%00%(objectname)%00%(upstream:track) refs/heads/main refs/remotes/main [12ms]
[2022-08-10T14:46:31.579Z] > git for-each-ref --sort -committerdate --format %(refname) %(objectname) %(*objectname) [14ms]
[2022-08-10T14:46:31.581Z] > git remote --verbose [4ms]
[2022-08-10T14:46:31.616Z] > git config --get commit.template [3ms]
[2022-08-10T14:46:39.995Z] > git symbolic-ref --short HEAD [5ms]
[2022-08-10T14:46:40.020Z] > git for-each-ref --format=%(refname)%00%(upstream:short)%00%(objectname)%00%(upstream:track) refs/heads/main refs/remotes/main [11ms]
[2022-08-10T14:46:40.045Z] > git for-each-ref --sort -committerdate --format %(refname) %(objectname) %(*objectname) [13ms]
[2022-08-10T14:46:40.048Z] > git remote --verbose [4ms]
[2022-08-10T14:46:40.082Z] > git config --get commit.template [4ms]
[2022-08-10T14:46:48.606Z] > git symbolic-ref --short HEAD [6ms]
[2022-08-10T14:46:48.627Z] > git for-each-ref --format=%(refname)%00%(upstream:short)%00%(objectname)%00%(upstream:track) refs/heads/main refs/remotes/main [12ms]
[2022-08-10T14:46:48.650Z] > git for-each-ref --sort -committerdate --format %(refname) %(objectname) %(*objectname) [12ms]
[2022-08-10T14:46:48.652Z] > git remote --verbose [5ms]
[2022-08-10T14:46:48.688Z] > git config --get commit.template [4ms]
[2022-08-10T14:46:57.155Z] > git symbolic-ref --short HEAD [6ms]
[2022-08-10T14:46:57.179Z] > git for-each-ref --format=%(refname)%00%(upstream:short)%00%(objectname)%00%(upstream:track) refs/heads/main refs/remotes/main [13ms]
[2022-08-10T14:46:57.202Z] > git for-each-ref --sort -committerdate --format %(refname) %(objectname) %(*objectname) [12ms]
[2022-08-10T14:46:57.204Z] > git remote --verbose [4ms]
[2022-08-10T14:46:57.239Z] > git config --get commit.template [4ms]
[2022-08-10T14:47:05.702Z] > git symbolic-ref --short HEAD [7ms]
[2022-08-10T14:47:05.725Z] > git for-each-ref --format=%(refname)%00%(upstream:short)%00%(objectname)%00%(upstream:track) refs/heads/main refs/remotes/main [13ms]
[2022-08-10T14:47:05.748Z] > git for-each-ref --sort -committerdate --format %(refname) %(objectname) %(*objectname) [12ms]
[2022-08-10T14:47:05.751Z] > git remote --verbose [5ms]
[2022-08-10T14:47:05.788Z] > git config --get commit.template [4ms]
