[2022-08-08 15:23:33.361] [exthost] [info] Extension host with pid 1584068 started
[2022-08-08 15:23:33.367] [exthost] [info] Lock '/home/kadir/IML/Quantus/.code-server/User/workspaceStorage/6ff40ed3/vscode.lock': Lock acquired.
[2022-08-08 15:23:33.464] [exthost] [info] ExtensionService#_doActivateExtension vscode.debug-auto-launch, startup: true, activationEvent: '*'
[2022-08-08 15:23:33.477] [exthost] [info] ExtensionService#_doActivateExtension vscode.git-base, startup: true, activationEvent: '*', root cause: vscode.github
[2022-08-08 15:23:33.487] [exthost] [info] ExtensionService#_doActivateExtension ms-python.python, startup: true, activationEvent: 'workspaceContains:setup.py'
[2022-08-08 15:23:33.819] [exthost] [info] ExtensionService#_doActivateExtension vscode.git, startup: true, activationEvent: '*'
[2022-08-08 15:23:33.909] [exthost] [info] ExtensionService#_doActivateExtension vscode.github, startup: true, activationEvent: '*'
[2022-08-08 15:23:34.022] [exthost] [warning] [ms-python.python] Accessing a window scoped configuration for a resource is not expected. To associate 'python.languageServer' to a resource, define its scope to 'resource' in configuration contributions in 'package.json'.
[2022-08-08 15:23:34.026] [exthost] [warning] [ms-python.python] Accessing a window scoped configuration for a resource is not expected. To associate 'python.languageServer' to a resource, define its scope to 'resource' in configuration contributions in 'package.json'.
[2022-08-08 15:23:34.072] [exthost] [info] ExtensionService#_doActivateExtension vscode.emmet, startup: false, activationEvent: 'onStartupFinished'
[2022-08-08 15:23:34.095] [exthost] [info] ExtensionService#_doActivateExtension vscode.merge-conflict, startup: false, activationEvent: 'onStartupFinished'
[2022-08-08 15:23:34.100] [exthost] [info] Eager extensions activated
[2022-08-08 15:23:34.197] [exthost] [warning] [vscode.emmet] Accessing a resource scoped configuration without providing a resource is not expected. To get the effective value for 'emmet.includeLanguages', provide the URI of a resource or 'null' for any resource.
[2022-08-08 15:23:37.013] [exthost] [warning] [ms-python.python] Accessing a window scoped configuration for a resource is not expected. To associate 'python.languageServer' to a resource, define its scope to 'resource' in configuration contributions in 'package.json'.
[2022-08-08 15:23:37.016] [exthost] [warning] [ms-python.python] Accessing a window scoped configuration for a resource is not expected. To associate 'python.languageServer' to a resource, define its scope to 'resource' in configuration contributions in 'package.json'.
[2022-08-08 15:23:37.019] [exthost] [warning] [ms-python.python] Accessing a window scoped configuration for a resource is not expected. To associate 'python.languageServer' to a resource, define its scope to 'resource' in configuration contributions in 'package.json'.
[2022-08-08 15:23:37.021] [exthost] [warning] [ms-python.python] Accessing a window scoped configuration for a resource is not expected. To associate 'python.languageServer' to a resource, define its scope to 'resource' in configuration contributions in 'package.json'.
[2022-08-08 15:23:43.261] [exthost] [warning] [Decorations] CAPPING events from decorations provider vscode.git 860
[2022-08-08 15:23:47.299] [exthost] [info] ExtensionService#_doActivateExtension ms-toolsai.jupyter, startup: false, activationEvent: 'onLanguage:python'
[2022-08-08 15:23:48.069] [exthost] [warning] [ms-toolsai.jupyter] Accessing a window scoped configuration for a resource is not expected. To associate 'jupyter.allowInput' to a resource, define its scope to 'resource' in configuration contributions in 'package.json'.
[2022-08-08 15:23:48.277] [exthost] [info] ExtensionService#_doActivateExtension ms-toolsai.jupyter-renderers, startup: false, activationEvent: 'api', root cause: ms-toolsai.jupyter
[2022-08-08 15:23:48.703] [exthost] [warning] [Decorations] CAPPING events from decorations provider vscode.git 861
[2022-08-08 15:23:57.510] [exthost] [warning] [Decorations] CAPPING events from decorations provider vscode.git 861
[2022-08-08 15:24:06.335] [exthost] [warning] [Decorations] CAPPING events from decorations provider vscode.git 861
[2022-08-08 15:24:15.155] [exthost] [warning] [Decorations] CAPPING events from decorations provider vscode.git 861
[2022-08-08 15:24:23.766] [exthost] [warning] [Decorations] CAPPING events from decorations provider vscode.git 861
[2022-08-08 15:24:32.529] [exthost] [warning] [Decorations] CAPPING events from decorations provider vscode.git 861
[2022-08-08 15:24:41.226] [exthost] [warning] [Decorations] CAPPING events from decorations provider vscode.git 861
[2022-08-08 15:24:49.936] [exthost] [warning] [Decorations] CAPPING events from decorations provider vscode.git 861
[2022-08-08 15:24:58.739] [exthost] [warning] [Decorations] CAPPING events from decorations provider vscode.git 861
[2022-08-08 15:25:07.662] [exthost] [warning] [Decorations] CAPPING events from decorations provider vscode.git 861
[2022-08-08 15:25:14.616] [exthost] [warning] [ms-python.python] Accessing a window scoped configuration for a resource is not expected. To associate 'python.languageServer' to a resource, define its scope to 'resource' in configuration contributions in 'package.json'.
[2022-08-08 15:25:14.621] [exthost] [warning] [ms-python.python] Accessing a window scoped configuration for a resource is not expected. To associate 'python.languageServer' to a resource, define its scope to 'resource' in configuration contributions in 'package.json'.
[2022-08-08 15:25:16.372] [exthost] [warning] [Decorations] CAPPING events from decorations provider vscode.git 861
[2022-08-08 15:25:25.042] [exthost] [warning] [Decorations] CAPPING events from decorations provider vscode.git 865
[2022-08-08 15:25:33.678] [exthost] [warning] [Decorations] CAPPING events from decorations provider vscode.git 865
[2022-08-08 15:25:42.427] [exthost] [warning] [Decorations] CAPPING events from decorations provider vscode.git 865
[2022-08-08 15:25:51.187] [exthost] [warning] [Decorations] CAPPING events from decorations provider vscode.git 865
[2022-08-08 15:25:59.942] [exthost] [warning] [Decorations] CAPPING events from decorations provider vscode.git 865
[2022-08-08 15:26:08.699] [exthost] [warning] [Decorations] CAPPING events from decorations provider vscode.git 865
[2022-08-08 15:26:17.487] [exthost] [warning] [Decorations] CAPPING events from decorations provider vscode.git 865
[2022-08-08 15:26:26.311] [exthost] [warning] [Decorations] CAPPING events from decorations provider vscode.git 865
[2022-08-08 15:26:35.014] [exthost] [warning] [Decorations] CAPPING events from decorations provider vscode.git 865
[2022-08-08 15:26:43.551] [exthost] [warning] [Decorations] CAPPING events from decorations provider vscode.git 865
[2022-08-08 15:26:52.271] [exthost] [warning] [Decorations] CAPPING events from decorations provider vscode.git 865
[2022-08-08 15:27:01.079] [exthost] [warning] [Decorations] CAPPING events from decorations provider vscode.git 865
[2022-08-08 15:27:09.807] [exthost] [warning] [Decorations] CAPPING events from decorations provider vscode.git 865
[2022-08-08 15:27:18.388] [exthost] [warning] [Decorations] CAPPING events from decorations provider vscode.git 865
[2022-08-08 15:27:27.089] [exthost] [warning] [Decorations] CAPPING events from decorations provider vscode.git 865
[2022-08-08 15:27:35.679] [exthost] [warning] [Decorations] CAPPING events from decorations provider vscode.git 865
[2022-08-08 15:27:44.311] [exthost] [warning] [Decorations] CAPPING events from decorations provider vscode.git 865
[2022-08-08 15:27:52.924] [exthost] [warning] [Decorations] CAPPING events from decorations provider vscode.git 865
[2022-08-08 15:28:01.534] [exthost] [warning] [Decorations] CAPPING events from decorations provider vscode.git 865
[2022-08-08 15:28:10.258] [exthost] [warning] [Decorations] CAPPING events from decorations provider vscode.git 865
[2022-08-08 15:28:19.066] [exthost] [warning] [Decorations] CAPPING events from decorations provider vscode.git 865
[2022-08-08 15:28:27.691] [exthost] [warning] [Decorations] CAPPING events from decorations provider vscode.git 869
[2022-08-08 15:28:38.928] [exthost] [warning] [Decorations] CAPPING events from decorations provider vscode.git 869
[2022-08-08 15:28:49.336] [exthost] [warning] [Decorations] CAPPING events from decorations provider vscode.git 869
[2022-08-08 15:29:00.879] [exthost] [warning] [Decorations] CAPPING events from decorations provider vscode.git 869
[2022-08-08 15:29:12.420] [exthost] [warning] [Decorations] CAPPING events from decorations provider vscode.git 869
[2022-08-08 15:29:23.797] [exthost] [warning] [Decorations] CAPPING events from decorations provider vscode.git 869
[2022-08-08 15:29:34.447] [exthost] [warning] [Decorations] CAPPING events from decorations provider vscode.git 869
[2022-08-08 15:29:46.240] [exthost] [warning] [Decorations] CAPPING events from decorations provider vscode.git 869
[2022-08-08 15:29:57.195] [exthost] [warning] [Decorations] CAPPING events from decorations provider vscode.git 869
[2022-08-08 15:30:07.585] [exthost] [warning] [Decorations] CAPPING events from decorations provider vscode.git 869
[2022-08-08 15:30:17.960] [exthost] [warning] [Decorations] CAPPING events from decorations provider vscode.git 869
[2022-08-08 15:30:28.614] [exthost] [warning] [Decorations] CAPPING events from decorations provider vscode.git 869
[2022-08-08 15:30:37.187] [exthost] [warning] [Decorations] CAPPING events from decorations provider vscode.git 869
[2022-08-08 15:30:45.886] [exthost] [warning] [Decorations] CAPPING events from decorations provider vscode.git 869
[2022-08-08 15:30:54.551] [exthost] [warning] [Decorations] CAPPING events from decorations provider vscode.git 869
[2022-08-08 15:31:03.273] [exthost] [warning] [Decorations] CAPPING events from decorations provider vscode.git 869
[2022-08-08 15:31:11.914] [exthost] [warning] [Decorations] CAPPING events from decorations provider vscode.git 869
[2022-08-08 15:31:20.525] [exthost] [warning] [Decorations] CAPPING events from decorations provider vscode.git 869
[2022-08-08 15:31:29.142] [exthost] [warning] [Decorations] CAPPING events from decorations provider vscode.git 869
[2022-08-08 15:31:37.823] [exthost] [warning] [Decorations] CAPPING events from decorations provider vscode.git 869
[2022-08-08 15:32:00.351] [exthost] [warning] [Decorations] CAPPING events from decorations provider vscode.git 869
[2022-08-08 15:32:08.992] [exthost] [warning] [Decorations] CAPPING events from decorations provider vscode.git 869
[2022-08-08 15:32:17.735] [exthost] [warning] [Decorations] CAPPING events from decorations provider vscode.git 873
[2022-08-08 15:33:28.231] [exthost] [warning] [Decorations] CAPPING events from decorations provider vscode.git 873
[2022-08-08 15:33:39.473] [exthost] [warning] [Decorations] CAPPING events from decorations provider vscode.git 873
[2022-08-08 15:33:51.012] [exthost] [warning] [Decorations] CAPPING events from decorations provider vscode.git 873
[2022-08-08 15:34:02.504] [exthost] [warning] [Decorations] CAPPING events from decorations provider vscode.git 873
[2022-08-08 15:34:13.759] [exthost] [warning] [Decorations] CAPPING events from decorations provider vscode.git 873
[2022-08-08 15:34:23.834] [exthost] [warning] [Decorations] CAPPING events from decorations provider vscode.git 873
[2022-08-08 15:35:47.053] [exthost] [warning] [Decorations] CAPPING events from decorations provider vscode.git 873
[2022-08-08 15:35:55.690] [exthost] [warning] [Decorations] CAPPING events from decorations provider vscode.git 873
[2022-08-08 15:36:04.359] [exthost] [warning] [Decorations] CAPPING events from decorations provider vscode.git 873
[2022-08-08 15:36:13.106] [exthost] [warning] [Decorations] CAPPING events from decorations provider vscode.git 873
[2022-08-08 15:36:21.927] [exthost] [warning] [Decorations] CAPPING events from decorations provider vscode.git 873
[2022-08-08 15:36:30.783] [exthost] [warning] [Decorations] CAPPING events from decorations provider vscode.git 873
[2022-08-08 15:36:39.488] [exthost] [warning] [Decorations] CAPPING events from decorations provider vscode.git 877
[2022-08-08 15:36:50.521] [exthost] [warning] [Decorations] CAPPING events from decorations provider vscode.git 877
[2022-08-08 15:36:59.509] [exthost] [warning] [Decorations] CAPPING events from decorations provider vscode.git 877
[2022-08-08 15:37:08.300] [exthost] [warning] [Decorations] CAPPING events from decorations provider vscode.git 881
[2022-08-08 15:37:19.681] [exthost] [warning] [Decorations] CAPPING events from decorations provider vscode.git 881
[2022-08-08 15:37:30.740] [exthost] [warning] [Decorations] CAPPING events from decorations provider vscode.git 881
[2022-08-08 15:37:41.818] [exthost] [warning] [Decorations] CAPPING events from decorations provider vscode.git 881
[2022-08-08 15:37:53.216] [exthost] [warning] [Decorations] CAPPING events from decorations provider vscode.git 881
[2022-08-08 15:38:04.523] [exthost] [warning] [Decorations] CAPPING events from decorations provider vscode.git 881
[2022-08-08 15:38:15.590] [exthost] [warning] [Decorations] CAPPING events from decorations provider vscode.git 881
[2022-08-08 15:38:27.062] [exthost] [warning] [Decorations] CAPPING events from decorations provider vscode.git 881
[2022-08-08 15:38:38.253] [exthost] [warning] [Decorations] CAPPING events from decorations provider vscode.git 881
[2022-08-08 15:38:49.312] [exthost] [warning] [Decorations] CAPPING events from decorations provider vscode.git 881
[2022-08-08 15:39:00.682] [exthost] [warning] [Decorations] CAPPING events from decorations provider vscode.git 881
[2022-08-08 15:39:10.744] [exthost] [warning] [Decorations] CAPPING events from decorations provider vscode.git 881
[2022-08-08 15:39:19.542] [exthost] [warning] [Decorations] CAPPING events from decorations provider vscode.git 881
[2022-08-08 15:39:28.371] [exthost] [warning] [Decorations] CAPPING events from decorations provider vscode.git 881
[2022-08-08 15:39:37.155] [exthost] [warning] [Decorations] CAPPING events from decorations provider vscode.git 881
[2022-08-08 15:39:45.991] [exthost] [warning] [Decorations] CAPPING events from decorations provider vscode.git 881
[2022-08-08 15:39:54.781] [exthost] [warning] [Decorations] CAPPING events from decorations provider vscode.git 881
[2022-08-08 15:40:03.588] [exthost] [warning] [Decorations] CAPPING events from decorations provider vscode.git 881
[2022-08-08 15:40:12.400] [exthost] [warning] [Decorations] CAPPING events from decorations provider vscode.git 881
[2022-08-08 15:40:21.210] [exthost] [warning] [Decorations] CAPPING events from decorations provider vscode.git 881
[2022-08-08 15:40:30.014] [exthost] [warning] [Decorations] CAPPING events from decorations provider vscode.git 881
[2022-08-08 15:40:38.803] [exthost] [warning] [Decorations] CAPPING events from decorations provider vscode.git 881
[2022-08-08 15:40:47.515] [exthost] [warning] [Decorations] CAPPING events from decorations provider vscode.git 881
[2022-08-08 15:40:56.401] [exthost] [warning] [Decorations] CAPPING events from decorations provider vscode.git 885
[2022-08-08 15:41:07.203] [exthost] [warning] [Decorations] CAPPING events from decorations provider vscode.git 885
[2022-08-08 15:41:18.119] [exthost] [warning] [Decorations] CAPPING events from decorations provider vscode.git 885
[2022-08-08 15:41:29.469] [exthost] [warning] [Decorations] CAPPING events from decorations provider vscode.git 885
[2022-08-08 15:41:40.212] [exthost] [warning] [Decorations] CAPPING events from decorations provider vscode.git 885
[2022-08-08 15:41:53.362] [exthost] [warning] [Decorations] CAPPING events from decorations provider vscode.git 885
[2022-08-08 15:42:04.598] [exthost] [warning] [Decorations] CAPPING events from decorations provider vscode.git 885
[2022-08-08 15:42:16.071] [exthost] [warning] [Decorations] CAPPING events from decorations provider vscode.git 885
[2022-08-08 15:42:28.045] [exthost] [warning] [Decorations] CAPPING events from decorations provider vscode.git 885
[2022-08-08 15:42:39.007] [exthost] [warning] [Decorations] CAPPING events from decorations provider vscode.git 885
[2022-08-08 15:42:50.617] [exthost] [warning] [Decorations] CAPPING events from decorations provider vscode.git 885
[2022-08-08 15:43:01.333] [exthost] [warning] [Decorations] CAPPING events from decorations provider vscode.git 885
[2022-08-08 15:43:10.288] [exthost] [warning] [Decorations] CAPPING events from decorations provider vscode.git 885
[2022-08-08 15:43:19.172] [exthost] [warning] [Decorations] CAPPING events from decorations provider vscode.git 885
[2022-08-08 15:43:28.032] [exthost] [warning] [Decorations] CAPPING events from decorations provider vscode.git 885
[2022-08-08 15:43:36.936] [exthost] [warning] [Decorations] CAPPING events from decorations provider vscode.git 885
[2022-08-08 15:43:45.727] [exthost] [warning] [Decorations] CAPPING events from decorations provider vscode.git 885
[2022-08-08 15:43:54.605] [exthost] [warning] [Decorations] CAPPING events from decorations provider vscode.git 885
[2022-08-08 15:44:03.445] [exthost] [warning] [Decorations] CAPPING events from decorations provider vscode.git 885
[2022-08-08 15:44:57.082] [exthost] [warning] [Decorations] CAPPING events from decorations provider vscode.git 885
[2022-08-08 15:45:05.992] [exthost] [warning] [Decorations] CAPPING events from decorations provider vscode.git 885
[2022-08-08 15:45:15.002] [exthost] [warning] [Decorations] CAPPING events from decorations provider vscode.git 885
[2022-08-08 15:45:23.881] [exthost] [warning] [Decorations] CAPPING events from decorations provider vscode.git 885
[2022-08-08 15:45:33.791] [exthost] [warning] [Decorations] CAPPING events from decorations provider vscode.git 885
[2022-08-08 15:45:42.714] [exthost] [warning] [Decorations] CAPPING events from decorations provider vscode.git 889
[2022-08-08 15:45:53.988] [exthost] [warning] [Decorations] CAPPING events from decorations provider vscode.git 889
[2022-08-08 15:46:05.677] [exthost] [warning] [Decorations] CAPPING events from decorations provider vscode.git 889
[2022-08-08 15:46:17.560] [exthost] [warning] [Decorations] CAPPING events from decorations provider vscode.git 889
[2022-08-08 15:46:28.575] [exthost] [warning] [Decorations] CAPPING events from decorations provider vscode.git 889
[2022-08-08 15:46:39.845] [exthost] [warning] [Decorations] CAPPING events from decorations provider vscode.git 889
[2022-08-08 15:46:51.427] [exthost] [warning] [Decorations] CAPPING events from decorations provider vscode.git 889
[2022-08-08 15:47:02.972] [exthost] [warning] [Decorations] CAPPING events from decorations provider vscode.git 889
[2022-08-08 15:47:14.366] [exthost] [warning] [Decorations] CAPPING events from decorations provider vscode.git 889
[2022-08-08 15:47:25.550] [exthost] [warning] [Decorations] CAPPING events from decorations provider vscode.git 889
[2022-08-08 15:47:36.836] [exthost] [warning] [Decorations] CAPPING events from decorations provider vscode.git 889
[2022-08-08 15:47:46.957] [exthost] [warning] [Decorations] CAPPING events from decorations provider vscode.git 889
[2022-08-08 15:47:55.953] [exthost] [warning] [Decorations] CAPPING events from decorations provider vscode.git 889
[2022-08-08 15:48:04.892] [exthost] [warning] [Decorations] CAPPING events from decorations provider vscode.git 889
[2022-08-08 15:48:13.787] [exthost] [warning] [Decorations] CAPPING events from decorations provider vscode.git 889
[2022-08-08 15:48:22.651] [exthost] [warning] [Decorations] CAPPING events from decorations provider vscode.git 889
[2022-08-08 15:48:31.989] [exthost] [warning] [Decorations] CAPPING events from decorations provider vscode.git 889
[2022-08-08 15:49:09.991] [exthost] [warning] [Decorations] CAPPING events from decorations provider vscode.git 889
[2022-08-08 15:49:18.872] [exthost] [warning] [Decorations] CAPPING events from decorations provider vscode.git 889
[2022-08-08 15:49:27.917] [exthost] [warning] [Decorations] CAPPING events from decorations provider vscode.git 889
[2022-08-08 15:49:36.981] [exthost] [warning] [Decorations] CAPPING events from decorations provider vscode.git 893
[2022-08-08 15:49:48.405] [exthost] [warning] [Decorations] CAPPING events from decorations provider vscode.git 893
[2022-08-08 15:50:00.417] [exthost] [warning] [Decorations] CAPPING events from decorations provider vscode.git 893
[2022-08-08 15:50:11.886] [exthost] [warning] [Decorations] CAPPING events from decorations provider vscode.git 893
[2022-08-08 15:50:22.825] [exthost] [warning] [Decorations] CAPPING events from decorations provider vscode.git 893
[2022-08-08 15:50:34.767] [exthost] [warning] [Decorations] CAPPING events from decorations provider vscode.git 893
[2022-08-08 15:50:46.052] [exthost] [warning] [Decorations] CAPPING events from decorations provider vscode.git 893
[2022-08-08 15:50:57.722] [exthost] [warning] [Decorations] CAPPING events from decorations provider vscode.git 893
[2022-08-08 15:51:08.422] [exthost] [warning] [Decorations] CAPPING events from decorations provider vscode.git 893
[2022-08-08 15:51:18.833] [exthost] [warning] [Decorations] CAPPING events from decorations provider vscode.git 893
[2022-08-08 15:51:29.373] [exthost] [warning] [Decorations] CAPPING events from decorations provider vscode.git 893
[2022-08-08 15:51:39.918] [exthost] [warning] [Decorations] CAPPING events from decorations provider vscode.git 893
[2022-08-08 15:51:48.748] [exthost] [warning] [Decorations] CAPPING events from decorations provider vscode.git 893
[2022-08-08 15:51:57.559] [exthost] [warning] [Decorations] CAPPING events from decorations provider vscode.git 893
[2022-08-08 15:52:06.340] [exthost] [warning] [Decorations] CAPPING events from decorations provider vscode.git 893
[2022-08-08 15:52:15.170] [exthost] [warning] [Decorations] CAPPING events from decorations provider vscode.git 893
[2022-08-08 15:52:23.974] [exthost] [warning] [Decorations] CAPPING events from decorations provider vscode.git 893
[2022-08-08 15:52:32.955] [exthost] [warning] [Decorations] CAPPING events from decorations provider vscode.git 893
[2022-08-08 15:52:41.746] [exthost] [warning] [Decorations] CAPPING events from decorations provider vscode.git 893
[2022-08-08 15:52:50.631] [exthost] [warning] [Decorations] CAPPING events from decorations provider vscode.git 893
[2022-08-08 15:52:59.601] [exthost] [warning] [Decorations] CAPPING events from decorations provider vscode.git 893
[2022-08-08 15:53:08.445] [exthost] [warning] [Decorations] CAPPING events from decorations provider vscode.git 893
[2022-08-08 15:53:32.103] [exthost] [warning] [Decorations] CAPPING events from decorations provider vscode.git 893
[2022-08-08 15:53:41.147] [exthost] [warning] [Decorations] CAPPING events from decorations provider vscode.git 897
[2022-08-08 15:53:50.309] [exthost] [warning] [Decorations] CAPPING events from decorations provider vscode.git 897
[2022-08-08 15:54:01.161] [exthost] [warning] [Decorations] CAPPING events from decorations provider vscode.git 897
[2022-08-08 15:54:13.096] [exthost] [warning] [Decorations] CAPPING events from decorations provider vscode.git 897
[2022-08-08 15:54:24.683] [exthost] [warning] [Decorations] CAPPING events from decorations provider vscode.git 897
[2022-08-08 15:54:35.579] [exthost] [warning] [Decorations] CAPPING events from decorations provider vscode.git 897
[2022-08-08 15:54:46.572] [exthost] [warning] [Decorations] CAPPING events from decorations provider vscode.git 897
[2022-08-08 15:54:57.217] [exthost] [warning] [Decorations] CAPPING events from decorations provider vscode.git 897
[2022-08-08 15:55:09.031] [exthost] [warning] [Decorations] CAPPING events from decorations provider vscode.git 897
[2022-08-08 15:55:19.775] [exthost] [warning] [Decorations] CAPPING events from decorations provider vscode.git 897
[2022-08-08 15:55:30.821] [exthost] [warning] [Decorations] CAPPING events from decorations provider vscode.git 897
[2022-08-08 15:55:41.930] [exthost] [warning] [Decorations] CAPPING events from decorations provider vscode.git 897
[2022-08-08 15:55:52.011] [exthost] [warning] [Decorations] CAPPING events from decorations provider vscode.git 897
[2022-08-08 15:56:00.803] [exthost] [warning] [Decorations] CAPPING events from decorations provider vscode.git 897
[2022-08-08 15:56:09.699] [exthost] [warning] [Decorations] CAPPING events from decorations provider vscode.git 897
[2022-08-08 15:56:18.421] [exthost] [warning] [Decorations] CAPPING events from decorations provider vscode.git 897
[2022-08-08 15:56:27.315] [exthost] [warning] [Decorations] CAPPING events from decorations provider vscode.git 897
[2022-08-08 15:56:36.182] [exthost] [warning] [Decorations] CAPPING events from decorations provider vscode.git 897
[2022-08-08 15:56:45.085] [exthost] [warning] [Decorations] CAPPING events from decorations provider vscode.git 897
[2022-08-08 15:56:53.926] [exthost] [warning] [Decorations] CAPPING events from decorations provider vscode.git 897
[2022-08-08 15:57:02.755] [exthost] [warning] [Decorations] CAPPING events from decorations provider vscode.git 897
[2022-08-08 15:57:11.534] [exthost] [warning] [Decorations] CAPPING events from decorations provider vscode.git 897
[2022-08-08 15:57:20.405] [exthost] [warning] [Decorations] CAPPING events from decorations provider vscode.git 897
[2022-08-08 15:57:29.384] [exthost] [warning] [Decorations] CAPPING events from decorations provider vscode.git 897
[2022-08-08 15:57:38.320] [exthost] [warning] [Decorations] CAPPING events from decorations provider vscode.git 897
[2022-08-08 15:57:47.226] [exthost] [warning] [Decorations] CAPPING events from decorations provider vscode.git 897
[2022-08-08 15:57:56.050] [exthost] [warning] [Decorations] CAPPING events from decorations provider vscode.git 897
[2022-08-08 15:58:04.854] [exthost] [warning] [Decorations] CAPPING events from decorations provider vscode.git 897
[2022-08-08 15:58:13.743] [exthost] [warning] [Decorations] CAPPING events from decorations provider vscode.git 897
[2022-08-08 15:58:22.534] [exthost] [warning] [Decorations] CAPPING events from decorations provider vscode.git 897
[2022-08-08 15:58:31.268] [exthost] [warning] [Decorations] CAPPING events from decorations provider vscode.git 897
[2022-08-08 15:58:40.058] [exthost] [warning] [Decorations] CAPPING events from decorations provider vscode.git 897
[2022-08-08 15:58:48.917] [exthost] [warning] [Decorations] CAPPING events from decorations provider vscode.git 897
[2022-08-08 15:58:57.837] [exthost] [warning] [Decorations] CAPPING events from decorations provider vscode.git 897
[2022-08-08 15:59:06.744] [exthost] [warning] [Decorations] CAPPING events from decorations provider vscode.git 897
[2022-08-08 15:59:15.666] [exthost] [warning] [Decorations] CAPPING events from decorations provider vscode.git 897
[2022-08-08 15:59:24.437] [exthost] [warning] [Decorations] CAPPING events from decorations provider vscode.git 897
[2022-08-08 15:59:33.314] [exthost] [warning] [Decorations] CAPPING events from decorations provider vscode.git 897
[2022-08-08 15:59:42.181] [exthost] [warning] [Decorations] CAPPING events from decorations provider vscode.git 897
[2022-08-08 15:59:51.052] [exthost] [warning] [Decorations] CAPPING events from decorations provider vscode.git 897
[2022-08-08 15:59:59.837] [exthost] [warning] [Decorations] CAPPING events from decorations provider vscode.git 897
[2022-08-08 16:00:08.637] [exthost] [warning] [Decorations] CAPPING events from decorations provider vscode.git 897
[2022-08-08 16:00:17.546] [exthost] [warning] [Decorations] CAPPING events from decorations provider vscode.git 897
[2022-08-08 16:00:26.419] [exthost] [warning] [Decorations] CAPPING events from decorations provider vscode.git 897
[2022-08-08 16:00:35.272] [exthost] [warning] [Decorations] CAPPING events from decorations provider vscode.git 897
[2022-08-08 16:00:44.139] [exthost] [warning] [Decorations] CAPPING events from decorations provider vscode.git 897
[2022-08-08 16:00:53.129] [exthost] [warning] [Decorations] CAPPING events from decorations provider vscode.git 897
[2022-08-08 16:01:02.071] [exthost] [warning] [Decorations] CAPPING events from decorations provider vscode.git 897
[2022-08-08 16:01:10.936] [exthost] [warning] [Decorations] CAPPING events from decorations provider vscode.git 897
[2022-08-08 16:01:19.921] [exthost] [warning] [Decorations] CAPPING events from decorations provider vscode.git 897
[2022-08-08 16:01:28.808] [exthost] [warning] [Decorations] CAPPING events from decorations provider vscode.git 897
[2022-08-08 16:01:37.626] [exthost] [warning] [Decorations] CAPPING events from decorations provider vscode.git 897
[2022-08-08 16:01:46.526] [exthost] [warning] [Decorations] CAPPING events from decorations provider vscode.git 897
[2022-08-08 16:01:55.366] [exthost] [warning] [Decorations] CAPPING events from decorations provider vscode.git 897
[2022-08-08 16:02:04.179] [exthost] [warning] [Decorations] CAPPING events from decorations provider vscode.git 897
[2022-08-08 16:03:19.276] [exthost] [warning] [Decorations] CAPPING events from decorations provider vscode.git 897
[2022-08-08 16:03:28.186] [exthost] [warning] [Decorations] CAPPING events from decorations provider vscode.git 897
[2022-08-08 16:03:37.273] [exthost] [warning] [Decorations] CAPPING events from decorations provider vscode.git 897
[2022-08-08 16:03:46.043] [exthost] [warning] [Decorations] CAPPING events from decorations provider vscode.git 897
[2022-08-08 16:03:54.991] [exthost] [warning] [Decorations] CAPPING events from decorations provider vscode.git 897
[2022-08-08 16:04:03.945] [exthost] [warning] [Decorations] CAPPING events from decorations provider vscode.git 897
[2022-08-08 16:04:12.904] [exthost] [warning] [Decorations] CAPPING events from decorations provider vscode.git 897
[2022-08-08 16:04:21.824] [exthost] [warning] [Decorations] CAPPING events from decorations provider vscode.git 897
[2022-08-08 16:04:30.772] [exthost] [warning] [Decorations] CAPPING events from decorations provider vscode.git 897
[2022-08-08 16:04:39.686] [exthost] [warning] [Decorations] CAPPING events from decorations provider vscode.git 897
[2022-08-08 16:04:48.630] [exthost] [warning] [Decorations] CAPPING events from decorations provider vscode.git 897
[2022-08-08 16:04:57.597] [exthost] [warning] [Decorations] CAPPING events from decorations provider vscode.git 897
[2022-08-08 16:05:06.479] [exthost] [warning] [Decorations] CAPPING events from decorations provider vscode.git 897
[2022-08-08 16:05:15.416] [exthost] [warning] [Decorations] CAPPING events from decorations provider vscode.git 897
[2022-08-08 16:05:24.371] [exthost] [warning] [Decorations] CAPPING events from decorations provider vscode.git 897
[2022-08-08 16:05:33.205] [exthost] [warning] [Decorations] CAPPING events from decorations provider vscode.git 897
[2022-08-08 16:05:42.113] [exthost] [warning] [Decorations] CAPPING events from decorations provider vscode.git 897
[2022-08-08 16:05:50.990] [exthost] [warning] [Decorations] CAPPING events from decorations provider vscode.git 897
[2022-08-08 16:05:59.902] [exthost] [warning] [Decorations] CAPPING events from decorations provider vscode.git 897
[2022-08-08 16:06:08.769] [exthost] [warning] [Decorations] CAPPING events from decorations provider vscode.git 897
[2022-08-08 16:06:17.649] [exthost] [warning] [Decorations] CAPPING events from decorations provider vscode.git 901
[2022-08-08 16:06:29.089] [exthost] [warning] [Decorations] CAPPING events from decorations provider vscode.git 901
[2022-08-08 16:06:39.996] [exthost] [warning] [Decorations] CAPPING events from decorations provider vscode.git 901
[2022-08-08 16:06:52.080] [exthost] [warning] [Decorations] CAPPING events from decorations provider vscode.git 901
[2022-08-08 16:07:03.391] [exthost] [warning] [Decorations] CAPPING events from decorations provider vscode.git 901
[2022-08-08 16:07:15.240] [exthost] [warning] [Decorations] CAPPING events from decorations provider vscode.git 901
[2022-08-08 16:07:26.076] [exthost] [warning] [Decorations] CAPPING events from decorations provider vscode.git 901
[2022-08-08 16:07:37.920] [exthost] [warning] [Decorations] CAPPING events from decorations provider vscode.git 901
[2022-08-08 16:07:49.194] [exthost] [warning] [Decorations] CAPPING events from decorations provider vscode.git 901
[2022-08-08 16:08:00.929] [exthost] [warning] [Decorations] CAPPING events from decorations provider vscode.git 901
[2022-08-08 16:08:11.301] [exthost] [warning] [Decorations] CAPPING events from decorations provider vscode.git 901
[2022-08-08 16:08:22.027] [exthost] [warning] [Decorations] CAPPING events from decorations provider vscode.git 901
[2022-08-08 16:08:30.925] [exthost] [warning] [Decorations] CAPPING events from decorations provider vscode.git 901
[2022-08-08 16:08:39.833] [exthost] [warning] [Decorations] CAPPING events from decorations provider vscode.git 901
[2022-08-08 16:08:48.929] [exthost] [warning] [Decorations] CAPPING events from decorations provider vscode.git 901
[2022-08-08 16:09:32.728] [exthost] [warning] [Decorations] CAPPING events from decorations provider vscode.git 901
[2022-08-08 16:09:41.668] [exthost] [warning] [Decorations] CAPPING events from decorations provider vscode.git 901
[2022-08-08 16:09:50.466] [exthost] [warning] [Decorations] CAPPING events from decorations provider vscode.git 905
[2022-08-08 16:10:01.049] [exthost] [warning] [Decorations] CAPPING events from decorations provider vscode.git 905
[2022-08-08 16:10:13.122] [exthost] [warning] [Decorations] CAPPING events from decorations provider vscode.git 905
[2022-08-08 16:10:23.961] [exthost] [warning] [Decorations] CAPPING events from decorations provider vscode.git 905
[2022-08-08 16:10:35.095] [exthost] [warning] [Decorations] CAPPING events from decorations provider vscode.git 905
[2022-08-08 16:10:46.683] [exthost] [warning] [Decorations] CAPPING events from decorations provider vscode.git 905
[2022-08-08 16:10:57.870] [exthost] [warning] [Decorations] CAPPING events from decorations provider vscode.git 905
[2022-08-08 16:11:10.057] [exthost] [warning] [Decorations] CAPPING events from decorations provider vscode.git 905
[2022-08-08 16:11:21.188] [exthost] [warning] [Decorations] CAPPING events from decorations provider vscode.git 905
[2022-08-08 16:11:32.433] [exthost] [warning] [Decorations] CAPPING events from decorations provider vscode.git 905
[2022-08-08 16:11:43.011] [exthost] [warning] [Decorations] CAPPING events from decorations provider vscode.git 905
[2022-08-08 16:11:53.648] [exthost] [warning] [Decorations] CAPPING events from decorations provider vscode.git 905
[2022-08-08 16:12:02.570] [exthost] [warning] [Decorations] CAPPING events from decorations provider vscode.git 905
[2022-08-08 16:12:11.455] [exthost] [warning] [Decorations] CAPPING events from decorations provider vscode.git 905
[2022-08-08 16:12:20.342] [exthost] [warning] [Decorations] CAPPING events from decorations provider vscode.git 905
[2022-08-08 16:12:29.217] [exthost] [warning] [Decorations] CAPPING events from decorations provider vscode.git 905
[2022-08-08 16:13:49.971] [exthost] [warning] [Decorations] CAPPING events from decorations provider vscode.git 905
[2022-08-08 16:13:58.867] [exthost] [warning] [Decorations] CAPPING events from decorations provider vscode.git 905
[2022-08-08 16:14:07.847] [exthost] [warning] [Decorations] CAPPING events from decorations provider vscode.git 905
[2022-08-08 16:14:16.798] [exthost] [warning] [Decorations] CAPPING events from decorations provider vscode.git 905
[2022-08-08 16:14:25.667] [exthost] [warning] [Decorations] CAPPING events from decorations provider vscode.git 905
[2022-08-08 16:14:34.638] [exthost] [warning] [Decorations] CAPPING events from decorations provider vscode.git 905
[2022-08-08 16:14:43.629] [exthost] [warning] [Decorations] CAPPING events from decorations provider vscode.git 905
[2022-08-08 16:14:52.603] [exthost] [warning] [Decorations] CAPPING events from decorations provider vscode.git 905
[2022-08-08 16:15:01.565] [exthost] [warning] [Decorations] CAPPING events from decorations provider vscode.git 905
[2022-08-08 16:15:10.595] [exthost] [warning] [Decorations] CAPPING events from decorations provider vscode.git 906
[2022-08-08 16:15:19.528] [exthost] [warning] [Decorations] CAPPING events from decorations provider vscode.git 906
[2022-08-08 16:15:28.518] [exthost] [warning] [Decorations] CAPPING events from decorations provider vscode.git 906
[2022-08-08 16:15:37.499] [exthost] [warning] [Decorations] CAPPING events from decorations provider vscode.git 910
[2022-08-08 16:15:48.723] [exthost] [warning] [Decorations] CAPPING events from decorations provider vscode.git 910
[2022-08-08 16:15:59.827] [exthost] [warning] [Decorations] CAPPING events from decorations provider vscode.git 910
[2022-08-08 16:16:10.681] [exthost] [warning] [Decorations] CAPPING events from decorations provider vscode.git 910
[2022-08-08 16:16:21.874] [exthost] [warning] [Decorations] CAPPING events from decorations provider vscode.git 910
[2022-08-08 16:16:33.195] [exthost] [warning] [Decorations] CAPPING events from decorations provider vscode.git 910
[2022-08-08 16:16:45.168] [exthost] [warning] [Decorations] CAPPING events from decorations provider vscode.git 910
[2022-08-08 16:16:55.898] [exthost] [warning] [Decorations] CAPPING events from decorations provider vscode.git 910
[2022-08-08 16:17:07.820] [exthost] [warning] [Decorations] CAPPING events from decorations provider vscode.git 910
[2022-08-08 16:17:18.900] [exthost] [warning] [Decorations] CAPPING events from decorations provider vscode.git 910
[2022-08-08 16:17:29.827] [exthost] [warning] [Decorations] CAPPING events from decorations provider vscode.git 910
[2022-08-08 16:17:41.544] [exthost] [warning] [Decorations] CAPPING events from decorations provider vscode.git 910
[2022-08-08 16:17:50.471] [exthost] [warning] [Decorations] CAPPING events from decorations provider vscode.git 910
[2022-08-08 16:17:59.321] [exthost] [warning] [Decorations] CAPPING events from decorations provider vscode.git 910
[2022-08-08 16:18:08.343] [exthost] [warning] [Decorations] CAPPING events from decorations provider vscode.git 910
[2022-08-08 16:19:22.423] [exthost] [warning] [Decorations] CAPPING events from decorations provider vscode.git 910
[2022-08-08 16:19:31.084] [exthost] [warning] [Decorations] CAPPING events from decorations provider vscode.git 910
[2022-08-08 16:19:39.772] [exthost] [warning] [Decorations] CAPPING events from decorations provider vscode.git 910
[2022-08-08 16:19:48.784] [exthost] [warning] [Decorations] CAPPING events from decorations provider vscode.git 914
[2022-08-08 16:20:00.474] [exthost] [warning] [Decorations] CAPPING events from decorations provider vscode.git 914
[2022-08-08 16:20:11.318] [exthost] [warning] [Decorations] CAPPING events from decorations provider vscode.git 914
[2022-08-08 16:20:22.048] [exthost] [warning] [Decorations] CAPPING events from decorations provider vscode.git 914
[2022-08-08 16:20:32.765] [exthost] [warning] [Decorations] CAPPING events from decorations provider vscode.git 914
[2022-08-08 16:20:45.950] [exthost] [warning] [Decorations] CAPPING events from decorations provider vscode.git 914
[2022-08-08 16:20:57.633] [exthost] [warning] [Decorations] CAPPING events from decorations provider vscode.git 914
[2022-08-08 16:21:09.421] [exthost] [warning] [Decorations] CAPPING events from decorations provider vscode.git 914
[2022-08-08 16:21:20.450] [exthost] [warning] [Decorations] CAPPING events from decorations provider vscode.git 914
[2022-08-08 16:21:31.182] [exthost] [warning] [Decorations] CAPPING events from decorations provider vscode.git 914
[2022-08-08 16:21:41.122] [exthost] [warning] [Decorations] CAPPING events from decorations provider vscode.git 914
[2022-08-08 16:21:51.817] [exthost] [warning] [Decorations] CAPPING events from decorations provider vscode.git 914
[2022-08-08 16:22:00.564] [exthost] [warning] [Decorations] CAPPING events from decorations provider vscode.git 914
[2022-08-08 16:22:09.460] [exthost] [warning] [Decorations] CAPPING events from decorations provider vscode.git 914
[2022-08-08 16:22:18.120] [exthost] [warning] [Decorations] CAPPING events from decorations provider vscode.git 914
[2022-08-08 16:22:26.748] [exthost] [warning] [Decorations] CAPPING events from decorations provider vscode.git 914
[2022-08-08 16:22:35.434] [exthost] [warning] [Decorations] CAPPING events from decorations provider vscode.git 914
[2022-08-08 16:25:10.961] [exthost] [warning] [Decorations] CAPPING events from decorations provider vscode.git 914
[2022-08-08 16:25:19.554] [exthost] [warning] [Decorations] CAPPING events from decorations provider vscode.git 914
[2022-08-08 16:25:28.327] [exthost] [warning] [Decorations] CAPPING events from decorations provider vscode.git 914
[2022-08-08 16:25:36.990] [exthost] [warning] [Decorations] CAPPING events from decorations provider vscode.git 914
[2022-08-08 16:25:45.758] [exthost] [warning] [Decorations] CAPPING events from decorations provider vscode.git 914
[2022-08-08 16:25:54.453] [exthost] [warning] [Decorations] CAPPING events from decorations provider vscode.git 914
[2022-08-08 16:26:03.090] [exthost] [warning] [Decorations] CAPPING events from decorations provider vscode.git 914
[2022-08-08 16:26:11.677] [exthost] [warning] [Decorations] CAPPING events from decorations provider vscode.git 914
[2022-08-08 16:26:20.305] [exthost] [warning] [Decorations] CAPPING events from decorations provider vscode.git 914
[2022-08-08 16:26:29.048] [exthost] [warning] [Decorations] CAPPING events from decorations provider vscode.git 914
[2022-08-08 16:26:37.633] [exthost] [warning] [Decorations] CAPPING events from decorations provider vscode.git 914
[2022-08-08 16:26:46.385] [exthost] [warning] [Decorations] CAPPING events from decorations provider vscode.git 914
[2022-08-08 16:26:55.193] [exthost] [warning] [Decorations] CAPPING events from decorations provider vscode.git 914
[2022-08-08 16:27:03.889] [exthost] [warning] [Decorations] CAPPING events from decorations provider vscode.git 914
[2022-08-08 16:27:12.624] [exthost] [warning] [Decorations] CAPPING events from decorations provider vscode.git 914
[2022-08-08 16:27:21.199] [exthost] [warning] [Decorations] CAPPING events from decorations provider vscode.git 914
[2022-08-08 16:27:30.015] [exthost] [warning] [Decorations] CAPPING events from decorations provider vscode.git 914
[2022-08-08 16:27:38.786] [exthost] [warning] [Decorations] CAPPING events from decorations provider vscode.git 914
[2022-08-08 16:27:47.557] [exthost] [warning] [Decorations] CAPPING events from decorations provider vscode.git 914
[2022-08-08 16:27:56.289] [exthost] [warning] [Decorations] CAPPING events from decorations provider vscode.git 914
[2022-08-08 16:28:05.070] [exthost] [warning] [Decorations] CAPPING events from decorations provider vscode.git 914
[2022-08-08 16:28:13.838] [exthost] [warning] [Decorations] CAPPING events from decorations provider vscode.git 914
[2022-08-08 16:28:22.557] [exthost] [warning] [Decorations] CAPPING events from decorations provider vscode.git 914
[2022-08-08 16:28:31.319] [exthost] [warning] [Decorations] CAPPING events from decorations provider vscode.git 914
[2022-08-08 16:28:40.072] [exthost] [warning] [Decorations] CAPPING events from decorations provider vscode.git 914
[2022-08-08 16:28:48.800] [exthost] [warning] [Decorations] CAPPING events from decorations provider vscode.git 914
[2022-08-08 16:28:57.408] [exthost] [warning] [Decorations] CAPPING events from decorations provider vscode.git 914
[2022-08-08 16:29:06.093] [exthost] [warning] [Decorations] CAPPING events from decorations provider vscode.git 914
[2022-08-08 16:29:14.895] [exthost] [warning] [Decorations] CAPPING events from decorations provider vscode.git 914
[2022-08-08 16:29:23.607] [exthost] [warning] [Decorations] CAPPING events from decorations provider vscode.git 914
[2022-08-08 16:29:32.304] [exthost] [warning] [Decorations] CAPPING events from decorations provider vscode.git 914
[2022-08-08 16:29:41.072] [exthost] [warning] [Decorations] CAPPING events from decorations provider vscode.git 914
[2022-08-08 16:29:49.701] [exthost] [warning] [Decorations] CAPPING events from decorations provider vscode.git 914
[2022-08-08 16:29:58.405] [exthost] [warning] [Decorations] CAPPING events from decorations provider vscode.git 914
[2022-08-08 16:30:07.079] [exthost] [warning] [Decorations] CAPPING events from decorations provider vscode.git 914
[2022-08-08 16:30:15.817] [exthost] [warning] [Decorations] CAPPING events from decorations provider vscode.git 914
[2022-08-08 16:30:24.518] [exthost] [warning] [Decorations] CAPPING events from decorations provider vscode.git 914
[2022-08-08 16:30:33.258] [exthost] [warning] [Decorations] CAPPING events from decorations provider vscode.git 914
[2022-08-08 16:30:42.000] [exthost] [warning] [Decorations] CAPPING events from decorations provider vscode.git 914
[2022-08-08 16:30:50.813] [exthost] [warning] [Decorations] CAPPING events from decorations provider vscode.git 914
[2022-08-08 16:30:59.458] [exthost] [warning] [Decorations] CAPPING events from decorations provider vscode.git 914
[2022-08-08 16:31:08.188] [exthost] [warning] [Decorations] CAPPING events from decorations provider vscode.git 914
[2022-08-08 16:31:25.904] [exthost] [warning] [Decorations] CAPPING events from decorations provider vscode.git 914
[2022-08-08 16:31:34.548] [exthost] [warning] [Decorations] CAPPING events from decorations provider vscode.git 918
[2022-08-08 16:31:45.581] [exthost] [warning] [Decorations] CAPPING events from decorations provider vscode.git 918
[2022-08-08 16:31:57.382] [exthost] [warning] [Decorations] CAPPING events from decorations provider vscode.git 918
[2022-08-08 16:32:09.052] [exthost] [warning] [Decorations] CAPPING events from decorations provider vscode.git 918
[2022-08-08 16:32:19.815] [exthost] [warning] [Decorations] CAPPING events from decorations provider vscode.git 918
[2022-08-08 16:32:31.041] [exthost] [warning] [Decorations] CAPPING events from decorations provider vscode.git 918
[2022-08-08 16:32:42.744] [exthost] [warning] [Decorations] CAPPING events from decorations provider vscode.git 918
[2022-08-08 16:32:54.486] [exthost] [warning] [Decorations] CAPPING events from decorations provider vscode.git 918
[2022-08-08 16:33:05.507] [exthost] [warning] [Decorations] CAPPING events from decorations provider vscode.git 918
[2022-08-08 16:33:17.139] [exthost] [warning] [Decorations] CAPPING events from decorations provider vscode.git 918
[2022-08-08 16:33:28.822] [exthost] [warning] [Decorations] CAPPING events from decorations provider vscode.git 918
[2022-08-08 16:33:39.085] [exthost] [warning] [Decorations] CAPPING events from decorations provider vscode.git 918
[2022-08-08 16:33:47.826] [exthost] [warning] [Decorations] CAPPING events from decorations provider vscode.git 918
[2022-08-08 16:33:56.582] [exthost] [warning] [Decorations] CAPPING events from decorations provider vscode.git 918
[2022-08-08 16:34:05.358] [exthost] [warning] [Decorations] CAPPING events from decorations provider vscode.git 918
[2022-08-08 16:34:14.126] [exthost] [warning] [Decorations] CAPPING events from decorations provider vscode.git 918
[2022-08-08 16:36:53.432] [exthost] [warning] [Decorations] CAPPING events from decorations provider vscode.git 918
[2022-08-08 16:37:02.113] [exthost] [warning] [Decorations] CAPPING events from decorations provider vscode.git 918
[2022-08-08 16:37:10.719] [exthost] [warning] [Decorations] CAPPING events from decorations provider vscode.git 918
[2022-08-08 16:37:19.394] [exthost] [warning] [Decorations] CAPPING events from decorations provider vscode.git 918
[2022-08-08 16:37:28.083] [exthost] [warning] [Decorations] CAPPING events from decorations provider vscode.git 918
[2022-08-08 16:37:36.740] [exthost] [warning] [Decorations] CAPPING events from decorations provider vscode.git 918
[2022-08-08 16:37:45.481] [exthost] [warning] [Decorations] CAPPING events from decorations provider vscode.git 918
[2022-08-08 16:37:54.179] [exthost] [warning] [Decorations] CAPPING events from decorations provider vscode.git 918
[2022-08-08 16:38:02.899] [exthost] [warning] [Decorations] CAPPING events from decorations provider vscode.git 918
[2022-08-08 16:38:11.579] [exthost] [warning] [Decorations] CAPPING events from decorations provider vscode.git 918
[2022-08-08 16:38:20.266] [exthost] [warning] [Decorations] CAPPING events from decorations provider vscode.git 918
[2022-08-08 16:38:29.018] [exthost] [warning] [Decorations] CAPPING events from decorations provider vscode.git 918
[2022-08-08 16:38:37.680] [exthost] [warning] [Decorations] CAPPING events from decorations provider vscode.git 918
[2022-08-08 16:38:46.447] [exthost] [warning] [Decorations] CAPPING events from decorations provider vscode.git 918
[2022-08-08 16:38:55.232] [exthost] [warning] [Decorations] CAPPING events from decorations provider vscode.git 918
[2022-08-08 16:39:03.798] [exthost] [warning] [Decorations] CAPPING events from decorations provider vscode.git 918
[2022-08-08 16:39:12.411] [exthost] [warning] [Decorations] CAPPING events from decorations provider vscode.git 918
[2022-08-08 16:39:21.025] [exthost] [warning] [Decorations] CAPPING events from decorations provider vscode.git 918
[2022-08-08 16:39:29.662] [exthost] [warning] [Decorations] CAPPING events from decorations provider vscode.git 918
[2022-08-08 16:39:38.236] [exthost] [warning] [Decorations] CAPPING events from decorations provider vscode.git 918
[2022-08-08 16:39:46.844] [exthost] [warning] [Decorations] CAPPING events from decorations provider vscode.git 918
[2022-08-08 16:39:55.432] [exthost] [warning] [Decorations] CAPPING events from decorations provider vscode.git 918
[2022-08-08 16:40:04.011] [exthost] [warning] [Decorations] CAPPING events from decorations provider vscode.git 918
[2022-08-08 16:40:12.639] [exthost] [warning] [Decorations] CAPPING events from decorations provider vscode.git 918
[2022-08-08 16:40:21.211] [exthost] [warning] [Decorations] CAPPING events from decorations provider vscode.git 918
[2022-08-08 16:40:29.830] [exthost] [warning] [Decorations] CAPPING events from decorations provider vscode.git 918
[2022-08-08 16:40:38.515] [exthost] [warning] [Decorations] CAPPING events from decorations provider vscode.git 918
[2022-08-08 16:40:47.150] [exthost] [warning] [Decorations] CAPPING events from decorations provider vscode.git 918
[2022-08-08 16:40:55.829] [exthost] [warning] [Decorations] CAPPING events from decorations provider vscode.git 918
[2022-08-08 16:41:04.544] [exthost] [warning] [Decorations] CAPPING events from decorations provider vscode.git 918
[2022-08-08 16:41:13.206] [exthost] [warning] [Decorations] CAPPING events from decorations provider vscode.git 918
[2022-08-08 16:41:21.842] [exthost] [warning] [Decorations] CAPPING events from decorations provider vscode.git 918
[2022-08-08 16:41:30.549] [exthost] [warning] [Decorations] CAPPING events from decorations provider vscode.git 918
[2022-08-08 16:41:39.053] [exthost] [warning] [Decorations] CAPPING events from decorations provider vscode.git 918
[2022-08-08 16:41:47.754] [exthost] [warning] [Decorations] CAPPING events from decorations provider vscode.git 918
[2022-08-08 16:41:56.324] [exthost] [warning] [Decorations] CAPPING events from decorations provider vscode.git 918
[2022-08-08 16:42:05.054] [exthost] [warning] [Decorations] CAPPING events from decorations provider vscode.git 918
[2022-08-08 16:42:13.630] [exthost] [warning] [Decorations] CAPPING events from decorations provider vscode.git 918
[2022-08-08 16:42:22.200] [exthost] [warning] [Decorations] CAPPING events from decorations provider vscode.git 918
[2022-08-08 16:42:30.826] [exthost] [warning] [Decorations] CAPPING events from decorations provider vscode.git 918
[2022-08-08 16:42:39.462] [exthost] [warning] [Decorations] CAPPING events from decorations provider vscode.git 918
[2022-08-08 16:42:48.135] [exthost] [warning] [Decorations] CAPPING events from decorations provider vscode.git 918
[2022-08-08 16:42:56.833] [exthost] [warning] [Decorations] CAPPING events from decorations provider vscode.git 918
[2022-08-08 16:43:05.451] [exthost] [warning] [Decorations] CAPPING events from decorations provider vscode.git 918
[2022-08-08 16:43:14.043] [exthost] [warning] [Decorations] CAPPING events from decorations provider vscode.git 918
[2022-08-08 16:43:22.667] [exthost] [warning] [Decorations] CAPPING events from decorations provider vscode.git 918
[2022-08-08 16:43:31.383] [exthost] [warning] [Decorations] CAPPING events from decorations provider vscode.git 918
[2022-08-08 16:43:40.039] [exthost] [warning] [Decorations] CAPPING events from decorations provider vscode.git 918
[2022-08-08 16:43:48.597] [exthost] [warning] [Decorations] CAPPING events from decorations provider vscode.git 918
[2022-08-08 16:43:57.249] [exthost] [warning] [Decorations] CAPPING events from decorations provider vscode.git 918
[2022-08-08 16:44:05.960] [exthost] [warning] [Decorations] CAPPING events from decorations provider vscode.git 918
[2022-08-08 16:44:14.698] [exthost] [warning] [Decorations] CAPPING events from decorations provider vscode.git 918
[2022-08-08 16:44:23.440] [exthost] [warning] [Decorations] CAPPING events from decorations provider vscode.git 918
[2022-08-08 16:44:32.084] [exthost] [warning] [Decorations] CAPPING events from decorations provider vscode.git 918
[2022-08-08 16:44:40.757] [exthost] [warning] [Decorations] CAPPING events from decorations provider vscode.git 918
[2022-08-08 16:44:49.353] [exthost] [warning] [Decorations] CAPPING events from decorations provider vscode.git 918
[2022-08-08 16:44:57.974] [exthost] [warning] [Decorations] CAPPING events from decorations provider vscode.git 918
[2022-08-08 16:45:06.690] [exthost] [warning] [Decorations] CAPPING events from decorations provider vscode.git 918
[2022-08-08 16:45:15.312] [exthost] [warning] [Decorations] CAPPING events from decorations provider vscode.git 918
[2022-08-08 16:45:23.963] [exthost] [warning] [Decorations] CAPPING events from decorations provider vscode.git 918
[2022-08-08 16:45:32.594] [exthost] [warning] [Decorations] CAPPING events from decorations provider vscode.git 918
[2022-08-08 16:45:41.281] [exthost] [warning] [Decorations] CAPPING events from decorations provider vscode.git 918
