Code - OSS (1.64.2, kasan.kl.dfki.de:58196, desktop)
Jupyter Extension Version: 2022.3.1000752054.
Python Extension Version: 2022.4.1.
Info 13:14:23: ZMQ install verified.
Info 13:14:23: Experiment status for python is {"enabled":true,"optInto":[],"optOutFrom":[]}
Info 13:14:23: Getting activation commands for /usr/bin/python3 are not cached. May take a while.
Info 13:14:24: Process Execution: > /usr/bin/python3 -m pip list
> /usr/bin/python3 -m pip list
Info 13:14:24: Process Execution: > /usr/bin/python3 -c "import pip"
> /usr/bin/python3 -c "import pip"
Info 14:34:28: Getting activation commands for /opt/conda/bin/python are not cached. May take a while.
Info 14:34:28: Activation Commands received source /opt/conda/bin/activate,conda activate base for shell bash
Info 14:34:28: Process Execution: > /opt/conda/bin/python -m pip list
> /opt/conda/bin/python -m pip list
Info 14:54:36: Shutting down notebooks for 4b1b5bec-046f-43bb-a6d4-1903083d9d68
Info 14:54:36: Disposing HostJupyterExecution 7e5ab218-0057-498f-86d0-ca75d37a93ca
Info 14:54:36: Disposing super HostJupyterExecution 7e5ab218-0057-498f-86d0-ca75d37a93ca
Info 14:54:36: Disposing HostJupyterExecution 7e5ab218-0057-498f-86d0-ca75d37a93ca
Info 14:54:36: Finished disposing HostJupyterExecution  7e5ab218-0057-498f-86d0-ca75d37a93ca
Info 14:54:36: Cleaning up server cache 7e5ab218-0057-498f-86d0-ca75d37a93ca
Info 14:54:36: Finished disposing HostJupyterExecution  7e5ab218-0057-498f-86d0-ca75d37a93ca
