[2022-08-09 15:32:39.121] [exthost] [info] Extension host with pid 2624271 started
[2022-08-09 15:32:39.127] [exthost] [info] Lock '/home/kadir/IML/Quantus/.code-server/User/workspaceStorage/-500ba730/vscode.lock': Lock acquired.
[2022-08-09 15:32:39.206] [exthost] [info] ExtensionService#_doActivateExtension ms-python.python, startup: false, activationEvent: 'onLanguage:python'
[2022-08-09 15:32:39.515] [exthost] [info] ExtensionService#_doActivateExtension ms-toolsai.jupyter, startup: false, activationEvent: 'onLanguage:python'
[2022-08-09 15:32:40.096] [exthost] [info] ExtensionService#_doActivateExtension vscode.debug-auto-launch, startup: true, activationEvent: '*'
[2022-08-09 15:32:40.100] [exthost] [info] ExtensionService#_doActivateExtension vscode.git-base, startup: true, activationEvent: '*', root cause: vscode.github
[2022-08-09 15:32:40.195] [exthost] [info] ExtensionService#_doActivateExtension vscode.git, startup: true, activationEvent: '*'
[2022-08-09 15:32:40.290] [exthost] [info] ExtensionService#_doActivateExtension vscode.github, startup: true, activationEvent: '*'
[2022-08-09 15:32:40.382] [exthost] [warning] [ms-toolsai.jupyter] Accessing a window scoped configuration for a resource is not expected. To associate 'jupyter.allowInput' to a resource, define its scope to 'resource' in configuration contributions in 'package.json'.
[2022-08-09 15:32:40.587] [exthost] [info] ExtensionService#_doActivateExtension ms-toolsai.jupyter-renderers, startup: false, activationEvent: 'api', root cause: ms-toolsai.jupyter
[2022-08-09 15:32:40.679] [exthost] [warning] [ms-python.python] Accessing a window scoped configuration for a resource is not expected. To associate 'python.languageServer' to a resource, define its scope to 'resource' in configuration contributions in 'package.json'.
[2022-08-09 15:32:40.685] [exthost] [warning] [ms-python.python] Accessing a window scoped configuration for a resource is not expected. To associate 'python.languageServer' to a resource, define its scope to 'resource' in configuration contributions in 'package.json'.
[2022-08-09 15:32:40.748] [exthost] [info] ExtensionService#_doActivateExtension vscode.emmet, startup: false, activationEvent: 'onStartupFinished'
[2022-08-09 15:32:40.772] [exthost] [info] ExtensionService#_doActivateExtension vscode.merge-conflict, startup: false, activationEvent: 'onStartupFinished'
[2022-08-09 15:32:40.777] [exthost] [info] Eager extensions activated
[2022-08-09 15:32:40.977] [exthost] [warning] [vscode.emmet] Accessing a resource scoped configuration without providing a resource is not expected. To get the effective value for 'emmet.includeLanguages', provide the URI of a resource or 'null' for any resource.
[2022-08-09 15:32:43.694] [exthost] [warning] [ms-python.python] Accessing a window scoped configuration for a resource is not expected. To associate 'python.languageServer' to a resource, define its scope to 'resource' in configuration contributions in 'package.json'.
[2022-08-09 15:32:43.698] [exthost] [warning] [ms-python.python] Accessing a window scoped configuration for a resource is not expected. To associate 'python.languageServer' to a resource, define its scope to 'resource' in configuration contributions in 'package.json'.
[2022-08-09 15:32:48.890] [exthost] [warning] [Decorations] CAPPING events from decorations provider vscode.git 949
[2022-08-09 15:32:53.570] [exthost] [warning] [Decorations] CAPPING events from decorations provider vscode.git 949
[2022-08-09 15:33:00.592] [exthost] [warning] [Decorations] CAPPING events from decorations provider vscode.git 949
[2022-08-09 15:33:07.633] [exthost] [warning] [Decorations] CAPPING events from decorations provider vscode.git 949
[2022-08-09 15:33:14.656] [exthost] [warning] [Decorations] CAPPING events from decorations provider vscode.git 949
[2022-08-09 15:33:21.651] [exthost] [warning] [Decorations] CAPPING events from decorations provider vscode.git 949
[2022-08-09 15:33:28.683] [exthost] [warning] [Decorations] CAPPING events from decorations provider vscode.git 949
[2022-08-09 15:33:35.675] [exthost] [warning] [Decorations] CAPPING events from decorations provider vscode.git 949
[2022-08-09 15:33:42.690] [exthost] [warning] [Decorations] CAPPING events from decorations provider vscode.git 949
[2022-08-09 15:33:49.796] [exthost] [warning] [Decorations] CAPPING events from decorations provider vscode.git 949
[2022-08-09 15:33:56.780] [exthost] [warning] [Decorations] CAPPING events from decorations provider vscode.git 949
[2022-08-09 15:34:03.917] [exthost] [warning] [Decorations] CAPPING events from decorations provider vscode.git 949
[2022-08-09 15:34:11.017] [exthost] [warning] [Decorations] CAPPING events from decorations provider vscode.git 949
[2022-08-09 15:34:18.143] [exthost] [warning] [Decorations] CAPPING events from decorations provider vscode.git 949
[2022-08-09 15:34:25.314] [exthost] [warning] [Decorations] CAPPING events from decorations provider vscode.git 950
[2022-08-09 15:34:32.371] [exthost] [warning] [Decorations] CAPPING events from decorations provider vscode.git 950
[2022-08-09 15:34:39.395] [exthost] [warning] [Decorations] CAPPING events from decorations provider vscode.git 950
[2022-08-09 15:34:46.336] [exthost] [warning] [Decorations] CAPPING events from decorations provider vscode.git 950
[2022-08-09 15:34:53.292] [exthost] [warning] [Decorations] CAPPING events from decorations provider vscode.git 954
[2022-08-09 15:35:00.510] [exthost] [warning] [Decorations] CAPPING events from decorations provider vscode.git 954
[2022-08-09 15:36:58.697] [exthost] [warning] [Decorations] CAPPING events from decorations provider vscode.git 954
[2022-08-09 15:37:05.845] [exthost] [warning] [Decorations] CAPPING events from decorations provider vscode.git 954
[2022-08-09 15:37:12.886] [exthost] [warning] [Decorations] CAPPING events from decorations provider vscode.git 958
[2022-08-09 15:37:24.901] [exthost] [warning] [Decorations] CAPPING events from decorations provider vscode.git 958
[2022-08-09 15:37:34.627] [exthost] [warning] [Decorations] CAPPING events from decorations provider vscode.git 958
[2022-08-09 15:37:44.369] [exthost] [warning] [Decorations] CAPPING events from decorations provider vscode.git 958
[2022-08-09 15:37:53.751] [exthost] [warning] [Decorations] CAPPING events from decorations provider vscode.git 958
[2022-08-09 15:38:03.865] [exthost] [warning] [Decorations] CAPPING events from decorations provider vscode.git 958
[2022-08-09 15:38:14.010] [exthost] [warning] [Decorations] CAPPING events from decorations provider vscode.git 958
[2022-08-09 15:38:23.543] [exthost] [warning] [Decorations] CAPPING events from decorations provider vscode.git 958
[2022-08-09 15:38:32.508] [exthost] [warning] [Decorations] CAPPING events from decorations provider vscode.git 958
[2022-08-09 15:38:41.636] [exthost] [warning] [Decorations] CAPPING events from decorations provider vscode.git 958
[2022-08-09 15:38:50.431] [exthost] [warning] [Decorations] CAPPING events from decorations provider vscode.git 958
[2022-08-09 15:38:58.976] [exthost] [warning] [Decorations] CAPPING events from decorations provider vscode.git 958
[2022-08-09 15:39:09.108] [exthost] [warning] [Decorations] CAPPING events from decorations provider vscode.git 958
[2022-08-09 15:39:16.182] [exthost] [warning] [Decorations] CAPPING events from decorations provider vscode.git 958
[2022-08-09 15:39:23.074] [exthost] [warning] [Decorations] CAPPING events from decorations provider vscode.git 958
[2022-08-09 15:39:30.098] [exthost] [warning] [Decorations] CAPPING events from decorations provider vscode.git 958
[2022-08-09 15:39:37.154] [exthost] [warning] [Decorations] CAPPING events from decorations provider vscode.git 958
[2022-08-09 15:39:44.150] [exthost] [warning] [Decorations] CAPPING events from decorations provider vscode.git 958
[2022-08-09 15:39:51.135] [exthost] [warning] [Decorations] CAPPING events from decorations provider vscode.git 958
[2022-08-09 15:39:58.275] [exthost] [warning] [Decorations] CAPPING events from decorations provider vscode.git 958
[2022-08-09 15:40:05.308] [exthost] [warning] [Decorations] CAPPING events from decorations provider vscode.git 958
[2022-08-09 15:40:12.574] [exthost] [warning] [Decorations] CAPPING events from decorations provider vscode.git 958
[2022-08-09 15:40:19.644] [exthost] [warning] [Decorations] CAPPING events from decorations provider vscode.git 958
[2022-08-09 15:40:26.690] [exthost] [warning] [Decorations] CAPPING events from decorations provider vscode.git 958
[2022-08-09 15:40:33.636] [exthost] [warning] [Decorations] CAPPING events from decorations provider vscode.git 958
[2022-08-09 15:40:40.717] [exthost] [warning] [Decorations] CAPPING events from decorations provider vscode.git 958
[2022-08-09 15:40:47.719] [exthost] [warning] [Decorations] CAPPING events from decorations provider vscode.git 958
[2022-08-09 15:40:54.817] [exthost] [warning] [Decorations] CAPPING events from decorations provider vscode.git 958
[2022-08-09 15:41:01.802] [exthost] [warning] [Decorations] CAPPING events from decorations provider vscode.git 958
[2022-08-09 15:41:08.768] [exthost] [warning] [Decorations] CAPPING events from decorations provider vscode.git 958
[2022-08-09 15:41:15.816] [exthost] [warning] [Decorations] CAPPING events from decorations provider vscode.git 958
[2022-08-09 15:41:22.783] [exthost] [warning] [Decorations] CAPPING events from decorations provider vscode.git 958
[2022-08-09 15:41:29.751] [exthost] [warning] [Decorations] CAPPING events from decorations provider vscode.git 958
[2022-08-09 15:41:36.768] [exthost] [warning] [Decorations] CAPPING events from decorations provider vscode.git 958
[2022-08-09 15:41:43.873] [exthost] [warning] [Decorations] CAPPING events from decorations provider vscode.git 958
[2022-08-09 15:41:51.057] [exthost] [warning] [Decorations] CAPPING events from decorations provider vscode.git 958
[2022-08-09 15:41:58.069] [exthost] [warning] [Decorations] CAPPING events from decorations provider vscode.git 958
[2022-08-09 15:42:05.071] [exthost] [warning] [Decorations] CAPPING events from decorations provider vscode.git 958
[2022-08-09 15:42:11.984] [exthost] [warning] [Decorations] CAPPING events from decorations provider vscode.git 958
[2022-08-09 15:42:19.173] [exthost] [warning] [Decorations] CAPPING events from decorations provider vscode.git 958
[2022-08-09 15:42:26.417] [exthost] [warning] [Decorations] CAPPING events from decorations provider vscode.git 958
[2022-08-09 15:42:33.395] [exthost] [warning] [Decorations] CAPPING events from decorations provider vscode.git 958
[2022-08-09 15:42:40.328] [exthost] [warning] [Decorations] CAPPING events from decorations provider vscode.git 958
[2022-08-09 15:42:47.284] [exthost] [warning] [Decorations] CAPPING events from decorations provider vscode.git 958
[2022-08-09 15:42:54.276] [exthost] [warning] [Decorations] CAPPING events from decorations provider vscode.git 958
[2022-08-09 15:43:01.240] [exthost] [warning] [Decorations] CAPPING events from decorations provider vscode.git 958
[2022-08-09 15:43:08.219] [exthost] [warning] [Decorations] CAPPING events from decorations provider vscode.git 958
[2022-08-09 15:43:15.219] [exthost] [warning] [Decorations] CAPPING events from decorations provider vscode.git 958
[2022-08-09 15:43:22.541] [exthost] [warning] [Decorations] CAPPING events from decorations provider vscode.git 958
[2022-08-09 15:43:29.528] [exthost] [warning] [Decorations] CAPPING events from decorations provider vscode.git 958
[2022-08-09 15:43:36.502] [exthost] [warning] [Decorations] CAPPING events from decorations provider vscode.git 958
[2022-08-09 15:43:43.519] [exthost] [warning] [Decorations] CAPPING events from decorations provider vscode.git 958
[2022-08-09 15:43:50.482] [exthost] [warning] [Decorations] CAPPING events from decorations provider vscode.git 958
[2022-08-09 15:43:57.445] [exthost] [warning] [Decorations] CAPPING events from decorations provider vscode.git 958
[2022-08-09 15:44:04.369] [exthost] [warning] [Decorations] CAPPING events from decorations provider vscode.git 958
[2022-08-09 15:44:11.467] [exthost] [warning] [Decorations] CAPPING events from decorations provider vscode.git 958
[2022-08-09 15:44:18.543] [exthost] [warning] [Decorations] CAPPING events from decorations provider vscode.git 962
[2022-08-09 15:44:28.192] [exthost] [warning] [Decorations] CAPPING events from decorations provider vscode.git 962
[2022-08-09 15:44:38.132] [exthost] [warning] [Decorations] CAPPING events from decorations provider vscode.git 962
[2022-08-09 15:44:47.732] [exthost] [warning] [Decorations] CAPPING events from decorations provider vscode.git 962
[2022-08-09 15:44:57.172] [exthost] [warning] [Decorations] CAPPING events from decorations provider vscode.git 962
[2022-08-09 15:45:05.943] [exthost] [warning] [Decorations] CAPPING events from decorations provider vscode.git 962
[2022-08-09 15:45:15.512] [exthost] [warning] [Decorations] CAPPING events from decorations provider vscode.git 962
[2022-08-09 15:45:24.955] [exthost] [warning] [Decorations] CAPPING events from decorations provider vscode.git 962
[2022-08-09 15:45:34.635] [exthost] [warning] [Decorations] CAPPING events from decorations provider vscode.git 962
[2022-08-09 15:45:44.200] [exthost] [warning] [Decorations] CAPPING events from decorations provider vscode.git 962
[2022-08-09 15:45:53.476] [exthost] [warning] [Decorations] CAPPING events from decorations provider vscode.git 962
[2022-08-09 15:46:02.177] [exthost] [warning] [Decorations] CAPPING events from decorations provider vscode.git 962
[2022-08-09 15:46:11.143] [exthost] [warning] [Decorations] CAPPING events from decorations provider vscode.git 962
[2022-08-09 15:46:18.918] [exthost] [warning] [Decorations] CAPPING events from decorations provider vscode.git 962
[2022-08-09 15:46:26.023] [exthost] [warning] [Decorations] CAPPING events from decorations provider vscode.git 962
[2022-08-09 15:46:33.223] [exthost] [warning] [Decorations] CAPPING events from decorations provider vscode.git 962
[2022-08-09 15:46:40.340] [exthost] [warning] [Decorations] CAPPING events from decorations provider vscode.git 962
[2022-08-09 15:46:47.353] [exthost] [warning] [Decorations] CAPPING events from decorations provider vscode.git 962
[2022-08-09 15:46:54.296] [exthost] [warning] [Decorations] CAPPING events from decorations provider vscode.git 962
[2022-08-09 15:47:01.394] [exthost] [warning] [Decorations] CAPPING events from decorations provider vscode.git 962
[2022-08-09 15:47:08.330] [exthost] [warning] [Decorations] CAPPING events from decorations provider vscode.git 962
[2022-08-09 15:47:15.513] [exthost] [warning] [Decorations] CAPPING events from decorations provider vscode.git 966
[2022-08-09 15:47:24.336] [exthost] [warning] [Decorations] CAPPING events from decorations provider vscode.git 966
[2022-08-09 15:53:01.688] [exthost] [warning] [Decorations] CAPPING events from decorations provider vscode.git 966
[2022-08-09 15:53:08.734] [exthost] [warning] [Decorations] CAPPING events from decorations provider vscode.git 966
[2022-08-09 15:53:14.259] [exthost] [error] [ms-python.python] provider FAILED
[2022-08-09 15:53:14.259] [exthost] [error] Error: DisposableStore is missing...
	at G._convertCompletionItem (/tmp/code-server-4.2.0-linux-amd64/lib/vscode/out/vs/workbench/services/extensions/node/extensionHostProcess.js:93:105486)
	at G.resolveCompletionItem (/tmp/code-server-4.2.0-linux-amd64/lib/vscode/out/vs/workbench/services/extensions/node/extensionHostProcess.js:93:105266)
[2022-08-09 15:53:15.855] [exthost] [warning] [Decorations] CAPPING events from decorations provider vscode.git 966
[2022-08-09 15:53:22.903] [exthost] [warning] [Decorations] CAPPING events from decorations provider vscode.git 966
[2022-08-09 15:53:30.116] [exthost] [warning] [Decorations] CAPPING events from decorations provider vscode.git 966
[2022-08-09 15:53:37.060] [exthost] [warning] [Decorations] CAPPING events from decorations provider vscode.git 966
[2022-08-09 15:53:44.159] [exthost] [warning] [Decorations] CAPPING events from decorations provider vscode.git 966
[2022-08-09 15:53:51.072] [exthost] [warning] [Decorations] CAPPING events from decorations provider vscode.git 966
[2022-08-09 15:53:58.161] [exthost] [warning] [Decorations] CAPPING events from decorations provider vscode.git 966
[2022-08-09 15:54:05.896] [exthost] [warning] [Decorations] CAPPING events from decorations provider vscode.git 970
[2022-08-09 15:54:13.562] [exthost] [warning] [Decorations] CAPPING events from decorations provider vscode.git 970
[2022-08-09 15:54:23.944] [exthost] [warning] [Decorations] CAPPING events from decorations provider vscode.git 970
[2022-08-09 15:54:33.989] [exthost] [warning] [Decorations] CAPPING events from decorations provider vscode.git 970
[2022-08-09 15:54:44.349] [exthost] [warning] [Decorations] CAPPING events from decorations provider vscode.git 970
[2022-08-09 15:54:54.794] [exthost] [warning] [Decorations] CAPPING events from decorations provider vscode.git 970
[2022-08-09 15:55:04.631] [exthost] [warning] [Decorations] CAPPING events from decorations provider vscode.git 970
[2022-08-09 16:02:00.421] [exthost] [warning] [Decorations] CAPPING events from decorations provider vscode.git 970
[2022-08-09 16:02:07.471] [exthost] [warning] [Decorations] CAPPING events from decorations provider vscode.git 970
[2022-08-09 16:02:14.363] [exthost] [warning] [Decorations] CAPPING events from decorations provider vscode.git 970
[2022-08-09 16:02:21.250] [exthost] [warning] [Decorations] CAPPING events from decorations provider vscode.git 970
[2022-08-09 16:02:28.223] [exthost] [warning] [Decorations] CAPPING events from decorations provider vscode.git 970
[2022-08-09 16:02:35.164] [exthost] [warning] [Decorations] CAPPING events from decorations provider vscode.git 970
[2022-08-09 16:02:42.200] [exthost] [warning] [Decorations] CAPPING events from decorations provider vscode.git 970
[2022-08-09 16:02:49.178] [exthost] [warning] [Decorations] CAPPING events from decorations provider vscode.git 970
[2022-08-09 16:02:56.404] [exthost] [warning] [Decorations] CAPPING events from decorations provider vscode.git 970
[2022-08-09 16:03:03.445] [exthost] [warning] [Decorations] CAPPING events from decorations provider vscode.git 970
[2022-08-09 16:03:10.454] [exthost] [warning] [Decorations] CAPPING events from decorations provider vscode.git 970
[2022-08-09 16:03:17.355] [exthost] [warning] [Decorations] CAPPING events from decorations provider vscode.git 970
[2022-08-09 16:03:24.286] [exthost] [warning] [Decorations] CAPPING events from decorations provider vscode.git 970
[2022-08-09 16:03:31.283] [exthost] [warning] [Decorations] CAPPING events from decorations provider vscode.git 970
[2022-08-09 16:03:38.189] [exthost] [warning] [Decorations] CAPPING events from decorations provider vscode.git 970
[2022-08-09 16:03:45.280] [exthost] [warning] [Decorations] CAPPING events from decorations provider vscode.git 970
[2022-08-09 16:03:52.247] [exthost] [warning] [Decorations] CAPPING events from decorations provider vscode.git 970
[2022-08-09 16:03:59.198] [exthost] [warning] [Decorations] CAPPING events from decorations provider vscode.git 970
[2022-08-09 16:04:06.224] [exthost] [warning] [Decorations] CAPPING events from decorations provider vscode.git 970
[2022-08-09 16:04:13.309] [exthost] [warning] [Decorations] CAPPING events from decorations provider vscode.git 970
[2022-08-09 16:04:20.305] [exthost] [warning] [Decorations] CAPPING events from decorations provider vscode.git 970
[2022-08-09 16:04:27.834] [exthost] [warning] [Decorations] CAPPING events from decorations provider vscode.git 970
[2022-08-09 16:04:34.975] [exthost] [warning] [Decorations] CAPPING events from decorations provider vscode.git 970
[2022-08-09 16:04:42.089] [exthost] [warning] [Decorations] CAPPING events from decorations provider vscode.git 970
[2022-08-09 16:04:49.003] [exthost] [warning] [Decorations] CAPPING events from decorations provider vscode.git 970
[2022-08-09 16:04:55.910] [exthost] [warning] [Decorations] CAPPING events from decorations provider vscode.git 970
[2022-08-09 16:05:03.055] [exthost] [warning] [Decorations] CAPPING events from decorations provider vscode.git 970
[2022-08-09 16:05:10.043] [exthost] [warning] [Decorations] CAPPING events from decorations provider vscode.git 970
[2022-08-09 16:05:17.086] [exthost] [warning] [Decorations] CAPPING events from decorations provider vscode.git 970
[2022-08-09 16:05:24.019] [exthost] [warning] [Decorations] CAPPING events from decorations provider vscode.git 970
[2022-08-09 16:05:31.274] [exthost] [warning] [Decorations] CAPPING events from decorations provider vscode.git 970
[2022-08-09 16:05:38.292] [exthost] [warning] [Decorations] CAPPING events from decorations provider vscode.git 970
[2022-08-09 16:05:45.270] [exthost] [warning] [Decorations] CAPPING events from decorations provider vscode.git 970
[2022-08-09 16:05:52.303] [exthost] [warning] [Decorations] CAPPING events from decorations provider vscode.git 970
[2022-08-09 16:05:59.397] [exthost] [warning] [Decorations] CAPPING events from decorations provider vscode.git 970
[2022-08-09 16:06:06.570] [exthost] [warning] [Decorations] CAPPING events from decorations provider vscode.git 970
[2022-08-09 16:06:13.864] [exthost] [warning] [Decorations] CAPPING events from decorations provider vscode.git 974
[2022-08-09 16:06:23.666] [exthost] [warning] [Decorations] CAPPING events from decorations provider vscode.git 974
[2022-08-09 16:06:34.878] [exthost] [warning] [Decorations] CAPPING events from decorations provider vscode.git 974
[2022-08-09 16:06:44.764] [exthost] [warning] [Decorations] CAPPING events from decorations provider vscode.git 974
[2022-08-09 16:06:53.773] [exthost] [warning] [Decorations] CAPPING events from decorations provider vscode.git 974
[2022-08-09 16:07:04.409] [exthost] [warning] [Decorations] CAPPING events from decorations provider vscode.git 974
[2022-08-09 16:07:14.251] [exthost] [warning] [Decorations] CAPPING events from decorations provider vscode.git 974
[2022-08-09 16:07:24.363] [exthost] [warning] [Decorations] CAPPING events from decorations provider vscode.git 974
[2022-08-09 16:07:34.887] [exthost] [warning] [Decorations] CAPPING events from decorations provider vscode.git 974
[2022-08-09 16:07:43.746] [exthost] [warning] [Decorations] CAPPING events from decorations provider vscode.git 974
[2022-08-09 16:07:52.540] [exthost] [warning] [Decorations] CAPPING events from decorations provider vscode.git 974
[2022-08-09 16:08:05.413] [exthost] [warning] [Decorations] CAPPING events from decorations provider vscode.git 974
[2022-08-09 16:08:12.645] [exthost] [warning] [Decorations] CAPPING events from decorations provider vscode.git 974
[2022-08-09 16:08:19.695] [exthost] [warning] [Decorations] CAPPING events from decorations provider vscode.git 974
[2022-08-09 16:08:26.668] [exthost] [warning] [Decorations] CAPPING events from decorations provider vscode.git 974
[2022-08-09 16:08:33.595] [exthost] [warning] [Decorations] CAPPING events from decorations provider vscode.git 974
[2022-08-09 16:08:40.556] [exthost] [warning] [Decorations] CAPPING events from decorations provider vscode.git 974
[2022-08-09 16:08:47.650] [exthost] [warning] [Decorations] CAPPING events from decorations provider vscode.git 974
[2022-08-09 16:08:54.606] [exthost] [warning] [Decorations] CAPPING events from decorations provider vscode.git 974
[2022-08-09 16:09:01.562] [exthost] [warning] [Decorations] CAPPING events from decorations provider vscode.git 974
[2022-08-09 16:09:08.673] [exthost] [warning] [Decorations] CAPPING events from decorations provider vscode.git 974
[2022-08-09 16:09:15.632] [exthost] [warning] [Decorations] CAPPING events from decorations provider vscode.git 974
[2022-08-09 16:09:22.566] [exthost] [warning] [Decorations] CAPPING events from decorations provider vscode.git 974
[2022-08-09 16:09:29.577] [exthost] [warning] [Decorations] CAPPING events from decorations provider vscode.git 974
[2022-08-09 16:09:36.573] [exthost] [warning] [Decorations] CAPPING events from decorations provider vscode.git 974
[2022-08-09 16:09:43.556] [exthost] [warning] [Decorations] CAPPING events from decorations provider vscode.git 974
[2022-08-09 16:09:50.503] [exthost] [warning] [Decorations] CAPPING events from decorations provider vscode.git 974
[2022-08-09 16:09:57.482] [exthost] [warning] [Decorations] CAPPING events from decorations provider vscode.git 974
[2022-08-09 16:10:04.437] [exthost] [warning] [Decorations] CAPPING events from decorations provider vscode.git 974
[2022-08-09 16:10:11.414] [exthost] [warning] [Decorations] CAPPING events from decorations provider vscode.git 974
[2022-08-09 16:10:18.485] [exthost] [warning] [Decorations] CAPPING events from decorations provider vscode.git 974
[2022-08-09 16:10:25.518] [exthost] [warning] [Decorations] CAPPING events from decorations provider vscode.git 978
[2022-08-09 16:10:32.622] [exthost] [warning] [Decorations] CAPPING events from decorations provider vscode.git 978
[2022-08-09 16:10:41.828] [exthost] [warning] [Decorations] CAPPING events from decorations provider vscode.git 978
[2022-08-09 16:10:50.777] [exthost] [warning] [Decorations] CAPPING events from decorations provider vscode.git 978
[2022-08-09 16:11:00.783] [exthost] [warning] [Decorations] CAPPING events from decorations provider vscode.git 978
[2022-08-09 16:11:10.598] [exthost] [warning] [Decorations] CAPPING events from decorations provider vscode.git 978
[2022-08-09 16:11:21.205] [exthost] [warning] [Decorations] CAPPING events from decorations provider vscode.git 978
[2022-08-09 16:12:38.573] [exthost] [warning] [Decorations] CAPPING events from decorations provider vscode.git 978
[2022-08-09 16:12:45.706] [exthost] [warning] [Decorations] CAPPING events from decorations provider vscode.git 978
[2022-08-09 16:12:52.789] [exthost] [warning] [Decorations] CAPPING events from decorations provider vscode.git 978
[2022-08-09 16:12:59.971] [exthost] [warning] [Decorations] CAPPING events from decorations provider vscode.git 978
[2022-08-09 16:13:06.986] [exthost] [warning] [Decorations] CAPPING events from decorations provider vscode.git 978
[2022-08-09 16:13:14.044] [exthost] [warning] [Decorations] CAPPING events from decorations provider vscode.git 978
[2022-08-09 16:13:21.043] [exthost] [warning] [Decorations] CAPPING events from decorations provider vscode.git 978
[2022-08-09 16:13:28.159] [exthost] [warning] [Decorations] CAPPING events from decorations provider vscode.git 978
[2022-08-09 16:13:35.142] [exthost] [warning] [Decorations] CAPPING events from decorations provider vscode.git 978
[2022-08-09 16:13:42.172] [exthost] [warning] [Decorations] CAPPING events from decorations provider vscode.git 978
[2022-08-09 16:13:49.083] [exthost] [warning] [Decorations] CAPPING events from decorations provider vscode.git 978
[2022-08-09 16:13:56.156] [exthost] [warning] [Decorations] CAPPING events from decorations provider vscode.git 978
[2022-08-09 16:14:03.091] [exthost] [warning] [Decorations] CAPPING events from decorations provider vscode.git 978
[2022-08-09 16:14:10.253] [exthost] [warning] [Decorations] CAPPING events from decorations provider vscode.git 978
[2022-08-09 16:14:17.262] [exthost] [warning] [Decorations] CAPPING events from decorations provider vscode.git 978
[2022-08-09 16:14:20.622] [exthost] [error] [ms-python.python] provider FAILED
[2022-08-09 16:14:20.622] [exthost] [error] Error: UnboundLocalError: local variable 'end_index' referenced before assignment
	at /home/kadir/IML/Quantus/.code-server/extensions/ms-python.python-2022.4.1/out/client/extension.js:47:140123
	at /home/kadir/IML/Quantus/.code-server/extensions/ms-python.python-2022.4.1/out/client/extension.js:47:140417
	at Immediate.<anonymous> (/home/kadir/IML/Quantus/.code-server/extensions/ms-python.python-2022.4.1/out/client/extension.js:47:140780)
	at processImmediate (internal/timers.js:464:21)
[2022-08-09 16:14:24.276] [exthost] [warning] [Decorations] CAPPING events from decorations provider vscode.git 978
[2022-08-09 16:14:31.408] [exthost] [warning] [Decorations] CAPPING events from decorations provider vscode.git 978
[2022-08-09 16:14:38.313] [exthost] [warning] [Decorations] CAPPING events from decorations provider vscode.git 978
[2022-08-09 16:14:45.487] [exthost] [warning] [Decorations] CAPPING events from decorations provider vscode.git 978
[2022-08-09 16:14:52.497] [exthost] [warning] [Decorations] CAPPING events from decorations provider vscode.git 978
[2022-08-09 16:14:59.512] [exthost] [warning] [Decorations] CAPPING events from decorations provider vscode.git 978
[2022-08-09 16:15:06.544] [exthost] [warning] [Decorations] CAPPING events from decorations provider vscode.git 978
[2022-08-09 16:15:13.558] [exthost] [warning] [Decorations] CAPPING events from decorations provider vscode.git 978
[2022-08-09 16:15:20.680] [exthost] [warning] [Decorations] CAPPING events from decorations provider vscode.git 982
[2022-08-09 16:15:30.532] [exthost] [warning] [Decorations] CAPPING events from decorations provider vscode.git 982
[2022-08-09 16:15:39.503] [exthost] [warning] [Decorations] CAPPING events from decorations provider vscode.git 982
[2022-08-09 16:15:49.655] [exthost] [warning] [Decorations] CAPPING events from decorations provider vscode.git 982
[2022-08-09 16:19:29.544] [exthost] [warning] [Decorations] CAPPING events from decorations provider vscode.git 982
[2022-08-09 16:19:36.750] [exthost] [warning] [Decorations] CAPPING events from decorations provider vscode.git 982
[2022-08-09 16:19:43.764] [exthost] [warning] [Decorations] CAPPING events from decorations provider vscode.git 982
[2022-08-09 16:19:50.790] [exthost] [warning] [Decorations] CAPPING events from decorations provider vscode.git 982
[2022-08-09 16:19:57.766] [exthost] [warning] [Decorations] CAPPING events from decorations provider vscode.git 982
[2022-08-09 16:20:05.055] [exthost] [warning] [Decorations] CAPPING events from decorations provider vscode.git 982
[2022-08-09 16:20:12.076] [exthost] [warning] [Decorations] CAPPING events from decorations provider vscode.git 982
[2022-08-09 16:20:19.090] [exthost] [warning] [Decorations] CAPPING events from decorations provider vscode.git 982
[2022-08-09 16:20:26.112] [exthost] [warning] [Decorations] CAPPING events from decorations provider vscode.git 982
[2022-08-09 16:20:33.195] [exthost] [warning] [Decorations] CAPPING events from decorations provider vscode.git 982
[2022-08-09 16:20:40.120] [exthost] [warning] [Decorations] CAPPING events from decorations provider vscode.git 982
[2022-08-09 16:20:47.083] [exthost] [warning] [Decorations] CAPPING events from decorations provider vscode.git 982
[2022-08-09 16:20:54.007] [exthost] [warning] [Decorations] CAPPING events from decorations provider vscode.git 982
[2022-08-09 16:21:01.331] [exthost] [warning] [Decorations] CAPPING events from decorations provider vscode.git 982
[2022-08-09 16:21:08.325] [exthost] [warning] [Decorations] CAPPING events from decorations provider vscode.git 982
[2022-08-09 16:21:15.367] [exthost] [warning] [Decorations] CAPPING events from decorations provider vscode.git 982
[2022-08-09 16:21:22.332] [exthost] [warning] [Decorations] CAPPING events from decorations provider vscode.git 982
[2022-08-09 16:21:29.382] [exthost] [warning] [Decorations] CAPPING events from decorations provider vscode.git 982
[2022-08-09 16:21:36.391] [exthost] [warning] [Decorations] CAPPING events from decorations provider vscode.git 982
[2022-08-09 16:21:43.402] [exthost] [warning] [Decorations] CAPPING events from decorations provider vscode.git 982
[2022-08-09 16:21:50.369] [exthost] [warning] [Decorations] CAPPING events from decorations provider vscode.git 982
[2022-08-09 16:21:57.359] [exthost] [warning] [Decorations] CAPPING events from decorations provider vscode.git 982
[2022-08-09 16:22:04.403] [exthost] [warning] [Decorations] CAPPING events from decorations provider vscode.git 982
[2022-08-09 16:22:11.434] [exthost] [warning] [Decorations] CAPPING events from decorations provider vscode.git 982
[2022-08-09 16:22:18.533] [exthost] [warning] [Decorations] CAPPING events from decorations provider vscode.git 982
[2022-08-09 16:22:25.465] [exthost] [warning] [Decorations] CAPPING events from decorations provider vscode.git 982
[2022-08-09 16:22:32.427] [exthost] [warning] [Decorations] CAPPING events from decorations provider vscode.git 982
[2022-08-09 16:22:39.378] [exthost] [warning] [Decorations] CAPPING events from decorations provider vscode.git 982
[2022-08-09 16:22:46.291] [exthost] [warning] [Decorations] CAPPING events from decorations provider vscode.git 982
[2022-08-09 16:22:53.218] [exthost] [warning] [Decorations] CAPPING events from decorations provider vscode.git 982
[2022-08-09 16:23:00.178] [exthost] [warning] [Decorations] CAPPING events from decorations provider vscode.git 982
[2022-08-09 16:23:07.126] [exthost] [warning] [Decorations] CAPPING events from decorations provider vscode.git 982
[2022-08-09 16:23:14.326] [exthost] [warning] [Decorations] CAPPING events from decorations provider vscode.git 982
[2022-08-09 16:23:21.267] [exthost] [warning] [Decorations] CAPPING events from decorations provider vscode.git 982
[2022-08-09 16:23:28.305] [exthost] [warning] [Decorations] CAPPING events from decorations provider vscode.git 982
[2022-08-09 16:23:35.369] [exthost] [warning] [Decorations] CAPPING events from decorations provider vscode.git 982
[2022-08-09 16:23:42.460] [exthost] [warning] [Decorations] CAPPING events from decorations provider vscode.git 982
[2022-08-09 16:23:49.395] [exthost] [warning] [Decorations] CAPPING events from decorations provider vscode.git 982
[2022-08-09 16:23:56.381] [exthost] [warning] [Decorations] CAPPING events from decorations provider vscode.git 982
[2022-08-09 16:24:03.516] [exthost] [warning] [Decorations] CAPPING events from decorations provider vscode.git 982
[2022-08-09 16:24:10.591] [exthost] [warning] [Decorations] CAPPING events from decorations provider vscode.git 982
[2022-08-09 16:24:17.639] [exthost] [warning] [Decorations] CAPPING events from decorations provider vscode.git 982
[2022-08-09 16:24:24.736] [exthost] [warning] [Decorations] CAPPING events from decorations provider vscode.git 982
[2022-08-09 16:24:31.694] [exthost] [warning] [Decorations] CAPPING events from decorations provider vscode.git 982
[2022-08-09 16:24:38.619] [exthost] [warning] [Decorations] CAPPING events from decorations provider vscode.git 982
[2022-08-09 16:24:45.602] [exthost] [warning] [Decorations] CAPPING events from decorations provider vscode.git 982
[2022-08-09 16:24:52.564] [exthost] [warning] [Decorations] CAPPING events from decorations provider vscode.git 982
[2022-08-09 16:24:59.542] [exthost] [warning] [Decorations] CAPPING events from decorations provider vscode.git 982
[2022-08-09 16:25:06.587] [exthost] [warning] [Decorations] CAPPING events from decorations provider vscode.git 982
[2022-08-09 16:25:13.583] [exthost] [warning] [Decorations] CAPPING events from decorations provider vscode.git 982
[2022-08-09 16:25:20.651] [exthost] [warning] [Decorations] CAPPING events from decorations provider vscode.git 982
[2022-08-09 16:25:27.744] [exthost] [warning] [Decorations] CAPPING events from decorations provider vscode.git 982
[2022-08-09 16:25:34.871] [exthost] [warning] [Decorations] CAPPING events from decorations provider vscode.git 982
[2022-08-09 16:25:41.926] [exthost] [warning] [Decorations] CAPPING events from decorations provider vscode.git 982
[2022-08-09 16:25:49.160] [exthost] [warning] [Decorations] CAPPING events from decorations provider vscode.git 982
[2022-08-09 16:25:56.260] [exthost] [warning] [Decorations] CAPPING events from decorations provider vscode.git 982
[2022-08-09 16:26:03.255] [exthost] [warning] [Decorations] CAPPING events from decorations provider vscode.git 982
[2022-08-09 16:26:10.204] [exthost] [warning] [Decorations] CAPPING events from decorations provider vscode.git 982
[2022-08-09 16:26:17.132] [exthost] [warning] [Decorations] CAPPING events from decorations provider vscode.git 982
[2022-08-09 16:26:24.046] [exthost] [warning] [Decorations] CAPPING events from decorations provider vscode.git 982
[2022-08-09 16:26:31.144] [exthost] [warning] [Decorations] CAPPING events from decorations provider vscode.git 982
[2022-08-09 16:26:39.315] [exthost] [warning] [Decorations] CAPPING events from decorations provider vscode.git 986
[2022-08-09 16:26:48.010] [exthost] [warning] [Decorations] CAPPING events from decorations provider vscode.git 986
[2022-08-09 16:27:20.535] [exthost] [warning] [Decorations] CAPPING events from decorations provider vscode.git 986
[2022-08-09 16:29:21.468] [exthost] [warning] [Decorations] CAPPING events from decorations provider vscode.git 986
[2022-08-09 16:29:28.518] [exthost] [warning] [Decorations] CAPPING events from decorations provider vscode.git 986
[2022-08-09 16:29:35.634] [exthost] [warning] [Decorations] CAPPING events from decorations provider vscode.git 986
[2022-08-09 16:29:42.783] [exthost] [warning] [Decorations] CAPPING events from decorations provider vscode.git 986
[2022-08-09 16:29:46.353] [exthost] [warning] [ms-python.python] Accessing a window scoped configuration for a resource is not expected. To associate 'python.languageServer' to a resource, define its scope to 'resource' in configuration contributions in 'package.json'.
[2022-08-09 16:29:46.357] [exthost] [warning] [ms-python.python] Accessing a window scoped configuration for a resource is not expected. To associate 'python.languageServer' to a resource, define its scope to 'resource' in configuration contributions in 'package.json'.
[2022-08-09 16:29:49.773] [exthost] [warning] [Decorations] CAPPING events from decorations provider vscode.git 986
[2022-08-09 16:29:56.771] [exthost] [warning] [Decorations] CAPPING events from decorations provider vscode.git 986
[2022-08-09 16:30:03.880] [exthost] [warning] [Decorations] CAPPING events from decorations provider vscode.git 986
[2022-08-09 16:30:10.883] [exthost] [warning] [Decorations] CAPPING events from decorations provider vscode.git 986
[2022-08-09 16:30:17.931] [exthost] [warning] [Decorations] CAPPING events from decorations provider vscode.git 986
[2022-08-09 16:30:24.982] [exthost] [warning] [Decorations] CAPPING events from decorations provider vscode.git 986
[2022-08-09 16:30:31.966] [exthost] [warning] [Decorations] CAPPING events from decorations provider vscode.git 986
[2022-08-09 16:30:38.958] [exthost] [warning] [Decorations] CAPPING events from decorations provider vscode.git 986
[2022-08-09 16:30:45.976] [exthost] [warning] [Decorations] CAPPING events from decorations provider vscode.git 986
[2022-08-09 16:30:52.969] [exthost] [warning] [Decorations] CAPPING events from decorations provider vscode.git 986
[2022-08-09 16:30:59.946] [exthost] [warning] [Decorations] CAPPING events from decorations provider vscode.git 986
[2022-08-09 16:31:07.319] [exthost] [warning] [Decorations] CAPPING events from decorations provider vscode.git 986
[2022-08-09 16:31:14.489] [exthost] [warning] [Decorations] CAPPING events from decorations provider vscode.git 986
[2022-08-09 16:31:21.457] [exthost] [warning] [Decorations] CAPPING events from decorations provider vscode.git 986
