[2022-08-09 10:32:35.140] [exthost] [info] Extension host with pid 2259375 started
[2022-08-09 10:32:35.148] [exthost] [info] Lock '/home/kadir/IML/Quantus/.code-server/User/workspaceStorage/-500ba730/vscode.lock': Lock acquired.
[2022-08-09 10:32:35.233] [exthost] [info] ExtensionService#_doActivateExtension vscode.debug-auto-launch, startup: true, activationEvent: '*'
[2022-08-09 10:32:35.241] [exthost] [info] ExtensionService#_doActivateExtension vscode.git-base, startup: true, activationEvent: '*', root cause: vscode.github
[2022-08-09 10:32:35.255] [exthost] [info] ExtensionService#_doActivateExtension ms-python.python, startup: true, activationEvent: 'workspaceContains:setup.py'
[2022-08-09 10:32:35.604] [exthost] [info] ExtensionService#_doActivateExtension vscode.git, startup: true, activationEvent: '*'
[2022-08-09 10:32:35.706] [exthost] [info] ExtensionService#_doActivateExtension vscode.github, startup: true, activationEvent: '*'
[2022-08-09 10:32:35.819] [exthost] [warning] [ms-python.python] Accessing a window scoped configuration for a resource is not expected. To associate 'python.languageServer' to a resource, define its scope to 'resource' in configuration contributions in 'package.json'.
[2022-08-09 10:32:35.823] [exthost] [warning] [ms-python.python] Accessing a window scoped configuration for a resource is not expected. To associate 'python.languageServer' to a resource, define its scope to 'resource' in configuration contributions in 'package.json'.
[2022-08-09 10:32:35.877] [exthost] [info] ExtensionService#_doActivateExtension vscode.emmet, startup: false, activationEvent: 'onStartupFinished'
[2022-08-09 10:32:35.902] [exthost] [info] ExtensionService#_doActivateExtension vscode.merge-conflict, startup: false, activationEvent: 'onStartupFinished'
[2022-08-09 10:32:35.908] [exthost] [info] Eager extensions activated
[2022-08-09 10:32:36.029] [exthost] [warning] [vscode.emmet] Accessing a resource scoped configuration without providing a resource is not expected. To get the effective value for 'emmet.includeLanguages', provide the URI of a resource or 'null' for any resource.
[2022-08-09 10:32:38.782] [exthost] [warning] [ms-python.python] Accessing a window scoped configuration for a resource is not expected. To associate 'python.languageServer' to a resource, define its scope to 'resource' in configuration contributions in 'package.json'.
[2022-08-09 10:32:38.786] [exthost] [warning] [ms-python.python] Accessing a window scoped configuration for a resource is not expected. To associate 'python.languageServer' to a resource, define its scope to 'resource' in configuration contributions in 'package.json'.
[2022-08-09 10:32:38.789] [exthost] [warning] [ms-python.python] Accessing a window scoped configuration for a resource is not expected. To associate 'python.languageServer' to a resource, define its scope to 'resource' in configuration contributions in 'package.json'.
[2022-08-09 10:32:38.792] [exthost] [warning] [ms-python.python] Accessing a window scoped configuration for a resource is not expected. To associate 'python.languageServer' to a resource, define its scope to 'resource' in configuration contributions in 'package.json'.
[2022-08-09 10:32:44.600] [exthost] [warning] [Decorations] CAPPING events from decorations provider vscode.git 920
[2022-08-09 10:32:48.252] [exthost] [warning] [Decorations] CAPPING events from decorations provider vscode.git 920
[2022-08-09 10:32:55.194] [exthost] [warning] [Decorations] CAPPING events from decorations provider vscode.git 920
[2022-08-09 10:33:02.126] [exthost] [warning] [Decorations] CAPPING events from decorations provider vscode.git 920
[2022-08-09 10:33:04.872] [exthost] [info] ExtensionService#_doActivateExtension ms-toolsai.jupyter, startup: false, activationEvent: 'onLanguage:python'
[2022-08-09 10:33:05.507] [exthost] [warning] [ms-toolsai.jupyter] Accessing a window scoped configuration for a resource is not expected. To associate 'jupyter.allowInput' to a resource, define its scope to 'resource' in configuration contributions in 'package.json'.
[2022-08-09 10:33:05.684] [exthost] [info] ExtensionService#_doActivateExtension ms-toolsai.jupyter-renderers, startup: false, activationEvent: 'api', root cause: ms-toolsai.jupyter
[2022-08-09 10:33:09.235] [exthost] [warning] [Decorations] CAPPING events from decorations provider vscode.git 921
[2022-08-09 10:33:16.296] [exthost] [warning] [Decorations] CAPPING events from decorations provider vscode.git 921
[2022-08-09 10:33:23.268] [exthost] [warning] [Decorations] CAPPING events from decorations provider vscode.git 921
[2022-08-09 10:33:30.387] [exthost] [warning] [Decorations] CAPPING events from decorations provider vscode.git 921
[2022-08-09 10:33:37.370] [exthost] [warning] [Decorations] CAPPING events from decorations provider vscode.git 921
[2022-08-09 10:33:44.391] [exthost] [warning] [Decorations] CAPPING events from decorations provider vscode.git 921
[2022-08-09 10:33:51.362] [exthost] [warning] [Decorations] CAPPING events from decorations provider vscode.git 921
[2022-08-09 10:33:58.356] [exthost] [warning] [Decorations] CAPPING events from decorations provider vscode.git 921
[2022-08-09 10:34:05.305] [exthost] [warning] [Decorations] CAPPING events from decorations provider vscode.git 921
[2022-08-09 10:34:12.422] [exthost] [warning] [Decorations] CAPPING events from decorations provider vscode.git 921
[2022-08-09 10:34:19.468] [exthost] [warning] [Decorations] CAPPING events from decorations provider vscode.git 921
[2022-08-09 10:34:26.470] [exthost] [warning] [Decorations] CAPPING events from decorations provider vscode.git 921
[2022-08-09 10:34:33.467] [exthost] [warning] [Decorations] CAPPING events from decorations provider vscode.git 921
[2022-08-09 10:34:40.455] [exthost] [warning] [Decorations] CAPPING events from decorations provider vscode.git 921
[2022-08-09 10:34:47.350] [exthost] [warning] [Decorations] CAPPING events from decorations provider vscode.git 921
[2022-08-09 10:34:54.298] [exthost] [warning] [Decorations] CAPPING events from decorations provider vscode.git 921
[2022-08-09 10:35:01.268] [exthost] [warning] [Decorations] CAPPING events from decorations provider vscode.git 921
[2022-08-09 10:35:08.218] [exthost] [warning] [Decorations] CAPPING events from decorations provider vscode.git 921
[2022-08-09 10:35:15.214] [exthost] [warning] [Decorations] CAPPING events from decorations provider vscode.git 921
[2022-08-09 10:35:22.166] [exthost] [warning] [Decorations] CAPPING events from decorations provider vscode.git 921
[2022-08-09 10:35:29.188] [exthost] [warning] [Decorations] CAPPING events from decorations provider vscode.git 921
[2022-08-09 10:35:36.164] [exthost] [warning] [Decorations] CAPPING events from decorations provider vscode.git 921
[2022-08-09 10:35:43.178] [exthost] [warning] [Decorations] CAPPING events from decorations provider vscode.git 921
[2022-08-09 10:35:50.273] [exthost] [warning] [Decorations] CAPPING events from decorations provider vscode.git 921
[2022-08-09 10:35:57.241] [exthost] [warning] [Decorations] CAPPING events from decorations provider vscode.git 921
[2022-08-09 10:36:04.279] [exthost] [warning] [Decorations] CAPPING events from decorations provider vscode.git 921
[2022-08-09 10:36:11.225] [exthost] [warning] [Decorations] CAPPING events from decorations provider vscode.git 921
[2022-08-09 10:36:18.201] [exthost] [warning] [Decorations] CAPPING events from decorations provider vscode.git 921
[2022-08-09 10:36:25.167] [exthost] [warning] [Decorations] CAPPING events from decorations provider vscode.git 921
[2022-08-09 10:36:32.124] [exthost] [warning] [Decorations] CAPPING events from decorations provider vscode.git 921
[2022-08-09 10:36:39.029] [exthost] [warning] [Decorations] CAPPING events from decorations provider vscode.git 921
[2022-08-09 10:36:45.990] [exthost] [warning] [Decorations] CAPPING events from decorations provider vscode.git 921
[2022-08-09 10:36:52.943] [exthost] [warning] [Decorations] CAPPING events from decorations provider vscode.git 921
[2022-08-09 10:36:59.828] [exthost] [warning] [Decorations] CAPPING events from decorations provider vscode.git 921
[2022-08-09 10:37:06.790] [exthost] [warning] [Decorations] CAPPING events from decorations provider vscode.git 921
[2022-08-09 10:37:13.809] [exthost] [warning] [Decorations] CAPPING events from decorations provider vscode.git 921
[2022-08-09 10:37:20.772] [exthost] [warning] [Decorations] CAPPING events from decorations provider vscode.git 921
[2022-08-09 10:37:27.699] [exthost] [warning] [Decorations] CAPPING events from decorations provider vscode.git 921
[2022-08-09 10:37:34.622] [exthost] [warning] [Decorations] CAPPING events from decorations provider vscode.git 921
[2022-08-09 10:37:41.594] [exthost] [warning] [Decorations] CAPPING events from decorations provider vscode.git 921
[2022-08-09 10:37:48.581] [exthost] [warning] [Decorations] CAPPING events from decorations provider vscode.git 921
[2022-08-09 10:37:55.603] [exthost] [warning] [Decorations] CAPPING events from decorations provider vscode.git 921
[2022-08-09 10:38:02.527] [exthost] [warning] [Decorations] CAPPING events from decorations provider vscode.git 921
[2022-08-09 10:38:09.490] [exthost] [warning] [Decorations] CAPPING events from decorations provider vscode.git 921
[2022-08-09 10:38:16.417] [exthost] [warning] [Decorations] CAPPING events from decorations provider vscode.git 921
[2022-08-09 10:38:23.315] [exthost] [warning] [Decorations] CAPPING events from decorations provider vscode.git 921
[2022-08-09 10:38:30.321] [exthost] [warning] [Decorations] CAPPING events from decorations provider vscode.git 921
[2022-08-09 10:38:37.276] [exthost] [warning] [Decorations] CAPPING events from decorations provider vscode.git 921
[2022-08-09 10:38:44.286] [exthost] [warning] [Decorations] CAPPING events from decorations provider vscode.git 921
[2022-08-09 10:38:51.193] [exthost] [warning] [Decorations] CAPPING events from decorations provider vscode.git 921
[2022-08-09 11:13:44.452] [exthost] [warning] [Decorations] CAPPING events from decorations provider vscode.git 921
[2022-08-09 11:13:51.414] [exthost] [warning] [Decorations] CAPPING events from decorations provider vscode.git 921
[2022-08-09 11:13:58.439] [exthost] [warning] [Decorations] CAPPING events from decorations provider vscode.git 921
[2022-08-09 11:14:05.479] [exthost] [warning] [Decorations] CAPPING events from decorations provider vscode.git 921
[2022-08-09 11:14:12.477] [exthost] [warning] [Decorations] CAPPING events from decorations provider vscode.git 921
[2022-08-09 11:14:19.533] [exthost] [warning] [Decorations] CAPPING events from decorations provider vscode.git 921
[2022-08-09 11:14:26.466] [exthost] [warning] [Decorations] CAPPING events from decorations provider vscode.git 921
[2022-08-09 11:14:33.455] [exthost] [warning] [Decorations] CAPPING events from decorations provider vscode.git 921
[2022-08-09 11:14:40.421] [exthost] [warning] [Decorations] CAPPING events from decorations provider vscode.git 921
[2022-08-09 11:14:47.396] [exthost] [warning] [Decorations] CAPPING events from decorations provider vscode.git 921
[2022-08-09 11:14:54.380] [exthost] [warning] [Decorations] CAPPING events from decorations provider vscode.git 921
[2022-08-09 11:15:01.354] [exthost] [warning] [Decorations] CAPPING events from decorations provider vscode.git 921
[2022-08-09 11:15:08.516] [exthost] [warning] [Decorations] CAPPING events from decorations provider vscode.git 921
[2022-08-09 11:29:00.057] [exthost] [warning] [Decorations] CAPPING events from decorations provider vscode.git 921
[2022-08-09 11:29:07.005] [exthost] [warning] [Decorations] CAPPING events from decorations provider vscode.git 921
[2022-08-09 11:29:14.008] [exthost] [warning] [Decorations] CAPPING events from decorations provider vscode.git 921
[2022-08-09 11:29:20.922] [exthost] [warning] [Decorations] CAPPING events from decorations provider vscode.git 921
[2022-08-09 11:29:27.970] [exthost] [warning] [Decorations] CAPPING events from decorations provider vscode.git 921
[2022-08-09 11:29:34.868] [exthost] [warning] [Decorations] CAPPING events from decorations provider vscode.git 921
[2022-08-09 11:49:22.267] [exthost] [warning] [Decorations] CAPPING events from decorations provider vscode.git 921
[2022-08-09 11:49:36.503] [exthost] [warning] [Decorations] CAPPING events from decorations provider vscode.git 921
[2022-08-09 11:49:43.562] [exthost] [warning] [Decorations] CAPPING events from decorations provider vscode.git 921
[2022-08-09 11:49:50.509] [exthost] [warning] [Decorations] CAPPING events from decorations provider vscode.git 921
[2022-08-09 11:49:57.623] [exthost] [warning] [Decorations] CAPPING events from decorations provider vscode.git 921
[2022-08-09 11:50:04.537] [exthost] [warning] [Decorations] CAPPING events from decorations provider vscode.git 921
[2022-08-09 11:50:11.557] [exthost] [warning] [Decorations] CAPPING events from decorations provider vscode.git 921
[2022-08-09 11:50:18.585] [exthost] [warning] [Decorations] CAPPING events from decorations provider vscode.git 921
[2022-08-09 11:50:25.522] [exthost] [warning] [Decorations] CAPPING events from decorations provider vscode.git 921
[2022-08-09 11:50:32.606] [exthost] [warning] [Decorations] CAPPING events from decorations provider vscode.git 921
[2022-08-09 11:50:39.652] [exthost] [warning] [Decorations] CAPPING events from decorations provider vscode.git 921
[2022-08-09 11:50:46.629] [exthost] [warning] [Decorations] CAPPING events from decorations provider vscode.git 921
[2022-08-09 11:50:53.565] [exthost] [warning] [Decorations] CAPPING events from decorations provider vscode.git 921
[2022-08-09 11:51:00.739] [exthost] [warning] [Decorations] CAPPING events from decorations provider vscode.git 921
[2022-08-09 11:51:07.734] [exthost] [warning] [Decorations] CAPPING events from decorations provider vscode.git 921
[2022-08-09 11:51:14.780] [exthost] [warning] [Decorations] CAPPING events from decorations provider vscode.git 921
[2022-08-09 11:51:22.154] [exthost] [warning] [Decorations] CAPPING events from decorations provider vscode.git 921
[2022-08-09 11:51:29.289] [exthost] [warning] [Decorations] CAPPING events from decorations provider vscode.git 921
[2022-08-09 11:51:36.298] [exthost] [warning] [Decorations] CAPPING events from decorations provider vscode.git 921
[2022-08-09 11:51:43.365] [exthost] [warning] [Decorations] CAPPING events from decorations provider vscode.git 921
[2022-08-09 11:51:50.299] [exthost] [warning] [Decorations] CAPPING events from decorations provider vscode.git 921
[2022-08-09 11:51:57.453] [exthost] [warning] [Decorations] CAPPING events from decorations provider vscode.git 921
[2022-08-09 11:52:04.591] [exthost] [warning] [Decorations] CAPPING events from decorations provider vscode.git 921
[2022-08-09 11:52:11.751] [exthost] [warning] [Decorations] CAPPING events from decorations provider vscode.git 921
[2022-08-09 11:52:18.759] [exthost] [warning] [Decorations] CAPPING events from decorations provider vscode.git 921
[2022-08-09 11:52:25.721] [exthost] [warning] [Decorations] CAPPING events from decorations provider vscode.git 921
[2022-08-09 11:52:32.687] [exthost] [warning] [Decorations] CAPPING events from decorations provider vscode.git 921
[2022-08-09 11:52:39.658] [exthost] [warning] [Decorations] CAPPING events from decorations provider vscode.git 921
[2022-08-09 11:52:46.581] [exthost] [warning] [Decorations] CAPPING events from decorations provider vscode.git 921
[2022-08-09 11:52:53.667] [exthost] [warning] [Decorations] CAPPING events from decorations provider vscode.git 921
[2022-08-09 11:53:00.644] [exthost] [warning] [Decorations] CAPPING events from decorations provider vscode.git 921
[2022-08-09 11:53:07.680] [exthost] [warning] [Decorations] CAPPING events from decorations provider vscode.git 921
[2022-08-09 11:53:14.693] [exthost] [warning] [Decorations] CAPPING events from decorations provider vscode.git 921
[2022-08-09 11:53:21.767] [exthost] [warning] [Decorations] CAPPING events from decorations provider vscode.git 921
[2022-08-09 11:53:28.859] [exthost] [warning] [Decorations] CAPPING events from decorations provider vscode.git 921
[2022-08-09 11:53:35.841] [exthost] [warning] [Decorations] CAPPING events from decorations provider vscode.git 921
[2022-08-09 11:53:42.944] [exthost] [warning] [Decorations] CAPPING events from decorations provider vscode.git 921
[2022-08-09 11:53:49.942] [exthost] [warning] [Decorations] CAPPING events from decorations provider vscode.git 921
[2022-08-09 11:53:57.201] [exthost] [warning] [Decorations] CAPPING events from decorations provider vscode.git 921
[2022-08-09 11:54:04.348] [exthost] [warning] [Decorations] CAPPING events from decorations provider vscode.git 921
[2022-08-09 11:54:11.316] [exthost] [warning] [Decorations] CAPPING events from decorations provider vscode.git 921
[2022-08-09 11:54:18.263] [exthost] [warning] [Decorations] CAPPING events from decorations provider vscode.git 921
[2022-08-09 11:54:25.187] [exthost] [warning] [Decorations] CAPPING events from decorations provider vscode.git 921
[2022-08-09 11:54:32.216] [exthost] [warning] [Decorations] CAPPING events from decorations provider vscode.git 921
[2022-08-09 11:54:39.145] [exthost] [warning] [Decorations] CAPPING events from decorations provider vscode.git 921
[2022-08-09 11:54:46.253] [exthost] [warning] [Decorations] CAPPING events from decorations provider vscode.git 921
[2022-08-09 11:54:53.195] [exthost] [warning] [Decorations] CAPPING events from decorations provider vscode.git 921
[2022-08-09 11:55:00.203] [exthost] [warning] [Decorations] CAPPING events from decorations provider vscode.git 921
[2022-08-09 11:55:07.186] [exthost] [warning] [Decorations] CAPPING events from decorations provider vscode.git 921
[2022-08-09 11:55:14.205] [exthost] [warning] [Decorations] CAPPING events from decorations provider vscode.git 921
[2022-08-09 11:55:21.142] [exthost] [warning] [Decorations] CAPPING events from decorations provider vscode.git 921
[2022-08-09 11:55:28.215] [exthost] [warning] [Decorations] CAPPING events from decorations provider vscode.git 921
[2022-08-09 11:55:35.299] [exthost] [warning] [Decorations] CAPPING events from decorations provider vscode.git 921
[2022-08-09 11:55:42.309] [exthost] [warning] [Decorations] CAPPING events from decorations provider vscode.git 921
[2022-08-09 11:55:49.255] [exthost] [warning] [Decorations] CAPPING events from decorations provider vscode.git 921
[2022-08-09 11:55:56.186] [exthost] [warning] [Decorations] CAPPING events from decorations provider vscode.git 921
[2022-08-09 11:56:03.137] [exthost] [warning] [Decorations] CAPPING events from decorations provider vscode.git 921
[2022-08-09 11:56:10.067] [exthost] [warning] [Decorations] CAPPING events from decorations provider vscode.git 921
[2022-08-09 11:56:17.143] [exthost] [warning] [Decorations] CAPPING events from decorations provider vscode.git 921
[2022-08-09 11:56:24.042] [exthost] [warning] [Decorations] CAPPING events from decorations provider vscode.git 921
[2022-08-09 11:56:30.970] [exthost] [warning] [Decorations] CAPPING events from decorations provider vscode.git 921
[2022-08-09 11:56:37.886] [exthost] [warning] [Decorations] CAPPING events from decorations provider vscode.git 921
[2022-08-09 11:56:44.962] [exthost] [warning] [Decorations] CAPPING events from decorations provider vscode.git 921
[2022-08-09 11:56:51.924] [exthost] [warning] [Decorations] CAPPING events from decorations provider vscode.git 921
[2022-08-09 11:56:59.196] [exthost] [warning] [Decorations] CAPPING events from decorations provider vscode.git 921
[2022-08-09 11:57:06.101] [exthost] [warning] [Decorations] CAPPING events from decorations provider vscode.git 921
[2022-08-09 11:57:13.280] [exthost] [warning] [Decorations] CAPPING events from decorations provider vscode.git 921
[2022-08-09 11:57:20.376] [exthost] [warning] [Decorations] CAPPING events from decorations provider vscode.git 921
[2022-08-09 11:57:27.346] [exthost] [warning] [Decorations] CAPPING events from decorations provider vscode.git 921
[2022-08-09 11:57:34.325] [exthost] [warning] [Decorations] CAPPING events from decorations provider vscode.git 921
[2022-08-09 11:57:41.303] [exthost] [warning] [Decorations] CAPPING events from decorations provider vscode.git 921
[2022-08-09 11:57:48.262] [exthost] [warning] [Decorations] CAPPING events from decorations provider vscode.git 921
[2022-08-09 11:57:55.226] [exthost] [warning] [Decorations] CAPPING events from decorations provider vscode.git 921
[2022-08-09 11:58:02.311] [exthost] [warning] [Decorations] CAPPING events from decorations provider vscode.git 921
[2022-08-09 11:58:09.232] [exthost] [warning] [Decorations] CAPPING events from decorations provider vscode.git 921
[2022-08-09 11:58:16.213] [exthost] [warning] [Decorations] CAPPING events from decorations provider vscode.git 921
[2022-08-09 11:58:23.219] [exthost] [warning] [Decorations] CAPPING events from decorations provider vscode.git 921
[2022-08-09 11:58:30.155] [exthost] [warning] [Decorations] CAPPING events from decorations provider vscode.git 921
[2022-08-09 11:58:37.032] [exthost] [warning] [Decorations] CAPPING events from decorations provider vscode.git 921
[2022-08-09 11:58:44.074] [exthost] [warning] [Decorations] CAPPING events from decorations provider vscode.git 921
[2022-08-09 11:58:51.055] [exthost] [warning] [Decorations] CAPPING events from decorations provider vscode.git 921
[2022-08-09 11:58:58.217] [exthost] [warning] [Decorations] CAPPING events from decorations provider vscode.git 921
[2022-08-09 11:59:05.246] [exthost] [warning] [Decorations] CAPPING events from decorations provider vscode.git 921
[2022-08-09 11:59:12.330] [exthost] [warning] [Decorations] CAPPING events from decorations provider vscode.git 921
[2022-08-09 11:59:19.357] [exthost] [warning] [Decorations] CAPPING events from decorations provider vscode.git 921
[2022-08-09 11:59:26.327] [exthost] [warning] [Decorations] CAPPING events from decorations provider vscode.git 921
[2022-08-09 11:59:33.254] [exthost] [warning] [Decorations] CAPPING events from decorations provider vscode.git 921
[2022-08-09 11:59:40.201] [exthost] [warning] [Decorations] CAPPING events from decorations provider vscode.git 921
[2022-08-09 11:59:47.180] [exthost] [warning] [Decorations] CAPPING events from decorations provider vscode.git 921
[2022-08-09 11:59:54.197] [exthost] [warning] [Decorations] CAPPING events from decorations provider vscode.git 921
[2022-08-09 12:00:01.127] [exthost] [warning] [Decorations] CAPPING events from decorations provider vscode.git 921
[2022-08-09 12:00:08.104] [exthost] [warning] [Decorations] CAPPING events from decorations provider vscode.git 921
[2022-08-09 12:00:15.055] [exthost] [warning] [Decorations] CAPPING events from decorations provider vscode.git 921
[2022-08-09 12:00:21.963] [exthost] [warning] [Decorations] CAPPING events from decorations provider vscode.git 921
[2022-08-09 12:00:29.030] [exthost] [warning] [Decorations] CAPPING events from decorations provider vscode.git 921
[2022-08-09 12:00:36.130] [exthost] [warning] [Decorations] CAPPING events from decorations provider vscode.git 921
[2022-08-09 12:00:43.149] [exthost] [warning] [Decorations] CAPPING events from decorations provider vscode.git 921
[2022-08-09 12:00:50.096] [exthost] [warning] [Decorations] CAPPING events from decorations provider vscode.git 921
[2022-08-09 12:03:56.029] [exthost] [warning] [Decorations] CAPPING events from decorations provider vscode.git 921
[2022-08-09 12:04:03.058] [exthost] [warning] [Decorations] CAPPING events from decorations provider vscode.git 921
[2022-08-09 12:04:10.018] [exthost] [warning] [Decorations] CAPPING events from decorations provider vscode.git 921
[2022-08-09 12:04:16.991] [exthost] [warning] [Decorations] CAPPING events from decorations provider vscode.git 921
[2022-08-09 12:04:24.020] [exthost] [warning] [Decorations] CAPPING events from decorations provider vscode.git 921
[2022-08-09 12:04:30.962] [exthost] [warning] [Decorations] CAPPING events from decorations provider vscode.git 921
[2022-08-09 12:04:37.873] [exthost] [warning] [Decorations] CAPPING events from decorations provider vscode.git 921
[2022-08-09 12:04:45.084] [exthost] [warning] [Decorations] CAPPING events from decorations provider vscode.git 921
[2022-08-09 12:04:52.275] [exthost] [warning] [Decorations] CAPPING events from decorations provider vscode.git 921
[2022-08-09 12:04:59.291] [exthost] [warning] [Decorations] CAPPING events from decorations provider vscode.git 921
[2022-08-09 12:05:06.215] [exthost] [warning] [Decorations] CAPPING events from decorations provider vscode.git 921
[2022-08-09 12:05:13.194] [exthost] [warning] [Decorations] CAPPING events from decorations provider vscode.git 921
[2022-08-09 12:05:20.079] [exthost] [warning] [Decorations] CAPPING events from decorations provider vscode.git 921
[2022-08-09 12:05:27.049] [exthost] [warning] [Decorations] CAPPING events from decorations provider vscode.git 921
[2022-08-09 12:05:34.005] [exthost] [warning] [Decorations] CAPPING events from decorations provider vscode.git 921
[2022-08-09 12:05:40.943] [exthost] [warning] [Decorations] CAPPING events from decorations provider vscode.git 921
[2022-08-09 12:05:47.877] [exthost] [warning] [Decorations] CAPPING events from decorations provider vscode.git 921
[2022-08-09 12:05:54.763] [exthost] [warning] [Decorations] CAPPING events from decorations provider vscode.git 921
[2022-08-09 12:06:01.747] [exthost] [warning] [Decorations] CAPPING events from decorations provider vscode.git 921
[2022-08-09 12:06:08.687] [exthost] [warning] [Decorations] CAPPING events from decorations provider vscode.git 921
[2022-08-09 12:06:15.721] [exthost] [warning] [Decorations] CAPPING events from decorations provider vscode.git 921
[2022-08-09 12:06:22.803] [exthost] [warning] [Decorations] CAPPING events from decorations provider vscode.git 921
[2022-08-09 12:06:29.818] [exthost] [warning] [Decorations] CAPPING events from decorations provider vscode.git 921
[2022-08-09 12:06:36.814] [exthost] [warning] [Decorations] CAPPING events from decorations provider vscode.git 921
[2022-08-09 12:06:43.771] [exthost] [warning] [Decorations] CAPPING events from decorations provider vscode.git 921
[2022-08-09 12:06:50.773] [exthost] [warning] [Decorations] CAPPING events from decorations provider vscode.git 921
[2022-08-09 12:06:57.826] [exthost] [warning] [Decorations] CAPPING events from decorations provider vscode.git 921
[2022-08-09 12:07:04.762] [exthost] [warning] [Decorations] CAPPING events from decorations provider vscode.git 921
[2022-08-09 12:07:11.676] [exthost] [warning] [Decorations] CAPPING events from decorations provider vscode.git 921
[2022-08-09 12:07:18.690] [exthost] [warning] [Decorations] CAPPING events from decorations provider vscode.git 921
[2022-08-09 12:07:25.844] [exthost] [warning] [Decorations] CAPPING events from decorations provider vscode.git 921
[2022-08-09 12:07:32.785] [exthost] [warning] [Decorations] CAPPING events from decorations provider vscode.git 921
[2022-08-09 12:07:39.765] [exthost] [warning] [Decorations] CAPPING events from decorations provider vscode.git 921
[2022-08-09 12:07:46.719] [exthost] [warning] [Decorations] CAPPING events from decorations provider vscode.git 921
[2022-08-09 12:07:53.743] [exthost] [warning] [Decorations] CAPPING events from decorations provider vscode.git 921
[2022-08-09 12:08:00.775] [exthost] [warning] [Decorations] CAPPING events from decorations provider vscode.git 921
[2022-08-09 12:08:07.733] [exthost] [warning] [Decorations] CAPPING events from decorations provider vscode.git 921
[2022-08-09 12:08:14.723] [exthost] [warning] [Decorations] CAPPING events from decorations provider vscode.git 921
[2022-08-09 12:08:21.700] [exthost] [warning] [Decorations] CAPPING events from decorations provider vscode.git 921
[2022-08-09 12:08:28.728] [exthost] [warning] [Decorations] CAPPING events from decorations provider vscode.git 921
[2022-08-09 12:08:35.658] [exthost] [warning] [Decorations] CAPPING events from decorations provider vscode.git 921
[2022-08-09 12:08:42.639] [exthost] [warning] [Decorations] CAPPING events from decorations provider vscode.git 921
[2022-08-09 12:08:49.653] [exthost] [warning] [Decorations] CAPPING events from decorations provider vscode.git 921
[2022-08-09 12:08:56.788] [exthost] [warning] [Decorations] CAPPING events from decorations provider vscode.git 921
[2022-08-09 12:09:04.193] [exthost] [warning] [Decorations] CAPPING events from decorations provider vscode.git 921
[2022-08-09 12:09:11.314] [exthost] [warning] [Decorations] CAPPING events from decorations provider vscode.git 921
[2022-08-09 12:09:18.507] [exthost] [warning] [Decorations] CAPPING events from decorations provider vscode.git 921
[2022-08-09 12:09:25.673] [exthost] [warning] [Decorations] CAPPING events from decorations provider vscode.git 921
[2022-08-09 12:09:32.611] [exthost] [warning] [Decorations] CAPPING events from decorations provider vscode.git 921
[2022-08-09 12:09:39.638] [exthost] [warning] [Decorations] CAPPING events from decorations provider vscode.git 921
[2022-08-09 12:09:46.637] [exthost] [warning] [Decorations] CAPPING events from decorations provider vscode.git 921
[2022-08-09 12:09:53.572] [exthost] [warning] [Decorations] CAPPING events from decorations provider vscode.git 921
[2022-08-09 12:10:00.565] [exthost] [warning] [Decorations] CAPPING events from decorations provider vscode.git 921
[2022-08-09 12:10:07.680] [exthost] [warning] [Decorations] CAPPING events from decorations provider vscode.git 921
[2022-08-09 12:10:14.726] [exthost] [warning] [Decorations] CAPPING events from decorations provider vscode.git 921
[2022-08-09 12:10:21.817] [exthost] [warning] [Decorations] CAPPING events from decorations provider vscode.git 921
[2022-08-09 12:10:28.917] [exthost] [warning] [Decorations] CAPPING events from decorations provider vscode.git 921
[2022-08-09 12:10:36.153] [exthost] [warning] [Decorations] CAPPING events from decorations provider vscode.git 921
[2022-08-09 12:10:43.455] [exthost] [warning] [Decorations] CAPPING events from decorations provider vscode.git 921
[2022-08-09 12:10:50.427] [exthost] [warning] [Decorations] CAPPING events from decorations provider vscode.git 921
[2022-08-09 12:10:57.355] [exthost] [warning] [Decorations] CAPPING events from decorations provider vscode.git 921
[2022-08-09 12:11:04.283] [exthost] [warning] [Decorations] CAPPING events from decorations provider vscode.git 921
[2022-08-09 12:11:11.214] [exthost] [warning] [Decorations] CAPPING events from decorations provider vscode.git 921
[2022-08-09 12:11:18.165] [exthost] [warning] [Decorations] CAPPING events from decorations provider vscode.git 921
[2022-08-09 12:11:25.289] [exthost] [warning] [Decorations] CAPPING events from decorations provider vscode.git 921
[2022-08-09 12:11:32.243] [exthost] [warning] [Decorations] CAPPING events from decorations provider vscode.git 921
[2022-08-09 12:11:39.327] [exthost] [warning] [Decorations] CAPPING events from decorations provider vscode.git 921
[2022-08-09 12:11:46.324] [exthost] [warning] [Decorations] CAPPING events from decorations provider vscode.git 921
[2022-08-09 12:11:53.272] [exthost] [warning] [Decorations] CAPPING events from decorations provider vscode.git 921
[2022-08-09 12:12:00.338] [exthost] [warning] [Decorations] CAPPING events from decorations provider vscode.git 921
[2022-08-09 12:12:07.218] [exthost] [warning] [Decorations] CAPPING events from decorations provider vscode.git 921
[2022-08-09 12:12:14.261] [exthost] [warning] [Decorations] CAPPING events from decorations provider vscode.git 921
[2022-08-09 12:12:21.263] [exthost] [warning] [Decorations] CAPPING events from decorations provider vscode.git 921
[2022-08-09 12:12:28.308] [exthost] [warning] [Decorations] CAPPING events from decorations provider vscode.git 921
[2022-08-09 12:12:35.375] [exthost] [warning] [Decorations] CAPPING events from decorations provider vscode.git 921
[2022-08-09 12:12:42.400] [exthost] [warning] [Decorations] CAPPING events from decorations provider vscode.git 921
[2022-08-09 12:12:49.347] [exthost] [warning] [Decorations] CAPPING events from decorations provider vscode.git 921
[2022-08-09 12:12:56.352] [exthost] [warning] [Decorations] CAPPING events from decorations provider vscode.git 921
[2022-08-09 12:13:03.386] [exthost] [warning] [Decorations] CAPPING events from decorations provider vscode.git 921
[2022-08-09 12:13:10.422] [exthost] [warning] [Decorations] CAPPING events from decorations provider vscode.git 921
[2022-08-09 12:13:17.575] [exthost] [warning] [Decorations] CAPPING events from decorations provider vscode.git 921
[2022-08-09 12:13:24.550] [exthost] [warning] [Decorations] CAPPING events from decorations provider vscode.git 921
[2022-08-09 12:13:31.673] [exthost] [warning] [Decorations] CAPPING events from decorations provider vscode.git 921
[2022-08-09 12:13:38.703] [exthost] [warning] [Decorations] CAPPING events from decorations provider vscode.git 921
[2022-08-09 12:13:45.639] [exthost] [warning] [Decorations] CAPPING events from decorations provider vscode.git 921
[2022-08-09 12:13:52.592] [exthost] [warning] [Decorations] CAPPING events from decorations provider vscode.git 921
[2022-08-09 12:13:59.604] [exthost] [warning] [Decorations] CAPPING events from decorations provider vscode.git 921
[2022-08-09 12:14:06.601] [exthost] [warning] [Decorations] CAPPING events from decorations provider vscode.git 921
[2022-08-09 12:14:13.592] [exthost] [warning] [Decorations] CAPPING events from decorations provider vscode.git 921
[2022-08-09 12:14:20.559] [exthost] [warning] [Decorations] CAPPING events from decorations provider vscode.git 921
[2022-08-09 12:14:27.707] [exthost] [warning] [Decorations] CAPPING events from decorations provider vscode.git 921
[2022-08-09 12:14:35.179] [exthost] [warning] [Decorations] CAPPING events from decorations provider vscode.git 921
[2022-08-09 12:14:42.347] [exthost] [warning] [Decorations] CAPPING events from decorations provider vscode.git 921
[2022-08-09 12:14:49.295] [exthost] [warning] [Decorations] CAPPING events from decorations provider vscode.git 921
[2022-08-09 12:14:56.272] [exthost] [warning] [Decorations] CAPPING events from decorations provider vscode.git 921
[2022-08-09 12:15:03.263] [exthost] [warning] [Decorations] CAPPING events from decorations provider vscode.git 921
[2022-08-09 12:15:10.564] [exthost] [warning] [Decorations] CAPPING events from decorations provider vscode.git 921
[2022-08-09 12:15:17.649] [exthost] [warning] [Decorations] CAPPING events from decorations provider vscode.git 921
[2022-08-09 12:15:24.547] [exthost] [warning] [Decorations] CAPPING events from decorations provider vscode.git 921
[2022-08-09 12:15:31.466] [exthost] [warning] [Decorations] CAPPING events from decorations provider vscode.git 921
[2022-08-09 12:15:38.581] [exthost] [warning] [Decorations] CAPPING events from decorations provider vscode.git 921
[2022-08-09 12:15:45.564] [exthost] [warning] [Decorations] CAPPING events from decorations provider vscode.git 921
[2022-08-09 12:15:52.529] [exthost] [warning] [Decorations] CAPPING events from decorations provider vscode.git 921
[2022-08-09 12:15:59.672] [exthost] [warning] [Decorations] CAPPING events from decorations provider vscode.git 921
[2022-08-09 12:16:06.659] [exthost] [warning] [Decorations] CAPPING events from decorations provider vscode.git 921
[2022-08-09 12:16:13.695] [exthost] [warning] [Decorations] CAPPING events from decorations provider vscode.git 921
[2022-08-09 12:16:20.619] [exthost] [warning] [Decorations] CAPPING events from decorations provider vscode.git 921
[2022-08-09 12:16:27.729] [exthost] [warning] [Decorations] CAPPING events from decorations provider vscode.git 921
[2022-08-09 12:16:34.673] [exthost] [warning] [Decorations] CAPPING events from decorations provider vscode.git 921
[2022-08-09 12:16:41.697] [exthost] [warning] [Decorations] CAPPING events from decorations provider vscode.git 921
[2022-08-09 12:16:48.664] [exthost] [warning] [Decorations] CAPPING events from decorations provider vscode.git 921
[2022-08-09 12:16:55.698] [exthost] [warning] [Decorations] CAPPING events from decorations provider vscode.git 921
[2022-08-09 12:17:02.632] [exthost] [warning] [Decorations] CAPPING events from decorations provider vscode.git 921
[2022-08-09 12:17:09.835] [exthost] [warning] [Decorations] CAPPING events from decorations provider vscode.git 921
[2022-08-09 12:17:16.770] [exthost] [warning] [Decorations] CAPPING events from decorations provider vscode.git 921
[2022-08-09 12:17:23.741] [exthost] [warning] [Decorations] CAPPING events from decorations provider vscode.git 921
[2022-08-09 12:17:30.693] [exthost] [warning] [Decorations] CAPPING events from decorations provider vscode.git 921
[2022-08-09 12:17:37.864] [exthost] [warning] [Decorations] CAPPING events from decorations provider vscode.git 921
[2022-08-09 12:17:44.991] [exthost] [warning] [Decorations] CAPPING events from decorations provider vscode.git 921
[2022-08-09 12:17:52.049] [exthost] [warning] [Decorations] CAPPING events from decorations provider vscode.git 921
[2022-08-09 12:17:59.066] [exthost] [warning] [Decorations] CAPPING events from decorations provider vscode.git 921
[2022-08-09 12:18:06.022] [exthost] [warning] [Decorations] CAPPING events from decorations provider vscode.git 921
[2022-08-09 12:18:13.075] [exthost] [warning] [Decorations] CAPPING events from decorations provider vscode.git 921
[2022-08-09 12:18:20.074] [exthost] [warning] [Decorations] CAPPING events from decorations provider vscode.git 921
[2022-08-09 12:18:27.028] [exthost] [warning] [Decorations] CAPPING events from decorations provider vscode.git 921
[2022-08-09 12:18:33.983] [exthost] [warning] [Decorations] CAPPING events from decorations provider vscode.git 921
[2022-08-09 12:18:41.112] [exthost] [warning] [Decorations] CAPPING events from decorations provider vscode.git 921
[2022-08-09 12:18:48.182] [exthost] [warning] [Decorations] CAPPING events from decorations provider vscode.git 921
[2022-08-09 12:18:55.191] [exthost] [warning] [Decorations] CAPPING events from decorations provider vscode.git 921
[2022-08-09 12:19:02.134] [exthost] [warning] [Decorations] CAPPING events from decorations provider vscode.git 921
[2022-08-09 12:19:09.106] [exthost] [warning] [Decorations] CAPPING events from decorations provider vscode.git 921
[2022-08-09 12:19:16.102] [exthost] [warning] [Decorations] CAPPING events from decorations provider vscode.git 921
[2022-08-09 12:19:23.038] [exthost] [warning] [Decorations] CAPPING events from decorations provider vscode.git 921
[2022-08-09 12:19:30.123] [exthost] [warning] [Decorations] CAPPING events from decorations provider vscode.git 921
[2022-08-09 12:19:37.107] [exthost] [warning] [Decorations] CAPPING events from decorations provider vscode.git 921
[2022-08-09 12:19:44.138] [exthost] [warning] [Decorations] CAPPING events from decorations provider vscode.git 921
[2022-08-09 12:19:51.094] [exthost] [warning] [Decorations] CAPPING events from decorations provider vscode.git 921
[2022-08-09 12:19:58.174] [exthost] [warning] [Decorations] CAPPING events from decorations provider vscode.git 921
[2022-08-09 12:20:05.124] [exthost] [warning] [Decorations] CAPPING events from decorations provider vscode.git 921
[2022-08-09 12:20:12.205] [exthost] [warning] [Decorations] CAPPING events from decorations provider vscode.git 921
[2022-08-09 12:20:19.338] [exthost] [warning] [Decorations] CAPPING events from decorations provider vscode.git 921
[2022-08-09 12:20:26.299] [exthost] [warning] [Decorations] CAPPING events from decorations provider vscode.git 921
[2022-08-09 12:20:33.265] [exthost] [warning] [Decorations] CAPPING events from decorations provider vscode.git 921
[2022-08-09 12:20:40.296] [exthost] [warning] [Decorations] CAPPING events from decorations provider vscode.git 921
[2022-08-09 12:20:47.268] [exthost] [warning] [Decorations] CAPPING events from decorations provider vscode.git 921
[2022-08-09 12:20:54.168] [exthost] [warning] [Decorations] CAPPING events from decorations provider vscode.git 921
[2022-08-09 12:21:01.143] [exthost] [warning] [Decorations] CAPPING events from decorations provider vscode.git 921
[2022-08-09 12:21:08.152] [exthost] [warning] [Decorations] CAPPING events from decorations provider vscode.git 921
[2022-08-09 12:21:15.162] [exthost] [warning] [Decorations] CAPPING events from decorations provider vscode.git 921
[2022-08-09 12:21:22.063] [exthost] [warning] [Decorations] CAPPING events from decorations provider vscode.git 921
[2022-08-09 12:21:29.060] [exthost] [warning] [Decorations] CAPPING events from decorations provider vscode.git 921
[2022-08-09 13:19:20.627] [exthost] [info] extension host terminating: renderer disconnected for too long (2)
[2022-08-09 13:19:20.630] [exthost] [info] Lock '/home/kadir/IML/Quantus/.code-server/User/workspaceStorage/-500ba730/vscode.lock': Marking the lockfile as scheduled to be released in 6000 ms.
[2022-08-09 13:19:20.671] [exthost] [info] Extension host with pid 2259375 exiting with code 0
