[2022-08-09 13:14:22.104] [exthost] [info] Extension host with pid 2426710 started
[2022-08-09 13:14:22.104] [exthost] [error] Error: EEXIST: file already exists, open '/home/kadir/IML/Quantus/.code-server/User/workspaceStorage/-500ba730/vscode.lock'
[2022-08-09 13:14:22.107] [exthost] [info] Lock '/home/kadir/IML/Quantus/.code-server/User/workspaceStorage/-500ba730/vscode.lock': Could not acquire lock, checking if the file is stale.
[2022-08-09 13:14:22.109] [exthost] [info] Lock '/home/kadir/IML/Quantus/.code-server/User/workspaceStorage/-500ba730/vscode.lock': The lock does not look stale, elapsed: 197 ms, giving up.
[2022-08-09 13:14:22.125] [exthost] [info] Lock '/home/kadir/IML/Quantus/.code-server/User/workspaceStorage/-500ba730-1/vscode.lock': Lock acquired.
[2022-08-09 13:14:22.196] [exthost] [info] ExtensionService#_doActivateExtension ms-python.python, startup: false, activationEvent: 'onLanguage:python'
[2022-08-09 13:14:22.468] [exthost] [info] ExtensionService#_doActivateExtension ms-toolsai.jupyter, startup: false, activationEvent: 'onLanguage:python'
[2022-08-09 13:14:23.025] [exthost] [info] ExtensionService#_doActivateExtension vscode.debug-auto-launch, startup: true, activationEvent: '*'
[2022-08-09 13:14:23.029] [exthost] [info] ExtensionService#_doActivateExtension vscode.git-base, startup: true, activationEvent: '*', root cause: vscode.github
[2022-08-09 13:14:23.118] [exthost] [info] ExtensionService#_doActivateExtension vscode.git, startup: true, activationEvent: '*'
[2022-08-09 13:14:23.203] [exthost] [info] ExtensionService#_doActivateExtension vscode.github, startup: true, activationEvent: '*'
[2022-08-09 13:14:23.289] [exthost] [warning] [ms-toolsai.jupyter] Accessing a window scoped configuration for a resource is not expected. To associate 'jupyter.allowInput' to a resource, define its scope to 'resource' in configuration contributions in 'package.json'.
[2022-08-09 13:14:23.472] [exthost] [info] ExtensionService#_doActivateExtension ms-toolsai.jupyter-renderers, startup: false, activationEvent: 'api', root cause: ms-toolsai.jupyter
[2022-08-09 13:14:23.557] [exthost] [warning] [ms-python.python] Accessing a window scoped configuration for a resource is not expected. To associate 'python.languageServer' to a resource, define its scope to 'resource' in configuration contributions in 'package.json'.
[2022-08-09 13:14:23.564] [exthost] [warning] [ms-python.python] Accessing a window scoped configuration for a resource is not expected. To associate 'python.languageServer' to a resource, define its scope to 'resource' in configuration contributions in 'package.json'.
[2022-08-09 13:14:23.615] [exthost] [info] ExtensionService#_doActivateExtension vscode.emmet, startup: false, activationEvent: 'onStartupFinished'
[2022-08-09 13:14:23.641] [exthost] [info] ExtensionService#_doActivateExtension vscode.merge-conflict, startup: false, activationEvent: 'onStartupFinished'
[2022-08-09 13:14:23.647] [exthost] [info] Eager extensions activated
[2022-08-09 13:14:23.914] [exthost] [warning] [vscode.emmet] Accessing a resource scoped configuration without providing a resource is not expected. To get the effective value for 'emmet.includeLanguages', provide the URI of a resource or 'null' for any resource.
[2022-08-09 13:14:26.544] [exthost] [warning] [ms-python.python] Accessing a window scoped configuration for a resource is not expected. To associate 'python.languageServer' to a resource, define its scope to 'resource' in configuration contributions in 'package.json'.
[2022-08-09 13:14:26.547] [exthost] [warning] [ms-python.python] Accessing a window scoped configuration for a resource is not expected. To associate 'python.languageServer' to a resource, define its scope to 'resource' in configuration contributions in 'package.json'.
[2022-08-09 13:14:31.848] [exthost] [warning] [Decorations] CAPPING events from decorations provider vscode.git 928
[2022-08-09 13:19:31.875] [exthost] [warning] [Decorations] CAPPING events from decorations provider vscode.git 928
[2022-08-09 13:19:38.907] [exthost] [warning] [Decorations] CAPPING events from decorations provider vscode.git 927
[2022-08-09 13:19:46.090] [exthost] [warning] [Decorations] CAPPING events from decorations provider vscode.git 927
[2022-08-09 13:19:53.199] [exthost] [warning] [Decorations] CAPPING events from decorations provider vscode.git 927
[2022-08-09 13:20:00.279] [exthost] [warning] [Decorations] CAPPING events from decorations provider vscode.git 927
[2022-08-09 13:20:07.612] [exthost] [warning] [Decorations] CAPPING events from decorations provider vscode.git 927
[2022-08-09 13:20:14.614] [exthost] [warning] [Decorations] CAPPING events from decorations provider vscode.git 927
[2022-08-09 13:20:21.715] [exthost] [warning] [Decorations] CAPPING events from decorations provider vscode.git 927
[2022-08-09 13:20:28.731] [exthost] [warning] [Decorations] CAPPING events from decorations provider vscode.git 927
[2022-08-09 13:20:35.692] [exthost] [warning] [Decorations] CAPPING events from decorations provider vscode.git 927
[2022-08-09 13:20:43.095] [exthost] [warning] [Decorations] CAPPING events from decorations provider vscode.git 927
[2022-08-09 13:20:50.109] [exthost] [warning] [Decorations] CAPPING events from decorations provider vscode.git 927
[2022-08-09 13:20:57.121] [exthost] [warning] [Decorations] CAPPING events from decorations provider vscode.git 927
[2022-08-09 13:21:04.180] [exthost] [warning] [Decorations] CAPPING events from decorations provider vscode.git 927
[2022-08-09 13:21:11.402] [exthost] [warning] [Decorations] CAPPING events from decorations provider vscode.git 927
[2022-08-09 13:21:18.559] [exthost] [warning] [Decorations] CAPPING events from decorations provider vscode.git 927
[2022-08-09 13:21:25.676] [exthost] [warning] [Decorations] CAPPING events from decorations provider vscode.git 927
[2022-08-09 13:21:32.631] [exthost] [warning] [Decorations] CAPPING events from decorations provider vscode.git 927
[2022-08-09 13:21:39.580] [exthost] [warning] [Decorations] CAPPING events from decorations provider vscode.git 927
[2022-08-09 13:21:46.787] [exthost] [warning] [Decorations] CAPPING events from decorations provider vscode.git 927
[2022-08-09 13:21:53.993] [exthost] [warning] [Decorations] CAPPING events from decorations provider vscode.git 927
[2022-08-09 13:22:01.065] [exthost] [warning] [Decorations] CAPPING events from decorations provider vscode.git 927
[2022-08-09 13:22:08.459] [exthost] [warning] [Decorations] CAPPING events from decorations provider vscode.git 927
[2022-08-09 13:22:15.788] [exthost] [warning] [Decorations] CAPPING events from decorations provider vscode.git 927
[2022-08-09 13:43:52.196] [exthost] [warning] [Decorations] CAPPING events from decorations provider vscode.git 927
[2022-08-09 14:03:51.831] [exthost] [warning] [Decorations] CAPPING events from decorations provider vscode.git 927
[2022-08-09 14:03:58.884] [exthost] [warning] [Decorations] CAPPING events from decorations provider vscode.git 927
[2022-08-09 14:04:05.887] [exthost] [warning] [Decorations] CAPPING events from decorations provider vscode.git 927
[2022-08-09 14:04:12.963] [exthost] [warning] [Decorations] CAPPING events from decorations provider vscode.git 927
[2022-08-09 14:04:20.064] [exthost] [warning] [Decorations] CAPPING events from decorations provider vscode.git 927
[2022-08-09 14:04:27.070] [exthost] [warning] [Decorations] CAPPING events from decorations provider vscode.git 927
[2022-08-09 14:04:34.005] [exthost] [warning] [Decorations] CAPPING events from decorations provider vscode.git 927
[2022-08-09 14:04:41.127] [exthost] [warning] [Decorations] CAPPING events from decorations provider vscode.git 927
[2022-08-09 14:04:48.309] [exthost] [warning] [Decorations] CAPPING events from decorations provider vscode.git 927
[2022-08-09 14:04:55.347] [exthost] [warning] [Decorations] CAPPING events from decorations provider vscode.git 927
[2022-08-09 14:05:02.367] [exthost] [warning] [Decorations] CAPPING events from decorations provider vscode.git 927
[2022-08-09 14:05:09.322] [exthost] [warning] [Decorations] CAPPING events from decorations provider vscode.git 927
[2022-08-09 14:05:16.319] [exthost] [warning] [Decorations] CAPPING events from decorations provider vscode.git 927
[2022-08-09 14:05:23.314] [exthost] [warning] [Decorations] CAPPING events from decorations provider vscode.git 927
[2022-08-09 14:05:30.403] [exthost] [warning] [Decorations] CAPPING events from decorations provider vscode.git 927
[2022-08-09 14:05:37.403] [exthost] [warning] [Decorations] CAPPING events from decorations provider vscode.git 927
[2022-08-09 14:05:44.428] [exthost] [warning] [Decorations] CAPPING events from decorations provider vscode.git 927
[2022-08-09 14:05:51.357] [exthost] [warning] [Decorations] CAPPING events from decorations provider vscode.git 927
[2022-08-09 14:05:58.369] [exthost] [warning] [Decorations] CAPPING events from decorations provider vscode.git 927
[2022-08-09 14:06:05.323] [exthost] [warning] [Decorations] CAPPING events from decorations provider vscode.git 927
[2022-08-09 14:06:12.307] [exthost] [warning] [Decorations] CAPPING events from decorations provider vscode.git 927
[2022-08-09 14:06:19.220] [exthost] [warning] [Decorations] CAPPING events from decorations provider vscode.git 927
[2022-08-09 14:06:26.115] [exthost] [warning] [Decorations] CAPPING events from decorations provider vscode.git 927
[2022-08-09 14:06:33.087] [exthost] [warning] [Decorations] CAPPING events from decorations provider vscode.git 927
[2022-08-09 14:06:40.126] [exthost] [warning] [Decorations] CAPPING events from decorations provider vscode.git 927
[2022-08-09 14:06:47.067] [exthost] [warning] [Decorations] CAPPING events from decorations provider vscode.git 927
[2022-08-09 14:06:54.055] [exthost] [warning] [Decorations] CAPPING events from decorations provider vscode.git 927
[2022-08-09 14:07:01.176] [exthost] [warning] [Decorations] CAPPING events from decorations provider vscode.git 927
[2022-08-09 14:07:08.180] [exthost] [warning] [Decorations] CAPPING events from decorations provider vscode.git 927
[2022-08-09 14:07:15.123] [exthost] [warning] [Decorations] CAPPING events from decorations provider vscode.git 927
[2022-08-09 14:07:22.136] [exthost] [warning] [Decorations] CAPPING events from decorations provider vscode.git 927
[2022-08-09 14:07:29.185] [exthost] [warning] [Decorations] CAPPING events from decorations provider vscode.git 927
[2022-08-09 14:07:36.199] [exthost] [warning] [Decorations] CAPPING events from decorations provider vscode.git 927
[2022-08-09 14:07:43.276] [exthost] [warning] [Decorations] CAPPING events from decorations provider vscode.git 927
[2022-08-09 14:07:50.276] [exthost] [warning] [Decorations] CAPPING events from decorations provider vscode.git 927
[2022-08-09 14:07:57.234] [exthost] [warning] [Decorations] CAPPING events from decorations provider vscode.git 927
[2022-08-09 14:08:04.386] [exthost] [warning] [Decorations] CAPPING events from decorations provider vscode.git 927
[2022-08-09 14:08:11.578] [exthost] [warning] [Decorations] CAPPING events from decorations provider vscode.git 927
[2022-08-09 14:08:18.579] [exthost] [warning] [Decorations] CAPPING events from decorations provider vscode.git 927
[2022-08-09 14:08:25.594] [exthost] [warning] [Decorations] CAPPING events from decorations provider vscode.git 927
[2022-08-09 14:08:32.588] [exthost] [warning] [Decorations] CAPPING events from decorations provider vscode.git 927
[2022-08-09 14:08:39.761] [exthost] [warning] [Decorations] CAPPING events from decorations provider vscode.git 927
[2022-08-09 14:08:46.712] [exthost] [warning] [Decorations] CAPPING events from decorations provider vscode.git 927
[2022-08-09 14:08:53.830] [exthost] [warning] [Decorations] CAPPING events from decorations provider vscode.git 927
[2022-08-09 14:09:01.031] [exthost] [warning] [Decorations] CAPPING events from decorations provider vscode.git 927
[2022-08-09 14:09:08.238] [exthost] [warning] [Decorations] CAPPING events from decorations provider vscode.git 927
[2022-08-09 14:09:15.301] [exthost] [warning] [Decorations] CAPPING events from decorations provider vscode.git 927
[2022-08-09 14:09:22.284] [exthost] [warning] [Decorations] CAPPING events from decorations provider vscode.git 927
[2022-08-09 14:09:29.322] [exthost] [warning] [Decorations] CAPPING events from decorations provider vscode.git 927
[2022-08-09 14:09:36.424] [exthost] [warning] [Decorations] CAPPING events from decorations provider vscode.git 927
[2022-08-09 14:09:43.541] [exthost] [warning] [Decorations] CAPPING events from decorations provider vscode.git 927
[2022-08-09 14:09:50.671] [exthost] [warning] [Decorations] CAPPING events from decorations provider vscode.git 927
[2022-08-09 14:09:57.842] [exthost] [warning] [Decorations] CAPPING events from decorations provider vscode.git 927
[2022-08-09 14:10:05.013] [exthost] [warning] [Decorations] CAPPING events from decorations provider vscode.git 927
[2022-08-09 14:10:12.168] [exthost] [warning] [Decorations] CAPPING events from decorations provider vscode.git 927
[2022-08-09 14:10:19.329] [exthost] [warning] [Decorations] CAPPING events from decorations provider vscode.git 927
[2022-08-09 14:10:26.359] [exthost] [warning] [Decorations] CAPPING events from decorations provider vscode.git 927
[2022-08-09 14:10:33.433] [exthost] [warning] [Decorations] CAPPING events from decorations provider vscode.git 927
[2022-08-09 14:10:40.463] [exthost] [warning] [Decorations] CAPPING events from decorations provider vscode.git 927
[2022-08-09 14:10:47.493] [exthost] [warning] [Decorations] CAPPING events from decorations provider vscode.git 927
[2022-08-09 14:10:54.508] [exthost] [warning] [Decorations] CAPPING events from decorations provider vscode.git 927
[2022-08-09 14:11:01.440] [exthost] [warning] [Decorations] CAPPING events from decorations provider vscode.git 927
[2022-08-09 14:11:08.582] [exthost] [warning] [Decorations] CAPPING events from decorations provider vscode.git 927
[2022-08-09 14:11:15.549] [exthost] [warning] [Decorations] CAPPING events from decorations provider vscode.git 927
[2022-08-09 14:11:22.701] [exthost] [warning] [Decorations] CAPPING events from decorations provider vscode.git 927
[2022-08-09 14:11:29.835] [exthost] [warning] [Decorations] CAPPING events from decorations provider vscode.git 927
[2022-08-09 14:11:36.816] [exthost] [warning] [Decorations] CAPPING events from decorations provider vscode.git 927
[2022-08-09 14:11:43.845] [exthost] [warning] [Decorations] CAPPING events from decorations provider vscode.git 927
[2022-08-09 14:11:50.860] [exthost] [warning] [Decorations] CAPPING events from decorations provider vscode.git 927
[2022-08-09 14:11:58.341] [exthost] [warning] [Decorations] CAPPING events from decorations provider vscode.git 927
[2022-08-09 14:12:05.436] [exthost] [warning] [Decorations] CAPPING events from decorations provider vscode.git 927
[2022-08-09 14:12:12.696] [exthost] [warning] [Decorations] CAPPING events from decorations provider vscode.git 927
[2022-08-09 14:12:19.696] [exthost] [warning] [Decorations] CAPPING events from decorations provider vscode.git 927
[2022-08-09 14:12:26.672] [exthost] [warning] [Decorations] CAPPING events from decorations provider vscode.git 927
[2022-08-09 14:12:33.664] [exthost] [warning] [Decorations] CAPPING events from decorations provider vscode.git 927
[2022-08-09 14:12:40.734] [exthost] [warning] [Decorations] CAPPING events from decorations provider vscode.git 927
[2022-08-09 14:12:47.704] [exthost] [warning] [Decorations] CAPPING events from decorations provider vscode.git 927
[2022-08-09 14:12:54.827] [exthost] [warning] [Decorations] CAPPING events from decorations provider vscode.git 927
[2022-08-09 14:13:01.954] [exthost] [warning] [Decorations] CAPPING events from decorations provider vscode.git 927
[2022-08-09 14:13:08.998] [exthost] [warning] [Decorations] CAPPING events from decorations provider vscode.git 927
[2022-08-09 14:13:16.190] [exthost] [warning] [Decorations] CAPPING events from decorations provider vscode.git 927
[2022-08-09 14:13:23.393] [exthost] [warning] [Decorations] CAPPING events from decorations provider vscode.git 927
[2022-08-09 14:13:30.411] [exthost] [warning] [Decorations] CAPPING events from decorations provider vscode.git 927
[2022-08-09 14:13:37.560] [exthost] [warning] [Decorations] CAPPING events from decorations provider vscode.git 927
[2022-08-09 14:13:44.896] [exthost] [warning] [Decorations] CAPPING events from decorations provider vscode.git 927
[2022-08-09 14:13:52.245] [exthost] [warning] [Decorations] CAPPING events from decorations provider vscode.git 927
[2022-08-09 14:13:59.304] [exthost] [warning] [Decorations] CAPPING events from decorations provider vscode.git 927
[2022-08-09 14:14:06.334] [exthost] [warning] [Decorations] CAPPING events from decorations provider vscode.git 927
[2022-08-09 14:14:13.392] [exthost] [warning] [Decorations] CAPPING events from decorations provider vscode.git 927
[2022-08-09 14:14:20.352] [exthost] [warning] [Decorations] CAPPING events from decorations provider vscode.git 927
[2022-08-09 14:14:27.426] [exthost] [warning] [Decorations] CAPPING events from decorations provider vscode.git 927
[2022-08-09 14:23:40.525] [exthost] [warning] [Decorations] CAPPING events from decorations provider vscode.git 927
[2022-08-09 14:23:47.511] [exthost] [warning] [Decorations] CAPPING events from decorations provider vscode.git 927
[2022-08-09 14:23:54.468] [exthost] [warning] [Decorations] CAPPING events from decorations provider vscode.git 927
[2022-08-09 14:24:01.379] [exthost] [warning] [Decorations] CAPPING events from decorations provider vscode.git 927
[2022-08-09 14:24:08.519] [exthost] [warning] [Decorations] CAPPING events from decorations provider vscode.git 927
[2022-08-09 14:24:15.674] [exthost] [warning] [Decorations] CAPPING events from decorations provider vscode.git 927
[2022-08-09 14:24:22.631] [exthost] [warning] [Decorations] CAPPING events from decorations provider vscode.git 927
[2022-08-09 14:24:29.579] [exthost] [warning] [Decorations] CAPPING events from decorations provider vscode.git 927
[2022-08-09 14:24:36.558] [exthost] [warning] [Decorations] CAPPING events from decorations provider vscode.git 927
[2022-08-09 14:24:43.710] [exthost] [warning] [Decorations] CAPPING events from decorations provider vscode.git 927
[2022-08-09 14:24:50.809] [exthost] [warning] [Decorations] CAPPING events from decorations provider vscode.git 927
[2022-08-09 14:24:58.026] [exthost] [warning] [Decorations] CAPPING events from decorations provider vscode.git 927
[2022-08-09 14:25:04.973] [exthost] [warning] [Decorations] CAPPING events from decorations provider vscode.git 927
[2022-08-09 14:25:11.921] [exthost] [warning] [Decorations] CAPPING events from decorations provider vscode.git 927
[2022-08-09 14:25:19.127] [exthost] [warning] [Decorations] CAPPING events from decorations provider vscode.git 927
[2022-08-09 14:25:26.146] [exthost] [warning] [Decorations] CAPPING events from decorations provider vscode.git 927
[2022-08-09 14:25:33.228] [exthost] [warning] [Decorations] CAPPING events from decorations provider vscode.git 927
[2022-08-09 14:25:40.300] [exthost] [warning] [Decorations] CAPPING events from decorations provider vscode.git 927
[2022-08-09 14:25:47.309] [exthost] [warning] [Decorations] CAPPING events from decorations provider vscode.git 927
[2022-08-09 14:25:54.481] [exthost] [warning] [Decorations] CAPPING events from decorations provider vscode.git 927
[2022-08-09 14:26:01.430] [exthost] [warning] [Decorations] CAPPING events from decorations provider vscode.git 927
[2022-08-09 14:26:08.476] [exthost] [warning] [Decorations] CAPPING events from decorations provider vscode.git 927
[2022-08-09 14:26:15.566] [exthost] [warning] [Decorations] CAPPING events from decorations provider vscode.git 927
[2022-08-09 14:26:22.545] [exthost] [warning] [Decorations] CAPPING events from decorations provider vscode.git 927
[2022-08-09 14:26:29.443] [exthost] [warning] [Decorations] CAPPING events from decorations provider vscode.git 927
[2022-08-09 14:26:36.555] [exthost] [warning] [Decorations] CAPPING events from decorations provider vscode.git 927
[2022-08-09 14:26:43.634] [exthost] [warning] [Decorations] CAPPING events from decorations provider vscode.git 927
[2022-08-09 14:26:50.675] [exthost] [warning] [Decorations] CAPPING events from decorations provider vscode.git 927
[2022-08-09 14:26:57.630] [exthost] [warning] [Decorations] CAPPING events from decorations provider vscode.git 927
[2022-08-09 14:27:04.710] [exthost] [warning] [Decorations] CAPPING events from decorations provider vscode.git 927
[2022-08-09 14:27:11.656] [exthost] [warning] [Decorations] CAPPING events from decorations provider vscode.git 927
[2022-08-09 14:27:18.619] [exthost] [warning] [Decorations] CAPPING events from decorations provider vscode.git 927
[2022-08-09 14:27:25.675] [exthost] [warning] [Decorations] CAPPING events from decorations provider vscode.git 927
[2022-08-09 14:27:32.594] [exthost] [warning] [Decorations] CAPPING events from decorations provider vscode.git 927
[2022-08-09 14:27:39.651] [exthost] [warning] [Decorations] CAPPING events from decorations provider vscode.git 927
[2022-08-09 14:27:46.753] [exthost] [warning] [Decorations] CAPPING events from decorations provider vscode.git 927
[2022-08-09 14:27:53.739] [exthost] [warning] [Decorations] CAPPING events from decorations provider vscode.git 927
[2022-08-09 14:28:00.716] [exthost] [warning] [Decorations] CAPPING events from decorations provider vscode.git 927
[2022-08-09 14:28:07.729] [exthost] [warning] [Decorations] CAPPING events from decorations provider vscode.git 927
[2022-08-09 14:28:14.720] [exthost] [warning] [Decorations] CAPPING events from decorations provider vscode.git 927
[2022-08-09 14:28:21.731] [exthost] [warning] [Decorations] CAPPING events from decorations provider vscode.git 927
[2022-08-09 14:28:29.050] [exthost] [warning] [Decorations] CAPPING events from decorations provider vscode.git 927
[2022-08-09 14:28:36.013] [exthost] [warning] [Decorations] CAPPING events from decorations provider vscode.git 927
[2022-08-09 14:28:43.056] [exthost] [warning] [Decorations] CAPPING events from decorations provider vscode.git 927
[2022-08-09 14:28:50.031] [exthost] [warning] [Decorations] CAPPING events from decorations provider vscode.git 927
[2022-08-09 14:28:57.015] [exthost] [warning] [Decorations] CAPPING events from decorations provider vscode.git 927
[2022-08-09 14:29:04.081] [exthost] [warning] [Decorations] CAPPING events from decorations provider vscode.git 927
[2022-08-09 14:29:11.064] [exthost] [warning] [Decorations] CAPPING events from decorations provider vscode.git 927
[2022-08-09 14:29:18.034] [exthost] [warning] [Decorations] CAPPING events from decorations provider vscode.git 927
[2022-08-09 14:29:24.982] [exthost] [warning] [Decorations] CAPPING events from decorations provider vscode.git 927
[2022-08-09 14:29:32.094] [exthost] [warning] [Decorations] CAPPING events from decorations provider vscode.git 927
[2022-08-09 14:29:39.045] [exthost] [warning] [Decorations] CAPPING events from decorations provider vscode.git 927
[2022-08-09 14:29:46.014] [exthost] [warning] [Decorations] CAPPING events from decorations provider vscode.git 927
[2022-08-09 14:29:53.036] [exthost] [warning] [Decorations] CAPPING events from decorations provider vscode.git 927
[2022-08-09 14:30:00.049] [exthost] [warning] [Decorations] CAPPING events from decorations provider vscode.git 927
[2022-08-09 14:30:07.013] [exthost] [warning] [Decorations] CAPPING events from decorations provider vscode.git 927
[2022-08-09 14:30:13.942] [exthost] [warning] [Decorations] CAPPING events from decorations provider vscode.git 927
[2022-08-09 14:30:21.030] [exthost] [warning] [Decorations] CAPPING events from decorations provider vscode.git 927
[2022-08-09 14:30:27.992] [exthost] [warning] [Decorations] CAPPING events from decorations provider vscode.git 927
[2022-08-09 14:30:34.923] [exthost] [warning] [Decorations] CAPPING events from decorations provider vscode.git 927
[2022-08-09 14:30:42.010] [exthost] [warning] [Decorations] CAPPING events from decorations provider vscode.git 927
[2022-08-09 14:30:49.175] [exthost] [warning] [Decorations] CAPPING events from decorations provider vscode.git 927
[2022-08-09 14:30:56.296] [exthost] [warning] [Decorations] CAPPING events from decorations provider vscode.git 927
[2022-08-09 14:31:03.283] [exthost] [warning] [Decorations] CAPPING events from decorations provider vscode.git 927
[2022-08-09 14:31:10.222] [exthost] [warning] [Decorations] CAPPING events from decorations provider vscode.git 927
[2022-08-09 14:31:17.279] [exthost] [warning] [Decorations] CAPPING events from decorations provider vscode.git 927
[2022-08-09 14:31:24.263] [exthost] [warning] [Decorations] CAPPING events from decorations provider vscode.git 927
[2022-08-09 14:31:31.251] [exthost] [warning] [Decorations] CAPPING events from decorations provider vscode.git 927
[2022-08-09 14:31:38.255] [exthost] [warning] [Decorations] CAPPING events from decorations provider vscode.git 927
[2022-08-09 14:31:45.193] [exthost] [warning] [Decorations] CAPPING events from decorations provider vscode.git 927
[2022-08-09 14:31:52.247] [exthost] [warning] [Decorations] CAPPING events from decorations provider vscode.git 927
[2022-08-09 14:31:59.218] [exthost] [warning] [Decorations] CAPPING events from decorations provider vscode.git 927
[2022-08-09 14:32:06.270] [exthost] [warning] [Decorations] CAPPING events from decorations provider vscode.git 927
[2022-08-09 14:32:13.259] [exthost] [warning] [Decorations] CAPPING events from decorations provider vscode.git 927
[2022-08-09 14:32:20.247] [exthost] [warning] [Decorations] CAPPING events from decorations provider vscode.git 927
[2022-08-09 14:32:27.303] [exthost] [warning] [Decorations] CAPPING events from decorations provider vscode.git 927
[2022-08-09 14:32:34.508] [exthost] [warning] [Decorations] CAPPING events from decorations provider vscode.git 927
[2022-08-09 14:32:41.497] [exthost] [warning] [Decorations] CAPPING events from decorations provider vscode.git 927
[2022-08-09 14:32:48.610] [exthost] [warning] [Decorations] CAPPING events from decorations provider vscode.git 927
[2022-08-09 14:32:55.720] [exthost] [warning] [Decorations] CAPPING events from decorations provider vscode.git 927
[2022-08-09 14:33:02.832] [exthost] [warning] [Decorations] CAPPING events from decorations provider vscode.git 927
[2022-08-09 14:33:09.822] [exthost] [warning] [Decorations] CAPPING events from decorations provider vscode.git 927
[2022-08-09 14:33:16.897] [exthost] [warning] [Decorations] CAPPING events from decorations provider vscode.git 927
[2022-08-09 14:33:23.969] [exthost] [warning] [Decorations] CAPPING events from decorations provider vscode.git 927
[2022-08-09 14:33:31.172] [exthost] [warning] [Decorations] CAPPING events from decorations provider vscode.git 927
[2022-08-09 14:33:38.227] [exthost] [warning] [Decorations] CAPPING events from decorations provider vscode.git 927
[2022-08-09 14:33:45.319] [exthost] [warning] [Decorations] CAPPING events from decorations provider vscode.git 927
[2022-08-09 14:33:52.399] [exthost] [warning] [Decorations] CAPPING events from decorations provider vscode.git 927
[2022-08-09 14:33:59.528] [exthost] [warning] [Decorations] CAPPING events from decorations provider vscode.git 927
[2022-08-09 14:34:06.523] [exthost] [warning] [Decorations] CAPPING events from decorations provider vscode.git 927
[2022-08-09 14:34:13.544] [exthost] [warning] [Decorations] CAPPING events from decorations provider vscode.git 927
[2022-08-09 14:34:20.512] [exthost] [warning] [Decorations] CAPPING events from decorations provider vscode.git 927
[2022-08-09 14:34:27.507] [exthost] [warning] [Decorations] CAPPING events from decorations provider vscode.git 927
[2022-08-09 14:34:28.219] [exthost] [warning] [ms-python.python] Accessing a window scoped configuration for a resource is not expected. To associate 'python.languageServer' to a resource, define its scope to 'resource' in configuration contributions in 'package.json'.
[2022-08-09 14:34:28.222] [exthost] [warning] [ms-python.python] Accessing a window scoped configuration for a resource is not expected. To associate 'python.languageServer' to a resource, define its scope to 'resource' in configuration contributions in 'package.json'.
[2022-08-09 14:34:34.700] [exthost] [warning] [Decorations] CAPPING events from decorations provider vscode.git 931
[2022-08-09 14:34:42.178] [exthost] [warning] [Decorations] CAPPING events from decorations provider vscode.git 931
[2022-08-09 14:34:49.285] [exthost] [warning] [Decorations] CAPPING events from decorations provider vscode.git 931
[2022-08-09 14:34:56.826] [exthost] [warning] [Decorations] CAPPING events from decorations provider vscode.git 931
[2022-08-09 14:35:04.100] [exthost] [warning] [Decorations] CAPPING events from decorations provider vscode.git 931
[2022-08-09 14:35:11.361] [exthost] [warning] [Decorations] CAPPING events from decorations provider vscode.git 931
[2022-08-09 14:35:18.694] [exthost] [warning] [Decorations] CAPPING events from decorations provider vscode.git 931
[2022-08-09 14:35:25.887] [exthost] [warning] [Decorations] CAPPING events from decorations provider vscode.git 931
[2022-08-09 14:35:33.014] [exthost] [warning] [Decorations] CAPPING events from decorations provider vscode.git 931
[2022-08-09 14:35:40.227] [exthost] [warning] [Decorations] CAPPING events from decorations provider vscode.git 931
[2022-08-09 14:35:47.459] [exthost] [warning] [Decorations] CAPPING events from decorations provider vscode.git 931
[2022-08-09 14:35:54.593] [exthost] [warning] [Decorations] CAPPING events from decorations provider vscode.git 931
[2022-08-09 14:36:01.691] [exthost] [warning] [Decorations] CAPPING events from decorations provider vscode.git 931
[2022-08-09 14:36:08.823] [exthost] [warning] [Decorations] CAPPING events from decorations provider vscode.git 931
[2022-08-09 14:36:16.251] [exthost] [warning] [Decorations] CAPPING events from decorations provider vscode.git 931
[2022-08-09 14:36:23.460] [exthost] [warning] [Decorations] CAPPING events from decorations provider vscode.git 931
[2022-08-09 14:36:30.892] [exthost] [warning] [Decorations] CAPPING events from decorations provider vscode.git 931
[2022-08-09 14:36:38.067] [exthost] [warning] [Decorations] CAPPING events from decorations provider vscode.git 931
[2022-08-09 14:36:45.158] [exthost] [warning] [Decorations] CAPPING events from decorations provider vscode.git 931
[2022-08-09 14:36:52.136] [exthost] [warning] [Decorations] CAPPING events from decorations provider vscode.git 931
[2022-08-09 14:36:59.470] [exthost] [warning] [Decorations] CAPPING events from decorations provider vscode.git 931
[2022-08-09 14:37:06.564] [exthost] [warning] [Decorations] CAPPING events from decorations provider vscode.git 931
[2022-08-09 14:37:16.872] [exthost] [warning] [Decorations] CAPPING events from decorations provider vscode.git 931
[2022-08-09 14:37:26.574] [exthost] [warning] [Decorations] CAPPING events from decorations provider vscode.git 931
[2022-08-09 14:37:35.177] [exthost] [warning] [Decorations] CAPPING events from decorations provider vscode.git 931
[2022-08-09 14:37:42.157] [exthost] [warning] [Decorations] CAPPING events from decorations provider vscode.git 931
[2022-08-09 14:37:49.288] [exthost] [warning] [Decorations] CAPPING events from decorations provider vscode.git 931
[2022-08-09 14:37:56.239] [exthost] [warning] [Decorations] CAPPING events from decorations provider vscode.git 931
[2022-08-09 14:38:03.284] [exthost] [warning] [Decorations] CAPPING events from decorations provider vscode.git 931
[2022-08-09 14:38:10.329] [exthost] [warning] [Decorations] CAPPING events from decorations provider vscode.git 931
[2022-08-09 14:38:17.439] [exthost] [warning] [Decorations] CAPPING events from decorations provider vscode.git 935
[2022-08-09 14:38:27.126] [exthost] [warning] [Decorations] CAPPING events from decorations provider vscode.git 935
[2022-08-09 14:38:36.628] [exthost] [warning] [Decorations] CAPPING events from decorations provider vscode.git 935
[2022-08-09 14:38:46.379] [exthost] [warning] [Decorations] CAPPING events from decorations provider vscode.git 935
[2022-08-09 14:38:55.758] [exthost] [warning] [Decorations] CAPPING events from decorations provider vscode.git 935
[2022-08-09 14:39:04.914] [exthost] [warning] [Decorations] CAPPING events from decorations provider vscode.git 935
[2022-08-09 14:39:14.737] [exthost] [warning] [Decorations] CAPPING events from decorations provider vscode.git 935
[2022-08-09 14:39:24.602] [exthost] [warning] [Decorations] CAPPING events from decorations provider vscode.git 935
[2022-08-09 14:39:34.704] [exthost] [warning] [Decorations] CAPPING events from decorations provider vscode.git 935
[2022-08-09 14:39:44.097] [exthost] [warning] [Decorations] CAPPING events from decorations provider vscode.git 935
[2022-08-09 14:39:53.801] [exthost] [warning] [Decorations] CAPPING events from decorations provider vscode.git 935
[2022-08-09 14:40:02.615] [exthost] [warning] [Decorations] CAPPING events from decorations provider vscode.git 935
[2022-08-09 14:40:12.684] [exthost] [warning] [Decorations] CAPPING events from decorations provider vscode.git 935
[2022-08-09 14:40:19.676] [exthost] [warning] [Decorations] CAPPING events from decorations provider vscode.git 935
[2022-08-09 14:40:26.590] [exthost] [warning] [Decorations] CAPPING events from decorations provider vscode.git 935
[2022-08-09 14:40:33.495] [exthost] [warning] [Decorations] CAPPING events from decorations provider vscode.git 935
[2022-08-09 14:40:40.507] [exthost] [warning] [Decorations] CAPPING events from decorations provider vscode.git 935
[2022-08-09 14:40:47.531] [exthost] [warning] [Decorations] CAPPING events from decorations provider vscode.git 935
[2022-08-09 14:40:54.473] [exthost] [warning] [Decorations] CAPPING events from decorations provider vscode.git 935
[2022-08-09 14:41:01.594] [exthost] [warning] [Decorations] CAPPING events from decorations provider vscode.git 935
[2022-08-09 14:41:08.574] [exthost] [warning] [Decorations] CAPPING events from decorations provider vscode.git 935
[2022-08-09 14:41:15.601] [exthost] [warning] [Decorations] CAPPING events from decorations provider vscode.git 935
[2022-08-09 14:41:22.685] [exthost] [warning] [Decorations] CAPPING events from decorations provider vscode.git 935
[2022-08-09 14:41:29.678] [exthost] [warning] [Decorations] CAPPING events from decorations provider vscode.git 935
[2022-08-09 14:41:36.654] [exthost] [warning] [Decorations] CAPPING events from decorations provider vscode.git 935
[2022-08-09 14:41:43.766] [exthost] [warning] [Decorations] CAPPING events from decorations provider vscode.git 935
[2022-08-09 14:41:50.787] [exthost] [warning] [Decorations] CAPPING events from decorations provider vscode.git 935
[2022-08-09 14:41:57.740] [exthost] [warning] [Decorations] CAPPING events from decorations provider vscode.git 935
[2022-08-09 14:42:04.673] [exthost] [warning] [Decorations] CAPPING events from decorations provider vscode.git 935
[2022-08-09 14:42:11.579] [exthost] [warning] [Decorations] CAPPING events from decorations provider vscode.git 935
[2022-08-09 14:42:18.551] [exthost] [warning] [Decorations] CAPPING events from decorations provider vscode.git 935
[2022-08-09 14:42:28.285] [exthost] [warning] [Decorations] CAPPING events from decorations provider vscode.git 935
[2022-08-09 14:42:35.261] [exthost] [warning] [Decorations] CAPPING events from decorations provider vscode.git 935
[2022-08-09 14:42:42.539] [exthost] [warning] [Decorations] CAPPING events from decorations provider vscode.git 939
[2022-08-09 14:42:49.629] [exthost] [warning] [Decorations] CAPPING events from decorations provider vscode.git 939
[2022-08-09 14:42:58.625] [exthost] [warning] [Decorations] CAPPING events from decorations provider vscode.git 939
[2022-08-09 14:43:08.111] [exthost] [warning] [Decorations] CAPPING events from decorations provider vscode.git 939
[2022-08-09 14:43:17.093] [exthost] [warning] [Decorations] CAPPING events from decorations provider vscode.git 939
[2022-08-09 14:43:26.416] [exthost] [warning] [Decorations] CAPPING events from decorations provider vscode.git 939
[2022-08-09 14:43:35.702] [exthost] [warning] [Decorations] CAPPING events from decorations provider vscode.git 939
[2022-08-09 14:43:45.976] [exthost] [warning] [Decorations] CAPPING events from decorations provider vscode.git 939
[2022-08-09 14:43:55.386] [exthost] [warning] [Decorations] CAPPING events from decorations provider vscode.git 939
[2022-08-09 14:44:05.552] [exthost] [warning] [Decorations] CAPPING events from decorations provider vscode.git 939
[2022-08-09 14:44:14.571] [exthost] [warning] [Decorations] CAPPING events from decorations provider vscode.git 939
[2022-08-09 14:44:23.977] [exthost] [warning] [Decorations] CAPPING events from decorations provider vscode.git 939
[2022-08-09 14:44:33.292] [exthost] [warning] [Decorations] CAPPING events from decorations provider vscode.git 939
[2022-08-09 14:44:41.684] [exthost] [warning] [Decorations] CAPPING events from decorations provider vscode.git 939
[2022-08-09 14:44:48.605] [exthost] [warning] [Decorations] CAPPING events from decorations provider vscode.git 939
[2022-08-09 14:44:55.637] [exthost] [warning] [Decorations] CAPPING events from decorations provider vscode.git 939
[2022-08-09 14:45:02.671] [exthost] [warning] [Decorations] CAPPING events from decorations provider vscode.git 939
[2022-08-09 14:45:09.774] [exthost] [warning] [Decorations] CAPPING events from decorations provider vscode.git 939
[2022-08-09 14:45:16.711] [exthost] [warning] [Decorations] CAPPING events from decorations provider vscode.git 939
[2022-08-09 14:45:23.794] [exthost] [warning] [Decorations] CAPPING events from decorations provider vscode.git 939
[2022-08-09 14:45:30.863] [exthost] [warning] [Decorations] CAPPING events from decorations provider vscode.git 939
[2022-08-09 14:45:37.886] [exthost] [warning] [Decorations] CAPPING events from decorations provider vscode.git 939
[2022-08-09 14:45:44.919] [exthost] [warning] [Decorations] CAPPING events from decorations provider vscode.git 939
[2022-08-09 14:45:52.019] [exthost] [warning] [Decorations] CAPPING events from decorations provider vscode.git 939
[2022-08-09 14:45:59.145] [exthost] [warning] [Decorations] CAPPING events from decorations provider vscode.git 939
[2022-08-09 14:46:06.083] [exthost] [warning] [Decorations] CAPPING events from decorations provider vscode.git 939
[2022-08-09 14:46:13.199] [exthost] [warning] [Decorations] CAPPING events from decorations provider vscode.git 943
[2022-08-09 14:46:22.615] [exthost] [warning] [Decorations] CAPPING events from decorations provider vscode.git 943
[2022-08-09 14:46:32.011] [exthost] [warning] [Decorations] CAPPING events from decorations provider vscode.git 943
[2022-08-09 14:46:41.644] [exthost] [warning] [Decorations] CAPPING events from decorations provider vscode.git 943
[2022-08-09 14:46:51.649] [exthost] [warning] [Decorations] CAPPING events from decorations provider vscode.git 943
[2022-08-09 14:47:00.933] [exthost] [warning] [Decorations] CAPPING events from decorations provider vscode.git 943
[2022-08-09 14:47:11.935] [exthost] [warning] [Decorations] CAPPING events from decorations provider vscode.git 943
[2022-08-09 14:47:22.300] [exthost] [warning] [Decorations] CAPPING events from decorations provider vscode.git 943
[2022-08-09 14:47:31.556] [exthost] [warning] [Decorations] CAPPING events from decorations provider vscode.git 943
[2022-08-09 14:47:41.368] [exthost] [warning] [Decorations] CAPPING events from decorations provider vscode.git 943
[2022-08-09 14:47:50.670] [exthost] [warning] [Decorations] CAPPING events from decorations provider vscode.git 943
[2022-08-09 14:47:59.354] [exthost] [warning] [Decorations] CAPPING events from decorations provider vscode.git 943
[2022-08-09 14:48:08.661] [exthost] [warning] [Decorations] CAPPING events from decorations provider vscode.git 943
[2022-08-09 14:48:15.667] [exthost] [warning] [Decorations] CAPPING events from decorations provider vscode.git 943
[2022-08-09 14:48:22.717] [exthost] [warning] [Decorations] CAPPING events from decorations provider vscode.git 943
[2022-08-09 14:48:29.801] [exthost] [warning] [Decorations] CAPPING events from decorations provider vscode.git 943
[2022-08-09 14:48:36.799] [exthost] [warning] [Decorations] CAPPING events from decorations provider vscode.git 943
[2022-08-09 14:48:43.841] [exthost] [warning] [Decorations] CAPPING events from decorations provider vscode.git 943
[2022-08-09 14:48:50.870] [exthost] [warning] [Decorations] CAPPING events from decorations provider vscode.git 943
[2022-08-09 14:48:58.099] [exthost] [warning] [Decorations] CAPPING events from decorations provider vscode.git 943
[2022-08-09 14:49:05.207] [exthost] [warning] [Decorations] CAPPING events from decorations provider vscode.git 943
[2022-08-09 14:49:12.191] [exthost] [warning] [Decorations] CAPPING events from decorations provider vscode.git 943
[2022-08-09 14:49:19.080] [exthost] [warning] [Decorations] CAPPING events from decorations provider vscode.git 943
[2022-08-09 14:49:26.124] [exthost] [warning] [Decorations] CAPPING events from decorations provider vscode.git 943
[2022-08-09 14:49:33.137] [exthost] [warning] [Decorations] CAPPING events from decorations provider vscode.git 943
[2022-08-09 14:49:40.668] [exthost] [warning] [Decorations] CAPPING events from decorations provider vscode.git 943
[2022-08-09 14:49:47.789] [exthost] [warning] [Decorations] CAPPING events from decorations provider vscode.git 943
[2022-08-09 14:49:54.866] [exthost] [warning] [Decorations] CAPPING events from decorations provider vscode.git 943
[2022-08-09 14:50:02.053] [exthost] [warning] [Decorations] CAPPING events from decorations provider vscode.git 943
[2022-08-09 14:50:09.056] [exthost] [warning] [Decorations] CAPPING events from decorations provider vscode.git 943
[2022-08-09 14:50:16.079] [exthost] [warning] [Decorations] CAPPING events from decorations provider vscode.git 943
[2022-08-09 14:50:23.121] [exthost] [warning] [Decorations] CAPPING events from decorations provider vscode.git 943
[2022-08-09 14:50:30.264] [exthost] [warning] [Decorations] CAPPING events from decorations provider vscode.git 943
[2022-08-09 14:50:37.339] [exthost] [warning] [Decorations] CAPPING events from decorations provider vscode.git 943
[2022-08-09 14:50:44.404] [exthost] [warning] [Decorations] CAPPING events from decorations provider vscode.git 943
[2022-08-09 14:50:51.473] [exthost] [warning] [Decorations] CAPPING events from decorations provider vscode.git 943
[2022-08-09 14:50:58.656] [exthost] [warning] [Decorations] CAPPING events from decorations provider vscode.git 943
[2022-08-09 14:51:05.942] [exthost] [warning] [Decorations] CAPPING events from decorations provider vscode.git 943
[2022-08-09 14:51:13.046] [exthost] [warning] [Decorations] CAPPING events from decorations provider vscode.git 943
[2022-08-09 14:51:20.219] [exthost] [warning] [Decorations] CAPPING events from decorations provider vscode.git 943
[2022-08-09 14:51:27.441] [exthost] [warning] [Decorations] CAPPING events from decorations provider vscode.git 943
[2022-08-09 14:51:34.524] [exthost] [warning] [Decorations] CAPPING events from decorations provider vscode.git 943
[2022-08-09 14:51:41.558] [exthost] [warning] [Decorations] CAPPING events from decorations provider vscode.git 943
[2022-08-09 14:51:48.666] [exthost] [warning] [Decorations] CAPPING events from decorations provider vscode.git 943
[2022-08-09 14:51:55.760] [exthost] [warning] [Decorations] CAPPING events from decorations provider vscode.git 943
[2022-08-09 14:52:02.738] [exthost] [warning] [Decorations] CAPPING events from decorations provider vscode.git 943
[2022-08-09 14:52:09.664] [exthost] [warning] [Decorations] CAPPING events from decorations provider vscode.git 943
[2022-08-09 14:52:16.726] [exthost] [warning] [Decorations] CAPPING events from decorations provider vscode.git 943
[2022-08-09 14:52:23.783] [exthost] [warning] [Decorations] CAPPING events from decorations provider vscode.git 943
[2022-08-09 14:52:30.814] [exthost] [warning] [Decorations] CAPPING events from decorations provider vscode.git 943
[2022-08-09 14:52:37.821] [exthost] [warning] [Decorations] CAPPING events from decorations provider vscode.git 943
[2022-08-09 14:52:44.782] [exthost] [warning] [Decorations] CAPPING events from decorations provider vscode.git 943
[2022-08-09 14:52:51.875] [exthost] [warning] [Decorations] CAPPING events from decorations provider vscode.git 943
[2022-08-09 14:52:58.900] [exthost] [warning] [Decorations] CAPPING events from decorations provider vscode.git 943
[2022-08-09 14:53:06.058] [exthost] [warning] [Decorations] CAPPING events from decorations provider vscode.git 943
[2022-08-09 14:53:13.118] [exthost] [warning] [Decorations] CAPPING events from decorations provider vscode.git 943
[2022-08-09 14:53:20.050] [exthost] [warning] [Decorations] CAPPING events from decorations provider vscode.git 943
[2022-08-09 14:53:26.971] [exthost] [warning] [Decorations] CAPPING events from decorations provider vscode.git 943
[2022-08-09 14:53:33.948] [exthost] [warning] [Decorations] CAPPING events from decorations provider vscode.git 943
[2022-08-09 14:53:40.887] [exthost] [warning] [Decorations] CAPPING events from decorations provider vscode.git 943
[2022-08-09 14:53:47.901] [exthost] [warning] [Decorations] CAPPING events from decorations provider vscode.git 943
[2022-08-09 14:53:54.819] [exthost] [warning] [Decorations] CAPPING events from decorations provider vscode.git 943
[2022-08-09 14:54:01.874] [exthost] [warning] [Decorations] CAPPING events from decorations provider vscode.git 943
[2022-08-09 14:54:08.839] [exthost] [warning] [Decorations] CAPPING events from decorations provider vscode.git 943
[2022-08-09 14:54:15.873] [exthost] [warning] [Decorations] CAPPING events from decorations provider vscode.git 943
[2022-08-09 14:54:22.915] [exthost] [warning] [Decorations] CAPPING events from decorations provider vscode.git 943
[2022-08-09 14:54:29.840] [exthost] [warning] [Decorations] CAPPING events from decorations provider vscode.git 943
[2022-08-09 14:54:36.730] [exthost] [info] extension host terminating: received terminate message from renderer
[2022-08-09 14:54:36.732] [exthost] [info] Lock '/home/kadir/IML/Quantus/.code-server/User/workspaceStorage/-500ba730-1/vscode.lock': Marking the lockfile as scheduled to be released in 6000 ms.
[2022-08-09 14:54:36.777] [exthost] [info] Extension host with pid 2426710 exiting with code 0
