[2022-08-09 16:35:55.093] [exthost] [info] Extension host with pid 976673 started
[2022-08-09 16:35:55.099] [exthost] [info] Lock '/home/kadir/IML/Quantus/.code-server/User/workspaceStorage/30ac6e36/vscode.lock': Lock acquired.
[2022-08-09 16:35:55.195] [exthost] [info] ExtensionService#_doActivateExtension vscode.debug-auto-launch, startup: true, activationEvent: '*'
[2022-08-09 16:35:55.202] [exthost] [info] ExtensionService#_doActivateExtension vscode.git-base, startup: true, activationEvent: '*', root cause: vscode.github
[2022-08-09 16:35:55.216] [exthost] [info] ExtensionService#_doActivateExtension ms-python.python, startup: true, activationEvent: 'workspaceContains:setup.py'
[2022-08-09 16:35:55.565] [exthost] [info] ExtensionService#_doActivateExtension vscode.git, startup: true, activationEvent: '*'
[2022-08-09 16:35:55.672] [exthost] [info] ExtensionService#_doActivateExtension vscode.github, startup: true, activationEvent: '*'
[2022-08-09 16:35:55.830] [exthost] [warning] [ms-python.python] Accessing a window scoped configuration for a resource is not expected. To associate 'python.languageServer' to a resource, define its scope to 'resource' in configuration contributions in 'package.json'.
[2022-08-09 16:35:55.838] [exthost] [warning] [ms-python.python] Accessing a window scoped configuration for a resource is not expected. To associate 'python.languageServer' to a resource, define its scope to 'resource' in configuration contributions in 'package.json'.
[2022-08-09 16:35:55.909] [exthost] [info] ExtensionService#_doActivateExtension vscode.emmet, startup: false, activationEvent: 'onStartupFinished'
[2022-08-09 16:35:55.949] [exthost] [info] ExtensionService#_doActivateExtension vscode.merge-conflict, startup: false, activationEvent: 'onStartupFinished'
[2022-08-09 16:35:55.957] [exthost] [info] Eager extensions activated
[2022-08-09 16:35:56.059] [exthost] [warning] [vscode.emmet] Accessing a resource scoped configuration without providing a resource is not expected. To get the effective value for 'emmet.includeLanguages', provide the URI of a resource or 'null' for any resource.
[2022-08-09 16:35:58.985] [exthost] [warning] [ms-python.python] Accessing a window scoped configuration for a resource is not expected. To associate 'python.languageServer' to a resource, define its scope to 'resource' in configuration contributions in 'package.json'.
[2022-08-09 16:35:58.990] [exthost] [warning] [ms-python.python] Accessing a window scoped configuration for a resource is not expected. To associate 'python.languageServer' to a resource, define its scope to 'resource' in configuration contributions in 'package.json'.
[2022-08-09 16:35:58.994] [exthost] [warning] [ms-python.python] Accessing a window scoped configuration for a resource is not expected. To associate 'python.languageServer' to a resource, define its scope to 'resource' in configuration contributions in 'package.json'.
[2022-08-09 16:35:58.999] [exthost] [warning] [ms-python.python] Accessing a window scoped configuration for a resource is not expected. To associate 'python.languageServer' to a resource, define its scope to 'resource' in configuration contributions in 'package.json'.
[2022-08-09 16:36:03.446] [exthost] [info] ExtensionService#_doActivateExtension ms-toolsai.jupyter, startup: false, activationEvent: 'onLanguage:python'
[2022-08-09 16:36:04.312] [exthost] [warning] [ms-toolsai.jupyter] Accessing a window scoped configuration for a resource is not expected. To associate 'jupyter.allowInput' to a resource, define its scope to 'resource' in configuration contributions in 'package.json'.
[2022-08-09 16:36:04.554] [exthost] [info] ExtensionService#_doActivateExtension ms-toolsai.jupyter-renderers, startup: false, activationEvent: 'api', root cause: ms-toolsai.jupyter
[2022-08-09 16:36:04.797] [exthost] [warning] [Decorations] CAPPING events from decorations provider vscode.git 989
[2022-08-09 16:36:08.355] [exthost] [warning] [ms-python.python] Accessing a window scoped configuration for a resource is not expected. To associate 'python.languageServer' to a resource, define its scope to 'resource' in configuration contributions in 'package.json'.
[2022-08-09 16:36:08.360] [exthost] [warning] [ms-python.python] Accessing a window scoped configuration for a resource is not expected. To associate 'python.languageServer' to a resource, define its scope to 'resource' in configuration contributions in 'package.json'.
[2022-08-09 16:36:11.839] [exthost] [warning] [Decorations] CAPPING events from decorations provider vscode.git 989
[2022-08-09 16:36:21.587] [exthost] [warning] [Decorations] CAPPING events from decorations provider vscode.git 993
[2022-08-09 16:36:31.310] [exthost] [warning] [Decorations] CAPPING events from decorations provider vscode.git 993
[2022-08-09 16:36:40.138] [exthost] [warning] [Decorations] CAPPING events from decorations provider vscode.git 993
[2022-08-09 16:36:49.579] [exthost] [warning] [Decorations] CAPPING events from decorations provider vscode.git 993
[2022-08-09 16:36:58.248] [exthost] [warning] [Decorations] CAPPING events from decorations provider vscode.git 993
[2022-08-09 16:37:07.008] [exthost] [warning] [Decorations] CAPPING events from decorations provider vscode.git 993
[2022-08-09 16:37:15.724] [exthost] [warning] [Decorations] CAPPING events from decorations provider vscode.git 993
[2022-08-09 16:37:24.468] [exthost] [warning] [Decorations] CAPPING events from decorations provider vscode.git 993
[2022-08-09 16:37:33.204] [exthost] [warning] [Decorations] CAPPING events from decorations provider vscode.git 993
[2022-08-09 16:37:41.931] [exthost] [warning] [Decorations] CAPPING events from decorations provider vscode.git 993
[2022-08-09 16:37:50.577] [exthost] [warning] [Decorations] CAPPING events from decorations provider vscode.git 993
[2022-08-09 16:37:59.229] [exthost] [warning] [Decorations] CAPPING events from decorations provider vscode.git 993
[2022-08-09 16:38:08.823] [exthost] [warning] [Decorations] CAPPING events from decorations provider vscode.git 993
[2022-08-09 16:38:19.541] [exthost] [warning] [Decorations] CAPPING events from decorations provider vscode.git 993
[2022-08-09 16:38:29.553] [exthost] [warning] [Decorations] CAPPING events from decorations provider vscode.git 993
[2022-08-09 16:38:39.528] [exthost] [warning] [Decorations] CAPPING events from decorations provider vscode.git 993
[2022-08-09 16:39:31.395] [exthost] [warning] [Decorations] CAPPING events from decorations provider vscode.git 993
[2022-08-09 16:39:42.145] [exthost] [warning] [Decorations] CAPPING events from decorations provider vscode.git 993
[2022-08-09 16:39:51.180] [exthost] [warning] [Decorations] CAPPING events from decorations provider vscode.git 993
[2022-08-09 16:40:01.783] [exthost] [warning] [Decorations] CAPPING events from decorations provider vscode.git 993
[2022-08-09 16:40:14.395] [exthost] [warning] [Decorations] CAPPING events from decorations provider vscode.git 993
[2022-08-09 16:40:24.449] [exthost] [warning] [Decorations] CAPPING events from decorations provider vscode.git 993
[2022-08-09 16:40:33.155] [exthost] [warning] [Decorations] CAPPING events from decorations provider vscode.git 993
[2022-08-09 16:40:41.839] [exthost] [warning] [Decorations] CAPPING events from decorations provider vscode.git 997
[2022-08-09 16:40:50.571] [exthost] [warning] [Decorations] CAPPING events from decorations provider vscode.git 997
[2022-08-09 16:41:01.046] [exthost] [warning] [Decorations] CAPPING events from decorations provider vscode.git 997
[2022-08-09 16:41:10.725] [exthost] [warning] [Decorations] CAPPING events from decorations provider vscode.git 997
[2022-08-09 16:41:20.184] [exthost] [warning] [Decorations] CAPPING events from decorations provider vscode.git 997
[2022-08-09 16:41:30.846] [exthost] [warning] [Decorations] CAPPING events from decorations provider vscode.git 997
[2022-08-09 16:41:41.848] [exthost] [warning] [Decorations] CAPPING events from decorations provider vscode.git 997
[2022-08-09 16:41:53.453] [exthost] [warning] [Decorations] CAPPING events from decorations provider vscode.git 997
[2022-08-09 16:42:51.817] [exthost] [warning] [Decorations] CAPPING events from decorations provider vscode.git 997
[2022-08-09 16:43:02.267] [exthost] [warning] [Decorations] CAPPING events from decorations provider vscode.git 997
[2022-08-09 16:43:10.811] [exthost] [warning] [Decorations] CAPPING events from decorations provider vscode.git 997
[2022-08-09 16:43:19.650] [exthost] [warning] [Decorations] CAPPING events from decorations provider vscode.git 997
[2022-08-09 16:43:28.304] [exthost] [warning] [Decorations] CAPPING events from decorations provider vscode.git 997
[2022-08-09 16:43:36.870] [exthost] [warning] [Decorations] CAPPING events from decorations provider vscode.git 997
[2022-08-09 16:43:45.388] [exthost] [warning] [Decorations] CAPPING events from decorations provider vscode.git 997
[2022-08-09 16:43:54.091] [exthost] [warning] [Decorations] CAPPING events from decorations provider vscode.git 997
[2022-08-09 16:44:02.642] [exthost] [warning] [Decorations] CAPPING events from decorations provider vscode.git 997
[2022-08-09 16:44:11.305] [exthost] [warning] [Decorations] CAPPING events from decorations provider vscode.git 997
[2022-08-09 16:44:20.004] [exthost] [warning] [Decorations] CAPPING events from decorations provider vscode.git 997
[2022-08-09 16:44:28.700] [exthost] [warning] [Decorations] CAPPING events from decorations provider vscode.git 997
[2022-08-09 16:44:37.579] [exthost] [warning] [Decorations] CAPPING events from decorations provider vscode.git 997
[2022-08-09 16:44:46.337] [exthost] [warning] [Decorations] CAPPING events from decorations provider vscode.git 997
[2022-08-09 16:44:54.958] [exthost] [warning] [Decorations] CAPPING events from decorations provider vscode.git 997
[2022-08-09 16:45:03.536] [exthost] [warning] [Decorations] CAPPING events from decorations provider vscode.git 997
[2022-08-09 16:45:12.100] [exthost] [warning] [Decorations] CAPPING events from decorations provider vscode.git 997
[2022-08-09 16:45:20.871] [exthost] [warning] [Decorations] CAPPING events from decorations provider vscode.git 997
[2022-08-09 16:45:29.541] [exthost] [warning] [Decorations] CAPPING events from decorations provider vscode.git 997
[2022-08-09 16:45:38.163] [exthost] [warning] [Decorations] CAPPING events from decorations provider vscode.git 997
[2022-08-09 16:45:47.195] [exthost] [warning] [Decorations] CAPPING events from decorations provider vscode.git 997
[2022-08-09 16:45:55.860] [exthost] [warning] [Decorations] CAPPING events from decorations provider vscode.git 997
[2022-08-09 16:46:04.588] [exthost] [warning] [Decorations] CAPPING events from decorations provider vscode.git 997
[2022-08-09 16:46:13.281] [exthost] [warning] [Decorations] CAPPING events from decorations provider vscode.git 997
[2022-08-09 16:46:22.365] [exthost] [warning] [Decorations] CAPPING events from decorations provider vscode.git 997
[2022-08-09 16:46:32.495] [exthost] [warning] [Decorations] CAPPING events from decorations provider vscode.git 997
[2022-08-09 16:46:41.326] [exthost] [warning] [Decorations] CAPPING events from decorations provider vscode.git 997
[2022-08-09 16:46:50.887] [exthost] [warning] [Decorations] CAPPING events from decorations provider vscode.git 997
[2022-08-09 16:46:59.564] [exthost] [warning] [Decorations] CAPPING events from decorations provider vscode.git 997
[2022-08-09 16:47:08.469] [exthost] [warning] [Decorations] CAPPING events from decorations provider vscode.git 997
[2022-08-09 16:47:18.485] [exthost] [warning] [Decorations] CAPPING events from decorations provider vscode.git 997
[2022-08-09 16:47:27.186] [exthost] [warning] [Decorations] CAPPING events from decorations provider vscode.git 997
[2022-08-09 16:47:35.958] [exthost] [warning] [Decorations] CAPPING events from decorations provider vscode.git 997
[2022-08-09 16:47:45.374] [exthost] [warning] [Decorations] CAPPING events from decorations provider vscode.git 997
[2022-08-09 16:47:54.128] [exthost] [warning] [Decorations] CAPPING events from decorations provider vscode.git 997
[2022-08-09 16:48:03.275] [exthost] [warning] [Decorations] CAPPING events from decorations provider vscode.git 997
[2022-08-09 16:48:12.229] [exthost] [warning] [Decorations] CAPPING events from decorations provider vscode.git 997
[2022-08-09 16:48:20.943] [exthost] [warning] [Decorations] CAPPING events from decorations provider vscode.git 997
[2022-08-09 16:48:29.779] [exthost] [warning] [Decorations] CAPPING events from decorations provider vscode.git 997
[2022-08-09 16:48:38.558] [exthost] [warning] [Decorations] CAPPING events from decorations provider vscode.git 997
[2022-08-09 16:48:47.316] [exthost] [warning] [Decorations] CAPPING events from decorations provider vscode.git 997
[2022-08-09 16:48:56.368] [exthost] [warning] [Decorations] CAPPING events from decorations provider vscode.git 997
[2022-08-09 16:49:05.493] [exthost] [warning] [Decorations] CAPPING events from decorations provider vscode.git 997
[2022-08-09 16:49:14.260] [exthost] [warning] [Decorations] CAPPING events from decorations provider vscode.git 997
[2022-08-09 16:49:23.146] [exthost] [warning] [Decorations] CAPPING events from decorations provider vscode.git 997
[2022-08-09 16:49:32.087] [exthost] [warning] [Decorations] CAPPING events from decorations provider vscode.git 997
[2022-08-09 16:49:41.029] [exthost] [warning] [Decorations] CAPPING events from decorations provider vscode.git 997
[2022-08-09 16:49:49.763] [exthost] [warning] [Decorations] CAPPING events from decorations provider vscode.git 997
[2022-08-09 16:49:58.436] [exthost] [warning] [Decorations] CAPPING events from decorations provider vscode.git 997
[2022-08-09 16:50:07.172] [exthost] [warning] [Decorations] CAPPING events from decorations provider vscode.git 997
[2022-08-09 16:50:15.918] [exthost] [warning] [Decorations] CAPPING events from decorations provider vscode.git 997
[2022-08-09 16:50:24.796] [exthost] [warning] [Decorations] CAPPING events from decorations provider vscode.git 997
[2022-08-09 16:50:33.473] [exthost] [warning] [Decorations] CAPPING events from decorations provider vscode.git 1001
[2022-08-09 16:50:43.930] [exthost] [warning] [Decorations] CAPPING events from decorations provider vscode.git 1001
[2022-08-09 16:50:54.674] [exthost] [warning] [Decorations] CAPPING events from decorations provider vscode.git 1001
[2022-08-09 16:51:06.372] [exthost] [warning] [Decorations] CAPPING events from decorations provider vscode.git 1001
[2022-08-09 16:51:17.382] [exthost] [warning] [Decorations] CAPPING events from decorations provider vscode.git 1001
[2022-08-09 16:51:29.723] [exthost] [warning] [Decorations] CAPPING events from decorations provider vscode.git 1001
[2022-08-09 16:51:40.536] [exthost] [warning] [Decorations] CAPPING events from decorations provider vscode.git 1001
[2022-08-09 16:51:52.464] [exthost] [warning] [Decorations] CAPPING events from decorations provider vscode.git 1001
[2022-08-09 16:52:03.637] [exthost] [warning] [Decorations] CAPPING events from decorations provider vscode.git 1001
[2022-08-09 16:52:15.256] [exthost] [warning] [Decorations] CAPPING events from decorations provider vscode.git 1001
[2022-08-09 16:52:26.634] [exthost] [warning] [Decorations] CAPPING events from decorations provider vscode.git 1001
[2022-08-09 16:52:38.300] [exthost] [warning] [Decorations] CAPPING events from decorations provider vscode.git 1001
[2022-08-09 16:52:48.815] [exthost] [warning] [Decorations] CAPPING events from decorations provider vscode.git 1001
[2022-08-09 16:52:57.577] [exthost] [warning] [Decorations] CAPPING events from decorations provider vscode.git 1001
[2022-08-09 16:53:06.514] [exthost] [warning] [Decorations] CAPPING events from decorations provider vscode.git 1001
[2022-08-09 16:53:16.194] [exthost] [warning] [Decorations] CAPPING events from decorations provider vscode.git 1001
[2022-08-09 16:53:26.064] [exthost] [warning] [Decorations] CAPPING events from decorations provider vscode.git 1001
[2022-08-09 16:53:35.470] [exthost] [warning] [Decorations] CAPPING events from decorations provider vscode.git 1001
[2022-08-09 16:53:44.386] [exthost] [warning] [Decorations] CAPPING events from decorations provider vscode.git 1001
[2022-08-09 16:53:53.227] [exthost] [warning] [Decorations] CAPPING events from decorations provider vscode.git 1001
[2022-08-09 16:54:02.924] [exthost] [warning] [Decorations] CAPPING events from decorations provider vscode.git 1001
[2022-08-09 16:54:11.821] [exthost] [warning] [Decorations] CAPPING events from decorations provider vscode.git 1001
[2022-08-09 16:54:21.357] [exthost] [warning] [Decorations] CAPPING events from decorations provider vscode.git 1001
[2022-08-09 16:54:31.005] [exthost] [warning] [Decorations] CAPPING events from decorations provider vscode.git 1005
[2022-08-09 16:54:43.060] [exthost] [warning] [Decorations] CAPPING events from decorations provider vscode.git 1005
[2022-08-09 16:54:54.784] [exthost] [warning] [Decorations] CAPPING events from decorations provider vscode.git 1005
[2022-08-09 16:55:06.131] [exthost] [warning] [Decorations] CAPPING events from decorations provider vscode.git 1005
[2022-08-09 16:55:17.352] [exthost] [warning] [Decorations] CAPPING events from decorations provider vscode.git 1005
[2022-08-09 16:55:28.395] [exthost] [warning] [Decorations] CAPPING events from decorations provider vscode.git 1005
[2022-08-09 16:55:39.131] [exthost] [warning] [Decorations] CAPPING events from decorations provider vscode.git 1005
[2022-08-09 16:55:50.384] [exthost] [warning] [Decorations] CAPPING events from decorations provider vscode.git 1005
[2022-08-09 16:56:02.368] [exthost] [warning] [Decorations] CAPPING events from decorations provider vscode.git 1005
[2022-08-09 16:56:13.701] [exthost] [warning] [Decorations] CAPPING events from decorations provider vscode.git 1005
[2022-08-09 16:56:24.443] [exthost] [warning] [Decorations] CAPPING events from decorations provider vscode.git 1005
[2022-08-09 16:56:36.105] [exthost] [warning] [Decorations] CAPPING events from decorations provider vscode.git 1005
[2022-08-09 16:56:47.843] [exthost] [warning] [Decorations] CAPPING events from decorations provider vscode.git 1005
[2022-08-09 16:56:58.139] [exthost] [warning] [Decorations] CAPPING events from decorations provider vscode.git 1005
[2022-08-09 16:57:07.173] [exthost] [warning] [Decorations] CAPPING events from decorations provider vscode.git 1005
[2022-08-09 17:14:21.580] [exthost] [warning] [Decorations] CAPPING events from decorations provider vscode.git 1005
[2022-08-09 17:14:30.376] [exthost] [warning] [Decorations] CAPPING events from decorations provider vscode.git 1005
[2022-08-09 17:14:38.881] [exthost] [warning] [Decorations] CAPPING events from decorations provider vscode.git 1005
[2022-08-09 17:14:47.380] [exthost] [warning] [Decorations] CAPPING events from decorations provider vscode.git 1005
[2022-08-09 17:14:56.053] [exthost] [warning] [Decorations] CAPPING events from decorations provider vscode.git 1005
[2022-08-09 17:15:04.882] [exthost] [warning] [Decorations] CAPPING events from decorations provider vscode.git 1005
[2022-08-09 17:15:13.539] [exthost] [warning] [Decorations] CAPPING events from decorations provider vscode.git 1005
[2022-08-09 17:15:22.176] [exthost] [warning] [Decorations] CAPPING events from decorations provider vscode.git 1005
[2022-08-09 17:15:30.849] [exthost] [warning] [Decorations] CAPPING events from decorations provider vscode.git 1005
[2022-08-09 17:15:39.459] [exthost] [warning] [Decorations] CAPPING events from decorations provider vscode.git 1005
[2022-08-09 17:15:47.993] [exthost] [warning] [Decorations] CAPPING events from decorations provider vscode.git 1005
[2022-08-09 17:15:56.533] [exthost] [warning] [Decorations] CAPPING events from decorations provider vscode.git 1005
[2022-08-09 17:16:05.008] [exthost] [warning] [Decorations] CAPPING events from decorations provider vscode.git 1005
[2022-08-09 17:16:13.610] [exthost] [warning] [Decorations] CAPPING events from decorations provider vscode.git 1005
[2022-08-09 17:16:22.151] [exthost] [warning] [Decorations] CAPPING events from decorations provider vscode.git 1005
[2022-08-09 17:16:30.695] [exthost] [warning] [Decorations] CAPPING events from decorations provider vscode.git 1005
[2022-08-09 17:16:39.164] [exthost] [warning] [Decorations] CAPPING events from decorations provider vscode.git 1005
[2022-08-09 17:16:48.287] [exthost] [warning] [Decorations] CAPPING events from decorations provider vscode.git 1005
[2022-08-09 17:16:56.923] [exthost] [warning] [Decorations] CAPPING events from decorations provider vscode.git 1005
[2022-08-09 17:17:05.586] [exthost] [warning] [Decorations] CAPPING events from decorations provider vscode.git 1005
[2022-08-09 17:17:14.071] [exthost] [warning] [Decorations] CAPPING events from decorations provider vscode.git 1005
[2022-08-09 17:17:22.583] [exthost] [warning] [Decorations] CAPPING events from decorations provider vscode.git 1005
[2022-08-09 17:17:31.147] [exthost] [warning] [Decorations] CAPPING events from decorations provider vscode.git 1005
[2022-08-09 17:17:39.920] [exthost] [warning] [Decorations] CAPPING events from decorations provider vscode.git 1005
[2022-08-09 17:17:48.473] [exthost] [warning] [Decorations] CAPPING events from decorations provider vscode.git 1005
[2022-08-09 17:17:57.049] [exthost] [warning] [Decorations] CAPPING events from decorations provider vscode.git 1005
[2022-08-09 17:18:05.746] [exthost] [warning] [Decorations] CAPPING events from decorations provider vscode.git 1005
[2022-08-09 17:18:14.371] [exthost] [warning] [Decorations] CAPPING events from decorations provider vscode.git 1005
[2022-08-09 17:18:22.996] [exthost] [warning] [Decorations] CAPPING events from decorations provider vscode.git 1005
[2022-08-09 17:18:31.726] [exthost] [warning] [Decorations] CAPPING events from decorations provider vscode.git 1005
[2022-08-09 17:18:40.369] [exthost] [warning] [Decorations] CAPPING events from decorations provider vscode.git 1005
[2022-08-09 17:18:48.878] [exthost] [warning] [Decorations] CAPPING events from decorations provider vscode.git 1005
[2022-08-09 17:18:57.520] [exthost] [warning] [Decorations] CAPPING events from decorations provider vscode.git 1005
[2022-08-09 17:19:06.342] [exthost] [warning] [Decorations] CAPPING events from decorations provider vscode.git 1005
[2022-08-09 17:19:14.911] [exthost] [warning] [Decorations] CAPPING events from decorations provider vscode.git 1005
[2022-08-09 17:19:23.500] [exthost] [warning] [Decorations] CAPPING events from decorations provider vscode.git 1005
[2022-08-09 17:19:32.045] [exthost] [warning] [Decorations] CAPPING events from decorations provider vscode.git 1005
[2022-08-09 17:19:40.606] [exthost] [warning] [Decorations] CAPPING events from decorations provider vscode.git 1005
[2022-08-09 17:19:49.148] [exthost] [warning] [Decorations] CAPPING events from decorations provider vscode.git 1005
[2022-08-09 17:19:57.847] [exthost] [warning] [Decorations] CAPPING events from decorations provider vscode.git 1005
[2022-08-09 17:20:06.583] [exthost] [warning] [Decorations] CAPPING events from decorations provider vscode.git 1005
[2022-08-09 17:20:15.129] [exthost] [warning] [Decorations] CAPPING events from decorations provider vscode.git 1005
[2022-08-09 17:20:23.601] [exthost] [warning] [Decorations] CAPPING events from decorations provider vscode.git 1005
[2022-08-09 17:20:32.295] [exthost] [warning] [Decorations] CAPPING events from decorations provider vscode.git 1005
[2022-08-09 17:20:40.786] [exthost] [warning] [Decorations] CAPPING events from decorations provider vscode.git 1005
[2022-08-09 17:20:49.286] [exthost] [warning] [Decorations] CAPPING events from decorations provider vscode.git 1005
[2022-08-09 17:20:57.816] [exthost] [warning] [Decorations] CAPPING events from decorations provider vscode.git 1005
[2022-08-09 17:21:06.875] [exthost] [warning] [Decorations] CAPPING events from decorations provider vscode.git 1005
[2022-08-09 17:21:15.971] [exthost] [warning] [Decorations] CAPPING events from decorations provider vscode.git 1005
[2022-08-09 17:21:24.718] [exthost] [warning] [Decorations] CAPPING events from decorations provider vscode.git 1005
[2022-08-09 17:21:33.450] [exthost] [warning] [Decorations] CAPPING events from decorations provider vscode.git 1005
[2022-08-09 17:21:41.963] [exthost] [warning] [Decorations] CAPPING events from decorations provider vscode.git 1005
[2022-08-09 17:21:50.881] [exthost] [warning] [Decorations] CAPPING events from decorations provider vscode.git 1005
[2022-08-09 17:21:59.495] [exthost] [warning] [Decorations] CAPPING events from decorations provider vscode.git 1005
[2022-08-09 17:22:08.241] [exthost] [warning] [Decorations] CAPPING events from decorations provider vscode.git 1005
[2022-08-09 17:22:16.829] [exthost] [warning] [Decorations] CAPPING events from decorations provider vscode.git 1005
[2022-08-09 17:22:25.526] [exthost] [warning] [Decorations] CAPPING events from decorations provider vscode.git 1005
[2022-08-09 17:22:34.052] [exthost] [warning] [Decorations] CAPPING events from decorations provider vscode.git 1005
[2022-08-09 17:22:42.812] [exthost] [warning] [Decorations] CAPPING events from decorations provider vscode.git 1005
[2022-08-09 17:22:51.283] [exthost] [warning] [Decorations] CAPPING events from decorations provider vscode.git 1005
[2022-08-09 17:22:59.811] [exthost] [warning] [Decorations] CAPPING events from decorations provider vscode.git 1005
[2022-08-09 17:23:08.893] [exthost] [warning] [Decorations] CAPPING events from decorations provider vscode.git 1005
[2022-08-09 17:23:17.684] [exthost] [warning] [Decorations] CAPPING events from decorations provider vscode.git 1005
[2022-08-09 17:23:26.217] [exthost] [warning] [Decorations] CAPPING events from decorations provider vscode.git 1005
[2022-08-09 17:23:34.942] [exthost] [warning] [Decorations] CAPPING events from decorations provider vscode.git 1005
[2022-08-09 17:23:43.651] [exthost] [warning] [Decorations] CAPPING events from decorations provider vscode.git 1005
[2022-08-09 17:23:52.220] [exthost] [warning] [Decorations] CAPPING events from decorations provider vscode.git 1005
[2022-08-09 17:24:00.809] [exthost] [warning] [Decorations] CAPPING events from decorations provider vscode.git 1005
[2022-08-09 17:24:09.595] [exthost] [warning] [Decorations] CAPPING events from decorations provider vscode.git 1005
[2022-08-09 17:24:18.094] [exthost] [warning] [Decorations] CAPPING events from decorations provider vscode.git 1005
[2022-08-09 17:24:26.724] [exthost] [warning] [Decorations] CAPPING events from decorations provider vscode.git 1005
[2022-08-09 17:24:35.428] [exthost] [warning] [Decorations] CAPPING events from decorations provider vscode.git 1005
[2022-08-09 17:24:44.242] [exthost] [warning] [Decorations] CAPPING events from decorations provider vscode.git 1005
[2022-08-09 17:24:52.812] [exthost] [warning] [Decorations] CAPPING events from decorations provider vscode.git 1005
[2022-08-09 17:25:01.280] [exthost] [warning] [Decorations] CAPPING events from decorations provider vscode.git 1005
[2022-08-09 17:25:09.755] [exthost] [warning] [Decorations] CAPPING events from decorations provider vscode.git 1005
[2022-08-09 17:25:18.338] [exthost] [warning] [Decorations] CAPPING events from decorations provider vscode.git 1005
[2022-08-09 17:25:27.030] [exthost] [warning] [Decorations] CAPPING events from decorations provider vscode.git 1005
[2022-08-09 17:25:35.672] [exthost] [warning] [Decorations] CAPPING events from decorations provider vscode.git 1005
[2022-08-09 17:25:44.454] [exthost] [warning] [Decorations] CAPPING events from decorations provider vscode.git 1005
[2022-08-09 17:25:53.226] [exthost] [warning] [Decorations] CAPPING events from decorations provider vscode.git 1005
[2022-08-09 17:26:01.863] [exthost] [warning] [Decorations] CAPPING events from decorations provider vscode.git 1005
[2022-08-09 17:26:10.359] [exthost] [warning] [Decorations] CAPPING events from decorations provider vscode.git 1005
[2022-08-09 17:26:19.219] [exthost] [warning] [Decorations] CAPPING events from decorations provider vscode.git 1005
[2022-08-09 17:26:27.699] [exthost] [warning] [Decorations] CAPPING events from decorations provider vscode.git 1005
[2022-08-09 17:26:36.303] [exthost] [warning] [Decorations] CAPPING events from decorations provider vscode.git 1005
[2022-08-09 17:26:45.081] [exthost] [warning] [Decorations] CAPPING events from decorations provider vscode.git 1005
[2022-08-09 17:26:53.982] [exthost] [warning] [Decorations] CAPPING events from decorations provider vscode.git 1005
[2022-08-09 17:27:02.539] [exthost] [warning] [Decorations] CAPPING events from decorations provider vscode.git 1005
[2022-08-09 17:27:11.401] [exthost] [warning] [Decorations] CAPPING events from decorations provider vscode.git 1005
[2022-08-09 17:27:20.070] [exthost] [warning] [Decorations] CAPPING events from decorations provider vscode.git 1005
[2022-08-09 17:27:28.678] [exthost] [warning] [Decorations] CAPPING events from decorations provider vscode.git 1005
[2022-08-09 17:27:37.317] [exthost] [warning] [Decorations] CAPPING events from decorations provider vscode.git 1005
[2022-08-09 17:27:45.846] [exthost] [warning] [Decorations] CAPPING events from decorations provider vscode.git 1005
[2022-08-09 17:27:54.609] [exthost] [warning] [Decorations] CAPPING events from decorations provider vscode.git 1005
[2022-08-09 17:28:03.331] [exthost] [warning] [Decorations] CAPPING events from decorations provider vscode.git 1005
[2022-08-09 17:28:12.018] [exthost] [warning] [Decorations] CAPPING events from decorations provider vscode.git 1005
[2022-08-09 17:28:20.539] [exthost] [warning] [Decorations] CAPPING events from decorations provider vscode.git 1005
[2022-08-09 17:28:29.245] [exthost] [warning] [Decorations] CAPPING events from decorations provider vscode.git 1005
[2022-08-09 17:28:38.103] [exthost] [warning] [Decorations] CAPPING events from decorations provider vscode.git 1005
[2022-08-09 17:28:46.749] [exthost] [warning] [Decorations] CAPPING events from decorations provider vscode.git 1005
[2022-08-09 17:28:55.718] [exthost] [warning] [Decorations] CAPPING events from decorations provider vscode.git 1005
[2022-08-09 17:29:04.372] [exthost] [warning] [Decorations] CAPPING events from decorations provider vscode.git 1005
[2022-08-09 17:29:13.176] [exthost] [warning] [Decorations] CAPPING events from decorations provider vscode.git 1005
[2022-08-09 17:29:21.812] [exthost] [warning] [Decorations] CAPPING events from decorations provider vscode.git 1005
[2022-08-09 17:29:30.531] [exthost] [warning] [Decorations] CAPPING events from decorations provider vscode.git 1005
[2022-08-09 17:29:39.113] [exthost] [warning] [Decorations] CAPPING events from decorations provider vscode.git 1005
[2022-08-09 17:29:47.863] [exthost] [warning] [Decorations] CAPPING events from decorations provider vscode.git 1005
[2022-08-09 17:29:56.501] [exthost] [warning] [Decorations] CAPPING events from decorations provider vscode.git 1005
[2022-08-09 17:30:05.029] [exthost] [warning] [Decorations] CAPPING events from decorations provider vscode.git 1005
[2022-08-09 17:30:13.681] [exthost] [warning] [Decorations] CAPPING events from decorations provider vscode.git 1005
[2022-08-09 17:30:22.362] [exthost] [warning] [Decorations] CAPPING events from decorations provider vscode.git 1005
[2022-08-09 17:30:30.942] [exthost] [warning] [Decorations] CAPPING events from decorations provider vscode.git 1005
[2022-08-09 17:30:39.659] [exthost] [warning] [Decorations] CAPPING events from decorations provider vscode.git 1005
[2022-08-09 17:30:48.337] [exthost] [warning] [Decorations] CAPPING events from decorations provider vscode.git 1005
[2022-08-09 17:30:56.787] [exthost] [warning] [Decorations] CAPPING events from decorations provider vscode.git 1005
[2022-08-09 17:31:05.533] [exthost] [warning] [Decorations] CAPPING events from decorations provider vscode.git 1005
[2022-08-09 17:31:14.302] [exthost] [warning] [Decorations] CAPPING events from decorations provider vscode.git 1005
[2022-08-09 17:31:22.895] [exthost] [warning] [Decorations] CAPPING events from decorations provider vscode.git 1005
[2022-08-09 17:31:31.522] [exthost] [warning] [Decorations] CAPPING events from decorations provider vscode.git 1005
[2022-08-09 17:31:40.019] [exthost] [warning] [Decorations] CAPPING events from decorations provider vscode.git 1005
[2022-08-09 17:31:48.573] [exthost] [warning] [Decorations] CAPPING events from decorations provider vscode.git 1005
[2022-08-09 17:31:57.245] [exthost] [warning] [Decorations] CAPPING events from decorations provider vscode.git 1005
[2022-08-09 17:32:05.790] [exthost] [warning] [Decorations] CAPPING events from decorations provider vscode.git 1005
[2022-08-09 17:32:14.326] [exthost] [warning] [Decorations] CAPPING events from decorations provider vscode.git 1005
[2022-08-09 17:32:22.839] [exthost] [warning] [Decorations] CAPPING events from decorations provider vscode.git 1005
[2022-08-09 17:32:31.508] [exthost] [warning] [Decorations] CAPPING events from decorations provider vscode.git 1005
[2022-08-09 17:32:40.106] [exthost] [warning] [Decorations] CAPPING events from decorations provider vscode.git 1005
[2022-08-09 17:32:48.628] [exthost] [warning] [Decorations] CAPPING events from decorations provider vscode.git 1005
[2022-08-09 17:32:57.132] [exthost] [warning] [Decorations] CAPPING events from decorations provider vscode.git 1005
[2022-08-09 17:33:05.623] [exthost] [warning] [Decorations] CAPPING events from decorations provider vscode.git 1005
[2022-08-09 17:33:14.090] [exthost] [warning] [Decorations] CAPPING events from decorations provider vscode.git 1005
[2022-08-09 17:33:22.729] [exthost] [warning] [Decorations] CAPPING events from decorations provider vscode.git 1005
[2022-08-09 17:33:31.454] [exthost] [warning] [Decorations] CAPPING events from decorations provider vscode.git 1005
[2022-08-09 17:33:40.021] [exthost] [warning] [Decorations] CAPPING events from decorations provider vscode.git 1005
[2022-08-09 17:33:48.627] [exthost] [warning] [Decorations] CAPPING events from decorations provider vscode.git 1005
[2022-08-09 17:33:57.507] [exthost] [warning] [Decorations] CAPPING events from decorations provider vscode.git 1005
[2022-08-09 17:34:06.079] [exthost] [warning] [Decorations] CAPPING events from decorations provider vscode.git 1005
[2022-08-09 17:34:14.814] [exthost] [warning] [Decorations] CAPPING events from decorations provider vscode.git 1005
[2022-08-09 17:34:23.400] [exthost] [warning] [Decorations] CAPPING events from decorations provider vscode.git 1005
[2022-08-09 17:34:32.013] [exthost] [warning] [Decorations] CAPPING events from decorations provider vscode.git 1005
[2022-08-09 17:34:40.689] [exthost] [warning] [Decorations] CAPPING events from decorations provider vscode.git 1005
[2022-08-09 17:34:49.290] [exthost] [warning] [Decorations] CAPPING events from decorations provider vscode.git 1005
[2022-08-09 17:34:57.750] [exthost] [warning] [Decorations] CAPPING events from decorations provider vscode.git 1005
[2022-08-09 17:35:06.533] [exthost] [warning] [Decorations] CAPPING events from decorations provider vscode.git 1005
[2022-08-09 17:35:15.455] [exthost] [warning] [Decorations] CAPPING events from decorations provider vscode.git 1005
[2022-08-09 17:35:24.013] [exthost] [warning] [Decorations] CAPPING events from decorations provider vscode.git 1005
[2022-08-09 17:35:32.811] [exthost] [warning] [Decorations] CAPPING events from decorations provider vscode.git 1005
[2022-08-09 17:35:41.482] [exthost] [warning] [Decorations] CAPPING events from decorations provider vscode.git 1005
[2022-08-09 17:35:50.822] [exthost] [warning] [Decorations] CAPPING events from decorations provider vscode.git 1005
[2022-08-09 17:35:59.392] [exthost] [warning] [Decorations] CAPPING events from decorations provider vscode.git 1005
[2022-08-09 17:36:07.960] [exthost] [warning] [Decorations] CAPPING events from decorations provider vscode.git 1005
[2022-08-09 17:36:16.653] [exthost] [warning] [Decorations] CAPPING events from decorations provider vscode.git 1005
[2022-08-09 17:36:25.170] [exthost] [warning] [Decorations] CAPPING events from decorations provider vscode.git 1005
[2022-08-09 17:36:33.945] [exthost] [warning] [Decorations] CAPPING events from decorations provider vscode.git 1005
[2022-08-09 17:36:42.740] [exthost] [warning] [Decorations] CAPPING events from decorations provider vscode.git 1005
[2022-08-09 17:36:51.364] [exthost] [warning] [Decorations] CAPPING events from decorations provider vscode.git 1005
[2022-08-09 17:36:59.966] [exthost] [warning] [Decorations] CAPPING events from decorations provider vscode.git 1005
[2022-08-09 17:37:08.480] [exthost] [warning] [Decorations] CAPPING events from decorations provider vscode.git 1005
[2022-08-09 17:37:17.130] [exthost] [warning] [Decorations] CAPPING events from decorations provider vscode.git 1005
[2022-08-09 17:37:25.645] [exthost] [warning] [Decorations] CAPPING events from decorations provider vscode.git 1005
[2022-08-09 17:37:34.435] [exthost] [warning] [Decorations] CAPPING events from decorations provider vscode.git 1005
[2022-08-09 17:37:43.036] [exthost] [warning] [Decorations] CAPPING events from decorations provider vscode.git 1005
[2022-08-09 17:37:51.634] [exthost] [warning] [Decorations] CAPPING events from decorations provider vscode.git 1005
[2022-08-09 17:38:00.333] [exthost] [warning] [Decorations] CAPPING events from decorations provider vscode.git 1005
[2022-08-09 17:38:09.091] [exthost] [warning] [Decorations] CAPPING events from decorations provider vscode.git 1005
[2022-08-09 17:38:17.695] [exthost] [warning] [Decorations] CAPPING events from decorations provider vscode.git 1005
[2022-08-09 17:38:26.450] [exthost] [warning] [Decorations] CAPPING events from decorations provider vscode.git 1005
[2022-08-09 17:38:35.056] [exthost] [warning] [Decorations] CAPPING events from decorations provider vscode.git 1005
[2022-08-09 17:38:43.768] [exthost] [warning] [Decorations] CAPPING events from decorations provider vscode.git 1005
[2022-08-09 17:38:52.537] [exthost] [warning] [Decorations] CAPPING events from decorations provider vscode.git 1005
[2022-08-09 17:39:01.297] [exthost] [warning] [Decorations] CAPPING events from decorations provider vscode.git 1005
[2022-08-09 17:39:10.111] [exthost] [warning] [Decorations] CAPPING events from decorations provider vscode.git 1005
[2022-08-09 17:39:19.260] [exthost] [warning] [Decorations] CAPPING events from decorations provider vscode.git 1005
[2022-08-09 17:39:28.226] [exthost] [warning] [Decorations] CAPPING events from decorations provider vscode.git 1005
[2022-08-09 17:39:37.460] [exthost] [warning] [Decorations] CAPPING events from decorations provider vscode.git 1005
[2022-08-09 17:39:46.164] [exthost] [warning] [Decorations] CAPPING events from decorations provider vscode.git 1005
[2022-08-09 17:39:54.925] [exthost] [warning] [Decorations] CAPPING events from decorations provider vscode.git 1005
[2022-08-09 17:40:03.671] [exthost] [warning] [Decorations] CAPPING events from decorations provider vscode.git 1005
[2022-08-09 17:40:12.503] [exthost] [warning] [Decorations] CAPPING events from decorations provider vscode.git 1005
[2022-08-09 17:40:21.215] [exthost] [warning] [Decorations] CAPPING events from decorations provider vscode.git 1005
[2022-08-09 17:40:29.961] [exthost] [warning] [Decorations] CAPPING events from decorations provider vscode.git 1005
[2022-08-09 17:40:38.637] [exthost] [warning] [Decorations] CAPPING events from decorations provider vscode.git 1005
[2022-08-09 17:40:47.306] [exthost] [warning] [Decorations] CAPPING events from decorations provider vscode.git 1005
[2022-08-09 17:40:56.159] [exthost] [warning] [Decorations] CAPPING events from decorations provider vscode.git 1005
[2022-08-09 17:41:05.013] [exthost] [warning] [Decorations] CAPPING events from decorations provider vscode.git 1005
[2022-08-09 17:41:13.777] [exthost] [warning] [Decorations] CAPPING events from decorations provider vscode.git 1005
[2022-08-09 17:41:22.669] [exthost] [warning] [Decorations] CAPPING events from decorations provider vscode.git 1005
[2022-08-09 17:41:31.399] [exthost] [warning] [Decorations] CAPPING events from decorations provider vscode.git 1005
[2022-08-09 17:41:40.137] [exthost] [warning] [Decorations] CAPPING events from decorations provider vscode.git 1005
[2022-08-09 17:41:48.759] [exthost] [warning] [Decorations] CAPPING events from decorations provider vscode.git 1005
[2022-08-09 17:41:57.478] [exthost] [warning] [Decorations] CAPPING events from decorations provider vscode.git 1005
[2022-08-09 17:42:05.989] [exthost] [warning] [Decorations] CAPPING events from decorations provider vscode.git 1005
[2022-08-09 17:42:14.536] [exthost] [warning] [Decorations] CAPPING events from decorations provider vscode.git 1005
[2022-08-09 17:42:23.328] [exthost] [warning] [Decorations] CAPPING events from decorations provider vscode.git 1005
[2022-08-09 17:42:31.877] [exthost] [warning] [Decorations] CAPPING events from decorations provider vscode.git 1005
[2022-08-09 17:42:40.684] [exthost] [warning] [Decorations] CAPPING events from decorations provider vscode.git 1005
[2022-08-09 17:42:49.313] [exthost] [warning] [Decorations] CAPPING events from decorations provider vscode.git 1005
[2022-08-09 17:42:57.866] [exthost] [warning] [Decorations] CAPPING events from decorations provider vscode.git 1005
[2022-08-09 17:43:06.423] [exthost] [warning] [Decorations] CAPPING events from decorations provider vscode.git 1005
[2022-08-09 17:43:15.020] [exthost] [warning] [Decorations] CAPPING events from decorations provider vscode.git 1005
[2022-08-09 17:43:23.742] [exthost] [warning] [Decorations] CAPPING events from decorations provider vscode.git 1005
[2022-08-09 17:43:32.590] [exthost] [warning] [Decorations] CAPPING events from decorations provider vscode.git 1005
[2022-08-09 17:43:41.380] [exthost] [warning] [Decorations] CAPPING events from decorations provider vscode.git 1005
[2022-08-09 17:43:49.925] [exthost] [warning] [Decorations] CAPPING events from decorations provider vscode.git 1005
[2022-08-09 17:43:58.529] [exthost] [warning] [Decorations] CAPPING events from decorations provider vscode.git 1005
[2022-08-09 17:44:07.211] [exthost] [warning] [Decorations] CAPPING events from decorations provider vscode.git 1005
[2022-08-09 17:44:15.898] [exthost] [warning] [Decorations] CAPPING events from decorations provider vscode.git 1005
[2022-08-09 17:44:24.692] [exthost] [warning] [Decorations] CAPPING events from decorations provider vscode.git 1005
[2022-08-09 17:44:33.542] [exthost] [warning] [Decorations] CAPPING events from decorations provider vscode.git 1005
[2022-08-09 17:44:42.196] [exthost] [warning] [Decorations] CAPPING events from decorations provider vscode.git 1005
[2022-08-09 17:44:50.705] [exthost] [warning] [Decorations] CAPPING events from decorations provider vscode.git 1005
[2022-08-09 17:44:59.341] [exthost] [warning] [Decorations] CAPPING events from decorations provider vscode.git 1005
[2022-08-09 17:45:07.975] [exthost] [warning] [Decorations] CAPPING events from decorations provider vscode.git 1005
[2022-08-09 17:45:17.023] [exthost] [warning] [Decorations] CAPPING events from decorations provider vscode.git 1005
[2022-08-09 17:45:25.537] [exthost] [warning] [Decorations] CAPPING events from decorations provider vscode.git 1005
[2022-08-09 17:45:34.159] [exthost] [warning] [Decorations] CAPPING events from decorations provider vscode.git 1005
[2022-08-09 17:45:42.926] [exthost] [warning] [Decorations] CAPPING events from decorations provider vscode.git 1005
[2022-08-09 17:45:51.432] [exthost] [warning] [Decorations] CAPPING events from decorations provider vscode.git 1005
[2022-08-09 17:45:59.974] [exthost] [warning] [Decorations] CAPPING events from decorations provider vscode.git 1005
[2022-08-09 17:46:08.463] [exthost] [warning] [Decorations] CAPPING events from decorations provider vscode.git 1005
[2022-08-09 17:46:17.214] [exthost] [warning] [Decorations] CAPPING events from decorations provider vscode.git 1005
[2022-08-09 17:46:25.744] [exthost] [warning] [Decorations] CAPPING events from decorations provider vscode.git 1005
[2022-08-09 17:46:34.514] [exthost] [warning] [Decorations] CAPPING events from decorations provider vscode.git 1005
[2022-08-09 17:46:43.080] [exthost] [warning] [Decorations] CAPPING events from decorations provider vscode.git 1005
[2022-08-09 17:46:51.848] [exthost] [warning] [Decorations] CAPPING events from decorations provider vscode.git 1005
[2022-08-09 17:47:00.775] [exthost] [warning] [Decorations] CAPPING events from decorations provider vscode.git 1005
[2022-08-09 17:47:09.489] [exthost] [warning] [Decorations] CAPPING events from decorations provider vscode.git 1005
[2022-08-09 17:47:18.094] [exthost] [warning] [Decorations] CAPPING events from decorations provider vscode.git 1005
[2022-08-09 17:47:26.800] [exthost] [warning] [Decorations] CAPPING events from decorations provider vscode.git 1005
[2022-08-09 17:47:35.546] [exthost] [warning] [Decorations] CAPPING events from decorations provider vscode.git 1005
[2022-08-09 17:47:44.128] [exthost] [warning] [Decorations] CAPPING events from decorations provider vscode.git 1005
[2022-08-09 17:47:52.636] [exthost] [warning] [Decorations] CAPPING events from decorations provider vscode.git 1005
[2022-08-09 17:48:01.280] [exthost] [warning] [Decorations] CAPPING events from decorations provider vscode.git 1005
[2022-08-09 17:48:10.096] [exthost] [warning] [Decorations] CAPPING events from decorations provider vscode.git 1005
[2022-08-09 17:48:18.844] [exthost] [warning] [Decorations] CAPPING events from decorations provider vscode.git 1005
[2022-08-09 17:48:27.420] [exthost] [warning] [Decorations] CAPPING events from decorations provider vscode.git 1005
